<?xml version="1.0" encoding="UTF-8"?>
<testsuite xmlns:xsi="http://www.w3.org/2001/XMLSchema-instance" xsi:noNamespaceSchemaLocation="https://maven.apache.org/surefire/maven-surefire-plugin/xsd/surefire-test-report-3.0.xsd" version="3.0" name="TestSuite" time="254.213" tests="14" errors="0" skipped="0" failures="4">
  <properties>
    <property name="java.specification.version" value="17"/>
    <property name="sun.cpu.isalist" value="amd64"/>
    <property name="sun.jnu.encoding" value="Cp1252"/>
    <property name="java.class.path" value="C:\Users\Rahul Saha\Desktop\Web_Test_Automation-selenium_grid\target\test-classes;C:\Users\Rahul Saha\Desktop\Web_Test_Automation-selenium_grid\target\classes;C:\Users\Rahul Saha\.m2\repository\io\cucumber\cucumber-java\7.2.3\cucumber-java-7.2.3.jar;C:\Users\Rahul Saha\.m2\repository\io\cucumber\cucumber-core\7.2.3\cucumber-core-7.2.3.jar;C:\Users\Rahul Saha\.m2\repository\io\cucumber\cucumber-gherkin\7.2.3\cucumber-gherkin-7.2.3.jar;C:\Users\Rahul Saha\.m2\repository\io\cucumber\cucumber-gherkin-messages\7.2.3\cucumber-gherkin-messages-7.2.3.jar;C:\Users\Rahul Saha\.m2\repository\io\cucumber\messages\17.1.1\messages-17.1.1.jar;C:\Users\Rahul Saha\.m2\repository\io\cucumber\tag-expressions\4.1.0\tag-expressions-4.1.0.jar;C:\Users\Rahul Saha\.m2\repository\io\cucumber\cucumber-expressions\15.0.1\cucumber-expressions-15.0.1.jar;C:\Users\Rahul Saha\.m2\repository\io\cucumber\datatable\7.2.3\datatable-7.2.3.jar;C:\Users\Rahul Saha\.m2\repository\io\cucumber\cucumber-plugin\7.2.3\cucumber-plugin-7.2.3.jar;C:\Users\Rahul Saha\.m2\repository\io\cucumber\docstring\7.2.3\docstring-7.2.3.jar;C:\Users\Rahul Saha\.m2\repository\io\cucumber\html-formatter\17.0.0\html-formatter-17.0.0.jar;C:\Users\Rahul Saha\.m2\repository\io\cucumber\ci-environment\8.1.0\ci-environment-8.1.0.jar;C:\Users\Rahul Saha\.m2\repository\org\apiguardian\apiguardian-api\1.1.2\apiguardian-api-1.1.2.jar;C:\Users\Rahul Saha\.m2\repository\io\cucumber\cucumber-picocontainer\7.2.3\cucumber-picocontainer-7.2.3.jar;C:\Users\Rahul Saha\.m2\repository\org\picocontainer\picocontainer\2.15\picocontainer-2.15.jar;C:\Users\Rahul Saha\.m2\repository\io\cucumber\cucumber-testng\7.2.3\cucumber-testng-7.2.3.jar;C:\Users\Rahul Saha\.m2\repository\org\seleniumhq\selenium\selenium-java\4.1.3\selenium-java-4.1.3.jar;C:\Users\Rahul Saha\.m2\repository\org\seleniumhq\selenium\selenium-api\4.1.3\selenium-api-4.1.3.jar;C:\Users\Rahul Saha\.m2\repository\org\seleniumhq\selenium\selenium-chrome-driver\4.1.3\selenium-chrome-driver-4.1.3.jar;C:\Users\Rahul Saha\.m2\repository\com\google\auto\service\auto-service-annotations\1.0.1\auto-service-annotations-1.0.1.jar;C:\Users\Rahul Saha\.m2\repository\com\google\auto\service\auto-service\1.0.1\auto-service-1.0.1.jar;C:\Users\Rahul Saha\.m2\repository\com\google\auto\auto-common\1.2\auto-common-1.2.jar;C:\Users\Rahul Saha\.m2\repository\com\google\guava\guava\31.1-jre\guava-31.1-jre.jar;C:\Users\Rahul Saha\.m2\repository\com\google\guava\failureaccess\1.0.1\failureaccess-1.0.1.jar;C:\Users\Rahul Saha\.m2\repository\com\google\guava\listenablefuture\9999.0-empty-to-avoid-conflict-with-guava\listenablefuture-9999.0-empty-to-avoid-conflict-with-guava.jar;C:\Users\Rahul Saha\.m2\repository\com\google\code\findbugs\jsr305\3.0.2\jsr305-3.0.2.jar;C:\Users\Rahul Saha\.m2\repository\org\checkerframework\checker-qual\3.12.0\checker-qual-3.12.0.jar;C:\Users\Rahul Saha\.m2\repository\com\google\errorprone\error_prone_annotations\2.11.0\error_prone_annotations-2.11.0.jar;C:\Users\Rahul Saha\.m2\repository\com\google\j2objc\j2objc-annotations\1.3\j2objc-annotations-1.3.jar;C:\Users\Rahul Saha\.m2\repository\org\seleniumhq\selenium\selenium-chromium-driver\4.1.3\selenium-chromium-driver-4.1.3.jar;C:\Users\Rahul Saha\.m2\repository\org\seleniumhq\selenium\selenium-json\4.1.3\selenium-json-4.1.3.jar;C:\Users\Rahul Saha\.m2\repository\org\seleniumhq\selenium\selenium-devtools-v85\4.1.3\selenium-devtools-v85-4.1.3.jar;C:\Users\Rahul Saha\.m2\repository\org\seleniumhq\selenium\selenium-devtools-v97\4.1.3\selenium-devtools-v97-4.1.3.jar;C:\Users\Rahul Saha\.m2\repository\org\seleniumhq\selenium\selenium-devtools-v98\4.1.3\selenium-devtools-v98-4.1.3.jar;C:\Users\Rahul Saha\.m2\repository\org\seleniumhq\selenium\selenium-devtools-v99\4.1.3\selenium-devtools-v99-4.1.3.jar;C:\Users\Rahul Saha\.m2\repository\org\seleniumhq\selenium\selenium-edge-driver\4.1.3\selenium-edge-driver-4.1.3.jar;C:\Users\Rahul Saha\.m2\repository\org\seleniumhq\selenium\selenium-firefox-driver\4.1.3\selenium-firefox-driver-4.1.3.jar;C:\Users\Rahul Saha\.m2\repository\org\seleniumhq\selenium\selenium-ie-driver\4.1.3\selenium-ie-driver-4.1.3.jar;C:\Users\Rahul Saha\.m2\repository\org\seleniumhq\selenium\selenium-opera-driver\4.1.3\selenium-opera-driver-4.1.3.jar;C:\Users\Rahul Saha\.m2\repository\org\seleniumhq\selenium\selenium-remote-driver\4.1.3\selenium-remote-driver-4.1.3.jar;C:\Users\Rahul Saha\.m2\repository\io\netty\netty-buffer\4.1.75.Final\netty-buffer-4.1.75.Final.jar;C:\Users\Rahul Saha\.m2\repository\io\netty\netty-codec-http\4.1.75.Final\netty-codec-http-4.1.75.Final.jar;C:\Users\Rahul Saha\.m2\repository\io\netty\netty-codec\4.1.75.Final\netty-codec-4.1.75.Final.jar;C:\Users\Rahul Saha\.m2\repository\io\netty\netty-handler\4.1.75.Final\netty-handler-4.1.75.Final.jar;C:\Users\Rahul Saha\.m2\repository\io\netty\netty-common\4.1.75.Final\netty-common-4.1.75.Final.jar;C:\Users\Rahul Saha\.m2\repository\io\netty\netty-transport-classes-epoll\4.1.75.Final\netty-transport-classes-epoll-4.1.75.Final.jar;C:\Users\Rahul Saha\.m2\repository\io\netty\netty-transport-classes-kqueue\4.1.75.Final\netty-transport-classes-kqueue-4.1.75.Final.jar;C:\Users\Rahul Saha\.m2\repository\io\netty\netty-transport-native-epoll\4.1.75.Final\netty-transport-native-epoll-4.1.75.Final.jar;C:\Users\Rahul Saha\.m2\repository\io\netty\netty-transport-native-kqueue\4.1.75.Final\netty-transport-native-kqueue-4.1.75.Final.jar;C:\Users\Rahul Saha\.m2\repository\io\netty\netty-transport-native-unix-common\4.1.75.Final\netty-transport-native-unix-common-4.1.75.Final.jar;C:\Users\Rahul Saha\.m2\repository\io\netty\netty-transport\4.1.75.Final\netty-transport-4.1.75.Final.jar;C:\Users\Rahul Saha\.m2\repository\io\netty\netty-resolver\4.1.75.Final\netty-resolver-4.1.75.Final.jar;C:\Users\Rahul Saha\.m2\repository\io\opentelemetry\opentelemetry-api\1.12.0\opentelemetry-api-1.12.0.jar;C:\Users\Rahul Saha\.m2\repository\io\opentelemetry\opentelemetry-context\1.12.0\opentelemetry-context-1.12.0.jar;C:\Users\Rahul Saha\.m2\repository\io\opentelemetry\opentelemetry-exporter-logging\1.12.0\opentelemetry-exporter-logging-1.12.0.jar;C:\Users\Rahul Saha\.m2\repository\io\opentelemetry\opentelemetry-sdk-metrics\1.12.0-alpha\opentelemetry-sdk-metrics-1.12.0-alpha.jar;C:\Users\Rahul Saha\.m2\repository\io\opentelemetry\opentelemetry-sdk-logs\1.12.0-alpha\opentelemetry-sdk-logs-1.12.0-alpha.jar;C:\Users\Rahul Saha\.m2\repository\io\opentelemetry\opentelemetry-sdk-common\1.12.0\opentelemetry-sdk-common-1.12.0.jar;C:\Users\Rahul Saha\.m2\repository\io\opentelemetry\opentelemetry-sdk-extension-autoconfigure-spi\1.12.0\opentelemetry-sdk-extension-autoconfigure-spi-1.12.0.jar;C:\Users\Rahul Saha\.m2\repository\io\opentelemetry\opentelemetry-sdk-extension-autoconfigure\1.12.0-alpha\opentelemetry-sdk-extension-autoconfigure-1.12.0-alpha.jar;C:\Users\Rahul Saha\.m2\repository\io\opentelemetry\opentelemetry-sdk-trace\1.12.0\opentelemetry-sdk-trace-1.12.0.jar;C:\Users\Rahul Saha\.m2\repository\io\opentelemetry\opentelemetry-sdk\1.12.0\opentelemetry-sdk-1.12.0.jar;C:\Users\Rahul Saha\.m2\repository\io\opentelemetry\opentelemetry-semconv\1.12.0-alpha\opentelemetry-semconv-1.12.0-alpha.jar;C:\Users\Rahul Saha\.m2\repository\io\ous\jtoml\2.0.0\jtoml-2.0.0.jar;C:\Users\Rahul Saha\.m2\repository\net\bytebuddy\byte-buddy\1.12.8\byte-buddy-1.12.8.jar;C:\Users\Rahul Saha\.m2\repository\org\apache\commons\commons-exec\1.3\commons-exec-1.3.jar;C:\Users\Rahul Saha\.m2\repository\org\asynchttpclient\async-http-client\2.12.3\async-http-client-2.12.3.jar;C:\Users\Rahul Saha\.m2\repository\org\asynchttpclient\async-http-client-netty-utils\2.12.3\async-http-client-netty-utils-2.12.3.jar;C:\Users\Rahul Saha\.m2\repository\io\netty\netty-codec-socks\4.1.60.Final\netty-codec-socks-4.1.60.Final.jar;C:\Users\Rahul Saha\.m2\repository\io\netty\netty-handler-proxy\4.1.60.Final\netty-handler-proxy-4.1.60.Final.jar;C:\Users\Rahul Saha\.m2\repository\io\netty\netty-transport-native-epoll\4.1.60.Final\netty-transport-native-epoll-4.1.60.Final-linux-x86_64.jar;C:\Users\Rahul Saha\.m2\repository\io\netty\netty-transport-native-kqueue\4.1.60.Final\netty-transport-native-kqueue-4.1.60.Final-osx-x86_64.jar;C:\Users\Rahul Saha\.m2\repository\com\typesafe\netty\netty-reactive-streams\2.0.4\netty-reactive-streams-2.0.4.jar;C:\Users\Rahul Saha\.m2\repository\com\sun\activation\jakarta.activation\1.2.2\jakarta.activation-1.2.2.jar;C:\Users\Rahul Saha\.m2\repository\org\seleniumhq\selenium\selenium-http\4.1.3\selenium-http-4.1.3.jar;C:\Users\Rahul Saha\.m2\repository\dev\failsafe\failsafe\3.2.3\failsafe-3.2.3.jar;C:\Users\Rahul Saha\.m2\repository\org\seleniumhq\selenium\selenium-safari-driver\4.1.3\selenium-safari-driver-4.1.3.jar;C:\Users\Rahul Saha\.m2\repository\org\seleniumhq\selenium\selenium-support\4.1.3\selenium-support-4.1.3.jar;C:\Users\Rahul Saha\.m2\repository\org\testng\testng\7.4.0\testng-7.4.0.jar;C:\Users\Rahul Saha\.m2\repository\com\beust\jcommander\1.78\jcommander-1.78.jar;C:\Users\Rahul Saha\.m2\repository\org\webjars\jquery\3.5.1\jquery-3.5.1.jar;C:\Users\Rahul Saha\.m2\repository\io\qameta\allure\allure-cucumber7-jvm\2.17.2\allure-cucumber7-jvm-2.17.2.jar;C:\Users\Rahul Saha\.m2\repository\io\qameta\allure\allure-java-commons\2.17.2\allure-java-commons-2.17.2.jar;C:\Users\Rahul Saha\.m2\repository\io\qameta\allure\allure-model\2.17.2\allure-model-2.17.2.jar;C:\Users\Rahul Saha\.m2\repository\io\cucumber\gherkin\22.0.0\gherkin-22.0.0.jar;C:\Users\Rahul Saha\.m2\repository\commons-io\commons-io\2.11.0\commons-io-2.11.0.jar;C:\Users\Rahul Saha\.m2\repository\com\aventstack\extentreports\5.0.9\extentreports-5.0.9.jar;C:\Users\Rahul Saha\.m2\repository\io\reactivex\rxjava3\rxjava\3.0.4\rxjava-3.0.4.jar;C:\Users\Rahul Saha\.m2\repository\org\reactivestreams\reactive-streams\1.0.3\reactive-streams-1.0.3.jar;C:\Users\Rahul Saha\.m2\repository\org\freemarker\freemarker\2.3.30\freemarker-2.3.30.jar;C:\Users\Rahul Saha\.m2\repository\com\google\code\gson\gson\2.8.6\gson-2.8.6.jar;C:\Users\Rahul Saha\.m2\repository\tech\grasshopper\extentreports-cucumber7-adapter\1.3.0\extentreports-cucumber7-adapter-1.3.0.jar;C:\Users\Rahul Saha\.m2\repository\tech\grasshopper\extent-pdf-report\2.1.0\extent-pdf-report-2.1.0.jar;C:\Users\Rahul Saha\.m2\repository\tech\grasshopper\cucumber-pdf-report\2.5.0\cucumber-pdf-report-2.5.0.jar;C:\Users\Rahul Saha\.m2\repository\org\apache\pdfbox\pdfbox\2.0.25\pdfbox-2.0.25.jar;C:\Users\Rahul Saha\.m2\repository\org\apache\pdfbox\fontbox\2.0.25\fontbox-2.0.25.jar;C:\Users\Rahul Saha\.m2\repository\org\knowm\xchart\xchart\3.8.0\xchart-3.8.0.jar;C:\Users\Rahul Saha\.m2\repository\de\erichseifert\vectorgraphics2d\VectorGraphics2D\0.13\VectorGraphics2D-0.13.jar;C:\Users\Rahul Saha\.m2\repository\de\rototor\pdfbox\graphics2d\0.30\graphics2d-0.30.jar;C:\Users\Rahul Saha\.m2\repository\com\madgag\animated-gif-lib\1.4\animated-gif-lib-1.4.jar;C:\Users\Rahul Saha\.m2\repository\org\yaml\snakeyaml\1.28\snakeyaml-1.28.jar;C:\Users\Rahul Saha\.m2\repository\tech\grasshopper\table-layout\1.4.0\table-layout-1.4.0.jar;C:\Users\Rahul Saha\.m2\repository\tech\grasshopper\rest-assured-cucumber-pdf-report\1.1.0\rest-assured-cucumber-pdf-report-1.1.0.jar;C:\Users\Rahul Saha\.m2\repository\org\jsoup\jsoup\1.13.1\jsoup-1.13.1.jar;C:\Users\Rahul Saha\.m2\repository\com\aventstack\klov-reporter\5.0.9\klov-reporter-5.0.9.jar;C:\Users\Rahul Saha\.m2\repository\org\mongodb\mongodb-driver\3.6.4\mongodb-driver-3.6.4.jar;C:\Users\Rahul Saha\.m2\repository\org\mongodb\mongodb-driver-core\3.6.4\mongodb-driver-core-3.6.4.jar;C:\Users\Rahul Saha\.m2\repository\org\mongodb\bson\3.6.4\bson-3.6.4.jar;C:\Users\Rahul Saha\.m2\repository\org\apache\httpcomponents\httpclient\4.5.13\httpclient-4.5.13.jar;C:\Users\Rahul Saha\.m2\repository\org\apache\httpcomponents\httpcore\4.4.13\httpcore-4.4.13.jar;C:\Users\Rahul Saha\.m2\repository\commons-logging\commons-logging\1.2\commons-logging-1.2.jar;C:\Users\Rahul Saha\.m2\repository\commons-codec\commons-codec\1.11\commons-codec-1.11.jar;C:\Users\Rahul Saha\.m2\repository\org\apache\httpcomponents\httpmime\4.5.13\httpmime-4.5.13.jar;C:\Users\Rahul Saha\.m2\repository\tech\grasshopper\htmlextentreporter\1.0.0\htmlextentreporter-1.0.0.jar;C:\Users\Rahul Saha\.m2\repository\org\hamcrest\hamcrest\2.2\hamcrest-2.2.jar;C:\Users\Rahul Saha\.m2\repository\ch\qos\logback\logback-classic\1.5.6\logback-classic-1.5.6.jar;C:\Users\Rahul Saha\.m2\repository\ch\qos\logback\logback-core\1.5.6\logback-core-1.5.6.jar;C:\Users\Rahul Saha\.m2\repository\org\slf4j\slf4j-api\2.0.13\slf4j-api-2.0.13.jar;C:\Users\Rahul Saha\.m2\repository\org\projectlombok\lombok\1.18.22\lombok-1.18.22.jar;C:\Users\Rahul Saha\.m2\repository\junit\junit\4.13.2\junit-4.13.2.jar;C:\Users\Rahul Saha\.m2\repository\org\hamcrest\hamcrest-core\1.3\hamcrest-core-1.3.jar;"/>
    <property name="java.vm.vendor" value="Oracle Corporation"/>
    <property name="sun.arch.data.model" value="64"/>
    <property name="user.variant" value=""/>
    <property name="java.vendor.url" value="https://java.oracle.com/"/>
    <property name="user.timezone" value="Asia/Dhaka"/>
    <property name="os.name" value="Windows 11"/>
    <property name="java.vm.specification.version" value="17"/>
    <property name="sun.java.launcher" value="SUN_STANDARD"/>
    <property name="user.country" value="US"/>
    <property name="allure.link.issue.pattern" value="https://example.org/browse/{}"/>
    <property name="sun.boot.library.path" value="C:\Program Files\Java\jdk-17.0.5\bin"/>
    <property name="sun.java.command" value="C:\Users\Rahul Saha\AppData\Local\Temp\surefire13895992803242846613\surefirebooter13085042004939440578.jar C:\Users\Rahul Saha\AppData\Local\Temp\surefire13895992803242846613 2024-08-27T11-48-29_618-jvmRun1 surefire2255653424794343057tmp surefire_04437053622811559857tmp"/>
    <property name="jdk.debug" value="release"/>
    <property name="surefire.test.class.path" value="C:\Users\Rahul Saha\Desktop\Web_Test_Automation-selenium_grid\target\test-classes;C:\Users\Rahul Saha\Desktop\Web_Test_Automation-selenium_grid\target\classes;C:\Users\Rahul Saha\.m2\repository\io\cucumber\cucumber-java\7.2.3\cucumber-java-7.2.3.jar;C:\Users\Rahul Saha\.m2\repository\io\cucumber\cucumber-core\7.2.3\cucumber-core-7.2.3.jar;C:\Users\Rahul Saha\.m2\repository\io\cucumber\cucumber-gherkin\7.2.3\cucumber-gherkin-7.2.3.jar;C:\Users\Rahul Saha\.m2\repository\io\cucumber\cucumber-gherkin-messages\7.2.3\cucumber-gherkin-messages-7.2.3.jar;C:\Users\Rahul Saha\.m2\repository\io\cucumber\messages\17.1.1\messages-17.1.1.jar;C:\Users\Rahul Saha\.m2\repository\io\cucumber\tag-expressions\4.1.0\tag-expressions-4.1.0.jar;C:\Users\Rahul Saha\.m2\repository\io\cucumber\cucumber-expressions\15.0.1\cucumber-expressions-15.0.1.jar;C:\Users\Rahul Saha\.m2\repository\io\cucumber\datatable\7.2.3\datatable-7.2.3.jar;C:\Users\Rahul Saha\.m2\repository\io\cucumber\cucumber-plugin\7.2.3\cucumber-plugin-7.2.3.jar;C:\Users\Rahul Saha\.m2\repository\io\cucumber\docstring\7.2.3\docstring-7.2.3.jar;C:\Users\Rahul Saha\.m2\repository\io\cucumber\html-formatter\17.0.0\html-formatter-17.0.0.jar;C:\Users\Rahul Saha\.m2\repository\io\cucumber\ci-environment\8.1.0\ci-environment-8.1.0.jar;C:\Users\Rahul Saha\.m2\repository\org\apiguardian\apiguardian-api\1.1.2\apiguardian-api-1.1.2.jar;C:\Users\Rahul Saha\.m2\repository\io\cucumber\cucumber-picocontainer\7.2.3\cucumber-picocontainer-7.2.3.jar;C:\Users\Rahul Saha\.m2\repository\org\picocontainer\picocontainer\2.15\picocontainer-2.15.jar;C:\Users\Rahul Saha\.m2\repository\io\cucumber\cucumber-testng\7.2.3\cucumber-testng-7.2.3.jar;C:\Users\Rahul Saha\.m2\repository\org\seleniumhq\selenium\selenium-java\4.1.3\selenium-java-4.1.3.jar;C:\Users\Rahul Saha\.m2\repository\org\seleniumhq\selenium\selenium-api\4.1.3\selenium-api-4.1.3.jar;C:\Users\Rahul Saha\.m2\repository\org\seleniumhq\selenium\selenium-chrome-driver\4.1.3\selenium-chrome-driver-4.1.3.jar;C:\Users\Rahul Saha\.m2\repository\com\google\auto\service\auto-service-annotations\1.0.1\auto-service-annotations-1.0.1.jar;C:\Users\Rahul Saha\.m2\repository\com\google\auto\service\auto-service\1.0.1\auto-service-1.0.1.jar;C:\Users\Rahul Saha\.m2\repository\com\google\auto\auto-common\1.2\auto-common-1.2.jar;C:\Users\Rahul Saha\.m2\repository\com\google\guava\guava\31.1-jre\guava-31.1-jre.jar;C:\Users\Rahul Saha\.m2\repository\com\google\guava\failureaccess\1.0.1\failureaccess-1.0.1.jar;C:\Users\Rahul Saha\.m2\repository\com\google\guava\listenablefuture\9999.0-empty-to-avoid-conflict-with-guava\listenablefuture-9999.0-empty-to-avoid-conflict-with-guava.jar;C:\Users\Rahul Saha\.m2\repository\com\google\code\findbugs\jsr305\3.0.2\jsr305-3.0.2.jar;C:\Users\Rahul Saha\.m2\repository\org\checkerframework\checker-qual\3.12.0\checker-qual-3.12.0.jar;C:\Users\Rahul Saha\.m2\repository\com\google\errorprone\error_prone_annotations\2.11.0\error_prone_annotations-2.11.0.jar;C:\Users\Rahul Saha\.m2\repository\com\google\j2objc\j2objc-annotations\1.3\j2objc-annotations-1.3.jar;C:\Users\Rahul Saha\.m2\repository\org\seleniumhq\selenium\selenium-chromium-driver\4.1.3\selenium-chromium-driver-4.1.3.jar;C:\Users\Rahul Saha\.m2\repository\org\seleniumhq\selenium\selenium-json\4.1.3\selenium-json-4.1.3.jar;C:\Users\Rahul Saha\.m2\repository\org\seleniumhq\selenium\selenium-devtools-v85\4.1.3\selenium-devtools-v85-4.1.3.jar;C:\Users\Rahul Saha\.m2\repository\org\seleniumhq\selenium\selenium-devtools-v97\4.1.3\selenium-devtools-v97-4.1.3.jar;C:\Users\Rahul Saha\.m2\repository\org\seleniumhq\selenium\selenium-devtools-v98\4.1.3\selenium-devtools-v98-4.1.3.jar;C:\Users\Rahul Saha\.m2\repository\org\seleniumhq\selenium\selenium-devtools-v99\4.1.3\selenium-devtools-v99-4.1.3.jar;C:\Users\Rahul Saha\.m2\repository\org\seleniumhq\selenium\selenium-edge-driver\4.1.3\selenium-edge-driver-4.1.3.jar;C:\Users\Rahul Saha\.m2\repository\org\seleniumhq\selenium\selenium-firefox-driver\4.1.3\selenium-firefox-driver-4.1.3.jar;C:\Users\Rahul Saha\.m2\repository\org\seleniumhq\selenium\selenium-ie-driver\4.1.3\selenium-ie-driver-4.1.3.jar;C:\Users\Rahul Saha\.m2\repository\org\seleniumhq\selenium\selenium-opera-driver\4.1.3\selenium-opera-driver-4.1.3.jar;C:\Users\Rahul Saha\.m2\repository\org\seleniumhq\selenium\selenium-remote-driver\4.1.3\selenium-remote-driver-4.1.3.jar;C:\Users\Rahul Saha\.m2\repository\io\netty\netty-buffer\4.1.75.Final\netty-buffer-4.1.75.Final.jar;C:\Users\Rahul Saha\.m2\repository\io\netty\netty-codec-http\4.1.75.Final\netty-codec-http-4.1.75.Final.jar;C:\Users\Rahul Saha\.m2\repository\io\netty\netty-codec\4.1.75.Final\netty-codec-4.1.75.Final.jar;C:\Users\Rahul Saha\.m2\repository\io\netty\netty-handler\4.1.75.Final\netty-handler-4.1.75.Final.jar;C:\Users\Rahul Saha\.m2\repository\io\netty\netty-common\4.1.75.Final\netty-common-4.1.75.Final.jar;C:\Users\Rahul Saha\.m2\repository\io\netty\netty-transport-classes-epoll\4.1.75.Final\netty-transport-classes-epoll-4.1.75.Final.jar;C:\Users\Rahul Saha\.m2\repository\io\netty\netty-transport-classes-kqueue\4.1.75.Final\netty-transport-classes-kqueue-4.1.75.Final.jar;C:\Users\Rahul Saha\.m2\repository\io\netty\netty-transport-native-epoll\4.1.75.Final\netty-transport-native-epoll-4.1.75.Final.jar;C:\Users\Rahul Saha\.m2\repository\io\netty\netty-transport-native-kqueue\4.1.75.Final\netty-transport-native-kqueue-4.1.75.Final.jar;C:\Users\Rahul Saha\.m2\repository\io\netty\netty-transport-native-unix-common\4.1.75.Final\netty-transport-native-unix-common-4.1.75.Final.jar;C:\Users\Rahul Saha\.m2\repository\io\netty\netty-transport\4.1.75.Final\netty-transport-4.1.75.Final.jar;C:\Users\Rahul Saha\.m2\repository\io\netty\netty-resolver\4.1.75.Final\netty-resolver-4.1.75.Final.jar;C:\Users\Rahul Saha\.m2\repository\io\opentelemetry\opentelemetry-api\1.12.0\opentelemetry-api-1.12.0.jar;C:\Users\Rahul Saha\.m2\repository\io\opentelemetry\opentelemetry-context\1.12.0\opentelemetry-context-1.12.0.jar;C:\Users\Rahul Saha\.m2\repository\io\opentelemetry\opentelemetry-exporter-logging\1.12.0\opentelemetry-exporter-logging-1.12.0.jar;C:\Users\Rahul Saha\.m2\repository\io\opentelemetry\opentelemetry-sdk-metrics\1.12.0-alpha\opentelemetry-sdk-metrics-1.12.0-alpha.jar;C:\Users\Rahul Saha\.m2\repository\io\opentelemetry\opentelemetry-sdk-logs\1.12.0-alpha\opentelemetry-sdk-logs-1.12.0-alpha.jar;C:\Users\Rahul Saha\.m2\repository\io\opentelemetry\opentelemetry-sdk-common\1.12.0\opentelemetry-sdk-common-1.12.0.jar;C:\Users\Rahul Saha\.m2\repository\io\opentelemetry\opentelemetry-sdk-extension-autoconfigure-spi\1.12.0\opentelemetry-sdk-extension-autoconfigure-spi-1.12.0.jar;C:\Users\Rahul Saha\.m2\repository\io\opentelemetry\opentelemetry-sdk-extension-autoconfigure\1.12.0-alpha\opentelemetry-sdk-extension-autoconfigure-1.12.0-alpha.jar;C:\Users\Rahul Saha\.m2\repository\io\opentelemetry\opentelemetry-sdk-trace\1.12.0\opentelemetry-sdk-trace-1.12.0.jar;C:\Users\Rahul Saha\.m2\repository\io\opentelemetry\opentelemetry-sdk\1.12.0\opentelemetry-sdk-1.12.0.jar;C:\Users\Rahul Saha\.m2\repository\io\opentelemetry\opentelemetry-semconv\1.12.0-alpha\opentelemetry-semconv-1.12.0-alpha.jar;C:\Users\Rahul Saha\.m2\repository\io\ous\jtoml\2.0.0\jtoml-2.0.0.jar;C:\Users\Rahul Saha\.m2\repository\net\bytebuddy\byte-buddy\1.12.8\byte-buddy-1.12.8.jar;C:\Users\Rahul Saha\.m2\repository\org\apache\commons\commons-exec\1.3\commons-exec-1.3.jar;C:\Users\Rahul Saha\.m2\repository\org\asynchttpclient\async-http-client\2.12.3\async-http-client-2.12.3.jar;C:\Users\Rahul Saha\.m2\repository\org\asynchttpclient\async-http-client-netty-utils\2.12.3\async-http-client-netty-utils-2.12.3.jar;C:\Users\Rahul Saha\.m2\repository\io\netty\netty-codec-socks\4.1.60.Final\netty-codec-socks-4.1.60.Final.jar;C:\Users\Rahul Saha\.m2\repository\io\netty\netty-handler-proxy\4.1.60.Final\netty-handler-proxy-4.1.60.Final.jar;C:\Users\Rahul Saha\.m2\repository\io\netty\netty-transport-native-epoll\4.1.60.Final\netty-transport-native-epoll-4.1.60.Final-linux-x86_64.jar;C:\Users\Rahul Saha\.m2\repository\io\netty\netty-transport-native-kqueue\4.1.60.Final\netty-transport-native-kqueue-4.1.60.Final-osx-x86_64.jar;C:\Users\Rahul Saha\.m2\repository\com\typesafe\netty\netty-reactive-streams\2.0.4\netty-reactive-streams-2.0.4.jar;C:\Users\Rahul Saha\.m2\repository\com\sun\activation\jakarta.activation\1.2.2\jakarta.activation-1.2.2.jar;C:\Users\Rahul Saha\.m2\repository\org\seleniumhq\selenium\selenium-http\4.1.3\selenium-http-4.1.3.jar;C:\Users\Rahul Saha\.m2\repository\dev\failsafe\failsafe\3.2.3\failsafe-3.2.3.jar;C:\Users\Rahul Saha\.m2\repository\org\seleniumhq\selenium\selenium-safari-driver\4.1.3\selenium-safari-driver-4.1.3.jar;C:\Users\Rahul Saha\.m2\repository\org\seleniumhq\selenium\selenium-support\4.1.3\selenium-support-4.1.3.jar;C:\Users\Rahul Saha\.m2\repository\org\testng\testng\7.4.0\testng-7.4.0.jar;C:\Users\Rahul Saha\.m2\repository\com\beust\jcommander\1.78\jcommander-1.78.jar;C:\Users\Rahul Saha\.m2\repository\org\webjars\jquery\3.5.1\jquery-3.5.1.jar;C:\Users\Rahul Saha\.m2\repository\io\qameta\allure\allure-cucumber7-jvm\2.17.2\allure-cucumber7-jvm-2.17.2.jar;C:\Users\Rahul Saha\.m2\repository\io\qameta\allure\allure-java-commons\2.17.2\allure-java-commons-2.17.2.jar;C:\Users\Rahul Saha\.m2\repository\io\qameta\allure\allure-model\2.17.2\allure-model-2.17.2.jar;C:\Users\Rahul Saha\.m2\repository\io\cucumber\gherkin\22.0.0\gherkin-22.0.0.jar;C:\Users\Rahul Saha\.m2\repository\commons-io\commons-io\2.11.0\commons-io-2.11.0.jar;C:\Users\Rahul Saha\.m2\repository\com\aventstack\extentreports\5.0.9\extentreports-5.0.9.jar;C:\Users\Rahul Saha\.m2\repository\io\reactivex\rxjava3\rxjava\3.0.4\rxjava-3.0.4.jar;C:\Users\Rahul Saha\.m2\repository\org\reactivestreams\reactive-streams\1.0.3\reactive-streams-1.0.3.jar;C:\Users\Rahul Saha\.m2\repository\org\freemarker\freemarker\2.3.30\freemarker-2.3.30.jar;C:\Users\Rahul Saha\.m2\repository\com\google\code\gson\gson\2.8.6\gson-2.8.6.jar;C:\Users\Rahul Saha\.m2\repository\tech\grasshopper\extentreports-cucumber7-adapter\1.3.0\extentreports-cucumber7-adapter-1.3.0.jar;C:\Users\Rahul Saha\.m2\repository\tech\grasshopper\extent-pdf-report\2.1.0\extent-pdf-report-2.1.0.jar;C:\Users\Rahul Saha\.m2\repository\tech\grasshopper\cucumber-pdf-report\2.5.0\cucumber-pdf-report-2.5.0.jar;C:\Users\Rahul Saha\.m2\repository\org\apache\pdfbox\pdfbox\2.0.25\pdfbox-2.0.25.jar;C:\Users\Rahul Saha\.m2\repository\org\apache\pdfbox\fontbox\2.0.25\fontbox-2.0.25.jar;C:\Users\Rahul Saha\.m2\repository\org\knowm\xchart\xchart\3.8.0\xchart-3.8.0.jar;C:\Users\Rahul Saha\.m2\repository\de\erichseifert\vectorgraphics2d\VectorGraphics2D\0.13\VectorGraphics2D-0.13.jar;C:\Users\Rahul Saha\.m2\repository\de\rototor\pdfbox\graphics2d\0.30\graphics2d-0.30.jar;C:\Users\Rahul Saha\.m2\repository\com\madgag\animated-gif-lib\1.4\animated-gif-lib-1.4.jar;C:\Users\Rahul Saha\.m2\repository\org\yaml\snakeyaml\1.28\snakeyaml-1.28.jar;C:\Users\Rahul Saha\.m2\repository\tech\grasshopper\table-layout\1.4.0\table-layout-1.4.0.jar;C:\Users\Rahul Saha\.m2\repository\tech\grasshopper\rest-assured-cucumber-pdf-report\1.1.0\rest-assured-cucumber-pdf-report-1.1.0.jar;C:\Users\Rahul Saha\.m2\repository\org\jsoup\jsoup\1.13.1\jsoup-1.13.1.jar;C:\Users\Rahul Saha\.m2\repository\com\aventstack\klov-reporter\5.0.9\klov-reporter-5.0.9.jar;C:\Users\Rahul Saha\.m2\repository\org\mongodb\mongodb-driver\3.6.4\mongodb-driver-3.6.4.jar;C:\Users\Rahul Saha\.m2\repository\org\mongodb\mongodb-driver-core\3.6.4\mongodb-driver-core-3.6.4.jar;C:\Users\Rahul Saha\.m2\repository\org\mongodb\bson\3.6.4\bson-3.6.4.jar;C:\Users\Rahul Saha\.m2\repository\org\apache\httpcomponents\httpclient\4.5.13\httpclient-4.5.13.jar;C:\Users\Rahul Saha\.m2\repository\org\apache\httpcomponents\httpcore\4.4.13\httpcore-4.4.13.jar;C:\Users\Rahul Saha\.m2\repository\commons-logging\commons-logging\1.2\commons-logging-1.2.jar;C:\Users\Rahul Saha\.m2\repository\commons-codec\commons-codec\1.11\commons-codec-1.11.jar;C:\Users\Rahul Saha\.m2\repository\org\apache\httpcomponents\httpmime\4.5.13\httpmime-4.5.13.jar;C:\Users\Rahul Saha\.m2\repository\tech\grasshopper\htmlextentreporter\1.0.0\htmlextentreporter-1.0.0.jar;C:\Users\Rahul Saha\.m2\repository\org\hamcrest\hamcrest\2.2\hamcrest-2.2.jar;C:\Users\Rahul Saha\.m2\repository\ch\qos\logback\logback-classic\1.5.6\logback-classic-1.5.6.jar;C:\Users\Rahul Saha\.m2\repository\ch\qos\logback\logback-core\1.5.6\logback-core-1.5.6.jar;C:\Users\Rahul Saha\.m2\repository\org\slf4j\slf4j-api\2.0.13\slf4j-api-2.0.13.jar;C:\Users\Rahul Saha\.m2\repository\org\projectlombok\lombok\1.18.22\lombok-1.18.22.jar;C:\Users\Rahul Saha\.m2\repository\junit\junit\4.13.2\junit-4.13.2.jar;C:\Users\Rahul Saha\.m2\repository\org\hamcrest\hamcrest-core\1.3\hamcrest-core-1.3.jar;"/>
    <property name="sun.cpu.endian" value="little"/>
    <property name="allure.results.directory" value="allure-results"/>
    <property name="user.home" value="C:\Users\Rahul Saha"/>
    <property name="user.language" value="en"/>
    <property name="java.specification.vendor" value="Oracle Corporation"/>
    <property name="java.version.date" value="2022-10-18"/>
    <property name="java.home" value="C:\Program Files\Java\jdk-17.0.5"/>
    <property name="file.separator" value="\"/>
    <property name="allure.link.tms.pattern" value="https://example.org/browse/{}"/>
    <property name="basedir" value="C:\Users\Rahul Saha\Desktop\Web_Test_Automation-selenium_grid"/>
    <property name="java.vm.compressedOopsMode" value="Zero based"/>
    <property name="line.separator" value="&#10;"/>
    <property name="java.vm.specification.vendor" value="Oracle Corporation"/>
    <property name="java.specification.name" value="Java Platform API Specification"/>
    <property name="surefire.real.class.path" value="C:\Users\Rahul Saha\AppData\Local\Temp\surefire13895992803242846613\surefirebooter13085042004939440578.jar"/>
    <property name="user.script" value=""/>
    <property name="sun.management.compiler" value="HotSpot 64-Bit Tiered Compilers"/>
    <property name="java.runtime.version" value="17.0.5+9-LTS-191"/>
    <property name="user.name" value="CRS"/>
    <property name="path.separator" value=";"/>
    <property name="otel.metrics.exporter" value="none"/>
    <property name="os.version" value="10.0"/>
    <property name="java.runtime.name" value="Java(TM) SE Runtime Environment"/>
    <property name="otel.traces.exporter" value="none"/>
    <property name="file.encoding" value="Cp1252"/>
    <property name="java.vm.name" value="Java HotSpot(TM) 64-Bit Server VM"/>
    <property name="localRepository" value="C:\Users\Rahul Saha\.m2\repository"/>
    <property name="cucumber.options" value="--plugin io.qameta.allure.cucumber7jvm.AllureCucumber7Jvm"/>
    <property name="java.vendor.url.bug" value="https://bugreport.java.com/bugreport/"/>
    <property name="java.io.tmpdir" value="C:\Users\RAHULS~1\AppData\Local\Temp\"/>
    <property name="java.version" value="17.0.5"/>
    <property name="user.dir" value="C:\Users\Rahul Saha\Desktop\Web_Test_Automation-selenium_grid"/>
    <property name="os.arch" value="amd64"/>
    <property name="webdriver.gecko.driver" value="src/test/resources/geckodriver.exe"/>
    <property name="java.vm.specification.name" value="Java Virtual Machine Specification"/>
    <property name="sun.os.patch.level" value=""/>
    <property name="native.encoding" value="Cp1252"/>
    <property name="java.library.path" value="C:\Program Files\Java\jdk-17.0.5\bin;C:\WINDOWS\Sun\Java\bin;C:\WINDOWS\system32;C:\WINDOWS;C:\Program Files\Python310\Scripts\;C:\Program Files\Python310\;C:\Program Files\Common Files\Oracle\Java\javapath;C:\Windows\system32;C:\Windows;C:\Windows\System32\Wbem;C:\Windows\System32\WindowsPowerShell\v1.0\;C:\Windows\System32\OpenSSH\;C:\Program Files (x86)\NVIDIA Corporation\PhysX\Common;C:\Program Files\NVIDIA Corporation\NVIDIA NvDLISR;C:\Program Files\Java\jdk-17.0.5\bin;C:\WINDOWS\system32;C:\WINDOWS;C:\WINDOWS\System32\Wbem;C:\WINDOWS\System32\WindowsPowerShell\v1.0\;C:\WINDOWS\System32\OpenSSH\;C:\Program Files\dotnet\;C:\Program Files\Microsoft SQL Server\130\Tools\Binn\;C:\ProgramData\chocolatey\bin;C:\Users\LENOVO\AppData\Local\Programs\Python\Python39\Scripts;C:\Users\LENOVO\AppData\Local\Programs\Python\Python39;C:\Users\LENOVO\AppData\Local\Programs\Python\Python38;C:\Users\LENOVO\AppData\Local\Programs\Python\Python38\Scripts;C:\allure-commandline-2.20.1\allure-2.20.1\bin;C:\apache-maven-3.8.6\bin;C:\Program Files\Git\cmd;C:\WINDOWS\system32;C:\WINDOWS;C:\WINDOWS\System32\Wbem;C:\WINDOWS\System32\WindowsPowerShell\v1.0\;C:\WINDOWS\System32\OpenSSH\;C:\Users\Rahul Saha\AppData\Roaming\npm\node_modules\newman;C:\Windows\System32\node_modules\newman;C:\Users\Administrator\AppData\Roaming\npm\node_modules\appium\node_modules\.bin;C:\Users\Rahul Saha\AppData\Local\Android\Sdk\platforms;C:\Users\Rahul Saha\AppData\Local\Android\Sdk\platform-tools;C:\Program Files (x86)\Google\Cloud SDK\google-cloud-sdk\bin;C:\Program Files\Docker\Docker\resources\bin;C:\Program Files\nodejs\;C:\Users\Rahul Saha\AppData\Local\Microsoft\WindowsApps;C:\Users\Rahul Saha\AppData\Local\Programs\Microsoft VS Code\bin;C:\Users\Rahul Saha\AppData\Local\GitHubDesktop\bin;C:\Users\Rahul Saha\AppData\Roaming\npm;C:\Program Files\JetBrains\IntelliJ IDEA Community Edition 2024.2.0.2\bin;;."/>
    <property name="java.vm.info" value="mixed mode, sharing"/>
    <property name="java.vendor" value="Oracle Corporation"/>
    <property name="java.vm.version" value="17.0.5+9-LTS-191"/>
    <property name="sun.io.unicode.encoding" value="UnicodeLittle"/>
    <property name="java.class.version" value="61.0"/>
  </properties>
  <testcase name="runScenario[&quot;View With Category Field&quot;, &quot;Optional[Verify Daraz works properly]&quot;](1)" classname="TestRunner.TestRunner" time="26.37">
    <failure message="no such element: Unable to locate element: {&quot;method&quot;:&quot;xpath&quot;,&quot;selector&quot;:&quot;//p[normalize-space()=&apos;Routers&apos;]&quot;}&#10;  (Session info: chrome=128.0.6613.85)&#10;For documentation on this error, please visit: https://selenium.dev/exceptions/#no_such_element&#10;Build info: version: &apos;4.1.3&apos;, revision: &apos;7b1ebf28ef&apos;&#10;System info: host: &apos;DESKTOP-BVQA7TS&apos;, ip: &apos;192.168.56.1&apos;, os.name: &apos;Windows 11&apos;, os.arch: &apos;amd64&apos;, os.version: &apos;10.0&apos;, java.version: &apos;17.0.5&apos;&#10;Driver info: org.openqa.selenium.remote.RemoteWebDriver&#10;Command: [b62650e45bf5abe071c881e21c1318bb, findElement {using=xpath, value=//p[normalize-space()=&apos;Routers&apos;]}]&#10;Capabilities {acceptInsecureCerts: false, browserName: chrome, browserVersion: 128.0.6613.85, chrome: {chromedriverVersion: 128.0.6613.84 (606aa55c7d68..., userDataDir: C:\Users\RAHULS~1\AppData\L...}, fedcm:accounts: true, goog:chromeOptions: {debuggerAddress: localhost:49598}, javascriptEnabled: true, networkConnectionEnabled: false, pageLoadStrategy: normal, platform: XP, platformName: XP, proxy: Proxy(), se:bidiEnabled: false, se:cdp: ws://localhost:4444/session..., se:cdpVersion: 128.0.6613.85, setWindowRect: true, strictFileInteractability: false, timeouts: {implicit: 0, pageLoad: 300000, script: 30000}, unhandledPromptBehavior: dismiss and notify, webauthn:extension:credBlob: true, webauthn:extension:largeBlob: true, webauthn:extension:minPinLength: true, webauthn:extension:prf: true, webauthn:virtualAuthenticators: true}&#10;Session ID: b62650e45bf5abe071c881e21c1318bb" type="org.openqa.selenium.NoSuchElementException"><![CDATA[org.openqa.selenium.NoSuchElementException: 
no such element: Unable to locate element: {"method":"xpath","selector":"//p[normalize-space()='Routers']"}
  (Session info: chrome=128.0.6613.85)
For documentation on this error, please visit: https://selenium.dev/exceptions/#no_such_element
Build info: version: '4.1.3', revision: '7b1ebf28ef'
System info: host: 'DESKTOP-BVQA7TS', ip: '192.168.56.1', os.name: 'Windows 11', os.arch: 'amd64', os.version: '10.0', java.version: '17.0.5'
Driver info: org.openqa.selenium.remote.RemoteWebDriver
Command: [b62650e45bf5abe071c881e21c1318bb, findElement {using=xpath, value=//p[normalize-space()='Routers']}]
Capabilities {acceptInsecureCerts: false, browserName: chrome, browserVersion: 128.0.6613.85, chrome: {chromedriverVersion: 128.0.6613.84 (606aa55c7d68..., userDataDir: C:\Users\RAHULS~1\AppData\L...}, fedcm:accounts: true, goog:chromeOptions: {debuggerAddress: localhost:49598}, javascriptEnabled: true, networkConnectionEnabled: false, pageLoadStrategy: normal, platform: XP, platformName: XP, proxy: Proxy(), se:bidiEnabled: false, se:cdp: ws://localhost:4444/session..., se:cdpVersion: 128.0.6613.85, setWindowRect: true, strictFileInteractability: false, timeouts: {implicit: 0, pageLoad: 300000, script: 30000}, unhandledPromptBehavior: dismiss and notify, webauthn:extension:credBlob: true, webauthn:extension:largeBlob: true, webauthn:extension:minPinLength: true, webauthn:extension:prf: true, webauthn:virtualAuthenticators: true}
Session ID: b62650e45bf5abe071c881e21c1318bb
]]></failure>
    <system-out><![CDATA[11:48:31.702 [TestNG-PoolService-2] DEBUG io.netty.util.internal.logging.InternalLoggerFactory -- Using SLF4J as the default logging framework
11:48:31.709 [TestNG-PoolService-2] DEBUG io.netty.util.ResourceLeakDetector -- -Dio.netty.leakDetection.level: simple
11:48:31.709 [TestNG-PoolService-2] DEBUG io.netty.util.ResourceLeakDetector -- -Dio.netty.leakDetection.targetRecords: 4
11:48:31.713 [TestNG-PoolService-2] DEBUG io.netty.util.ResourceLeakDetectorFactory -- Loaded default ResourceLeakDetector: io.netty.util.ResourceLeakDetector@17ce8639
11:48:31.730 [TestNG-PoolService-2] DEBUG io.netty.util.internal.PlatformDependent0 -- -Dio.netty.noUnsafe: false
11:48:31.730 [TestNG-PoolService-2] DEBUG io.netty.util.internal.PlatformDependent0 -- Java version: 17
11:48:31.732 [TestNG-PoolService-2] DEBUG io.netty.util.internal.PlatformDependent0 -- sun.misc.Unsafe.theUnsafe: available
11:48:31.733 [TestNG-PoolService-2] DEBUG io.netty.util.internal.PlatformDependent0 -- sun.misc.Unsafe.copyMemory: available
11:48:31.733 [TestNG-PoolService-2] DEBUG io.netty.util.internal.PlatformDependent0 -- java.nio.Buffer.address: available
11:48:31.734 [TestNG-PoolService-2] DEBUG io.netty.util.internal.PlatformDependent0 -- direct buffer constructor: unavailable: Reflective setAccessible(true) disabled
11:48:31.735 [TestNG-PoolService-2] DEBUG io.netty.util.internal.PlatformDependent0 -- java.nio.Bits.unaligned: available, true
11:48:31.735 [TestNG-PoolService-2] DEBUG io.netty.util.internal.PlatformDependent0 -- jdk.internal.misc.Unsafe.allocateUninitializedArray(int): unavailable: class io.netty.util.internal.PlatformDependent0$6 cannot access class jdk.internal.misc.Unsafe (in module java.base) because module java.base does not export jdk.internal.misc to unnamed module @77afea7d
11:48:31.736 [TestNG-PoolService-2] DEBUG io.netty.util.internal.PlatformDependent0 -- java.nio.DirectByteBuffer.<init>(long, int): unavailable
11:48:31.736 [TestNG-PoolService-2] DEBUG io.netty.util.internal.PlatformDependent -- sun.misc.Unsafe: available
11:48:31.737 [TestNG-PoolService-2] DEBUG io.netty.util.internal.PlatformDependent -- maxDirectMemory: 5301600256 bytes (maybe)
11:48:31.738 [TestNG-PoolService-2] DEBUG io.netty.util.internal.PlatformDependent -- -Dio.netty.tmpdir: C:\Users\RAHULS~1\AppData\Local\Temp (java.io.tmpdir)
11:48:31.738 [TestNG-PoolService-2] DEBUG io.netty.util.internal.PlatformDependent -- -Dio.netty.bitMode: 64 (sun.arch.data.model)
11:48:31.738 [TestNG-PoolService-2] DEBUG io.netty.util.internal.PlatformDependent -- Platform: Windows
11:48:31.739 [TestNG-PoolService-2] DEBUG io.netty.util.internal.PlatformDependent -- -Dio.netty.maxDirectMemory: -1 bytes
11:48:31.739 [TestNG-PoolService-2] DEBUG io.netty.util.internal.PlatformDependent -- -Dio.netty.uninitializedArrayAllocationThreshold: -1
11:48:31.740 [TestNG-PoolService-2] DEBUG io.netty.util.internal.CleanerJava9 -- java.nio.ByteBuffer.cleaner(): available
11:48:31.740 [TestNG-PoolService-2] DEBUG io.netty.util.internal.PlatformDependent -- -Dio.netty.noPreferDirect: false
11:48:31.747 [TestNG-PoolService-2] DEBUG io.netty.util.internal.PlatformDependent -- org.jctools-core.MpscChunkedArrayQueue: available
11:48:31.769 [TestNG-PoolService-2] DEBUG io.netty.util.internal.InternalThreadLocalMap -- -Dio.netty.threadLocalMap.stringBuilder.initialSize: 1024
11:48:31.770 [TestNG-PoolService-2] DEBUG io.netty.util.internal.InternalThreadLocalMap -- -Dio.netty.threadLocalMap.stringBuilder.maxSize: 4096
11:48:31.927 [TestNG-PoolService-2] DEBUG io.netty.handler.ssl.JdkSslContext -- Default protocols (JDK): [TLSv1.3, TLSv1.2] 
11:48:31.928 [TestNG-PoolService-2] DEBUG io.netty.handler.ssl.JdkSslContext -- Default cipher suites (JDK): [TLS_ECDHE_ECDSA_WITH_AES_256_GCM_SHA384, TLS_ECDHE_ECDSA_WITH_AES_128_GCM_SHA256, TLS_ECDHE_RSA_WITH_AES_128_GCM_SHA256, TLS_ECDHE_RSA_WITH_AES_256_GCM_SHA384, TLS_ECDHE_RSA_WITH_AES_128_CBC_SHA, TLS_ECDHE_RSA_WITH_AES_256_CBC_SHA, TLS_RSA_WITH_AES_128_GCM_SHA256, TLS_RSA_WITH_AES_128_CBC_SHA, TLS_RSA_WITH_AES_256_CBC_SHA, TLS_AES_128_GCM_SHA256, TLS_AES_256_GCM_SHA384]
11:48:31.959 [TestNG-PoolService-2] DEBUG io.netty.channel.MultithreadEventLoopGroup -- -Dio.netty.eventLoopThreads: 16
11:48:31.966 [TestNG-PoolService-2] DEBUG io.netty.channel.nio.NioEventLoop -- -Dio.netty.noKeySetOptimization: false
11:48:31.967 [TestNG-PoolService-2] DEBUG io.netty.channel.nio.NioEventLoop -- -Dio.netty.selectorAutoRebuildThreshold: 512
11:48:32.033 [TestNG-PoolService-2] DEBUG io.netty.buffer.PooledByteBufAllocator -- -Dio.netty.allocator.numHeapArenas: 16
11:48:32.033 [TestNG-PoolService-2] DEBUG io.netty.buffer.PooledByteBufAllocator -- -Dio.netty.allocator.numDirectArenas: 16
11:48:32.033 [TestNG-PoolService-2] DEBUG io.netty.buffer.PooledByteBufAllocator -- -Dio.netty.allocator.pageSize: 8192
11:48:32.033 [TestNG-PoolService-2] DEBUG io.netty.buffer.PooledByteBufAllocator -- -Dio.netty.allocator.maxOrder: 9
11:48:32.033 [TestNG-PoolService-2] DEBUG io.netty.buffer.PooledByteBufAllocator -- -Dio.netty.allocator.chunkSize: 4194304
11:48:32.033 [TestNG-PoolService-2] DEBUG io.netty.buffer.PooledByteBufAllocator -- -Dio.netty.allocator.smallCacheSize: 256
11:48:32.033 [TestNG-PoolService-2] DEBUG io.netty.buffer.PooledByteBufAllocator -- -Dio.netty.allocator.normalCacheSize: 64
11:48:32.033 [TestNG-PoolService-2] DEBUG io.netty.buffer.PooledByteBufAllocator -- -Dio.netty.allocator.maxCachedBufferCapacity: 32768
11:48:32.034 [TestNG-PoolService-2] DEBUG io.netty.buffer.PooledByteBufAllocator -- -Dio.netty.allocator.cacheTrimInterval: 8192
11:48:32.034 [TestNG-PoolService-2] DEBUG io.netty.buffer.PooledByteBufAllocator -- -Dio.netty.allocator.cacheTrimIntervalMillis: 0
11:48:32.034 [TestNG-PoolService-2] DEBUG io.netty.buffer.PooledByteBufAllocator -- -Dio.netty.allocator.useCacheForAllThreads: false
11:48:32.034 [TestNG-PoolService-2] DEBUG io.netty.buffer.PooledByteBufAllocator -- -Dio.netty.allocator.maxCachedByteBuffersPerChunk: 1023
11:48:32.044 [TestNG-PoolService-2] DEBUG io.netty.buffer.ByteBufUtil -- -Dio.netty.allocator.type: pooled
11:48:32.044 [TestNG-PoolService-2] DEBUG io.netty.buffer.ByteBufUtil -- -Dio.netty.threadLocalDirectBufferSize: 0
11:48:32.044 [TestNG-PoolService-2] DEBUG io.netty.buffer.ByteBufUtil -- -Dio.netty.maxThreadLocalCharBufferSize: 16384
11:48:32.419 [Forwarding newSession on session null to remote] DEBUG io.netty.channel.DefaultChannelId -- -Dio.netty.processId: 20788 (auto-detected)
11:48:32.420 [Forwarding newSession on session null to remote] DEBUG io.netty.util.NetUtil -- -Djava.net.preferIPv4Stack: false
11:48:32.420 [Forwarding newSession on session null to remote] DEBUG io.netty.util.NetUtil -- -Djava.net.preferIPv6Addresses: false
11:48:32.434 [Forwarding newSession on session null to remote] DEBUG io.netty.util.NetUtilInitializations -- Loopback interface: lo (Software Loopback Interface 1, 127.0.0.1)
11:48:32.435 [Forwarding newSession on session null to remote] DEBUG io.netty.util.NetUtil -- Failed to get SOMAXCONN from sysctl and file \proc\sys\net\core\somaxconn. Default: 200
11:48:32.486 [Forwarding newSession on session null to remote] DEBUG io.netty.channel.DefaultChannelId -- -Dio.netty.machineId: c4:23:60:ff:fe:1c:00:07 (auto-detected)
11:48:32.527 [AsyncHttpClient-1-2] DEBUG io.netty.buffer.AbstractByteBuf -- -Dio.netty.buffer.checkAccessible: true
11:48:32.527 [AsyncHttpClient-1-2] DEBUG io.netty.buffer.AbstractByteBuf -- -Dio.netty.buffer.checkBounds: true
11:48:32.527 [AsyncHttpClient-1-2] DEBUG io.netty.util.ResourceLeakDetectorFactory -- Loaded default ResourceLeakDetector: io.netty.util.ResourceLeakDetector@17815b4b
11:48:32.538 [AsyncHttpClient-1-2] DEBUG org.asynchttpclient.netty.channel.NettyConnectListener -- Using new Channel '[id: 0x96cd561f, L:/127.0.0.1:49586 - R:localhost/127.0.0.1:4444]' for 'POST' to '/wd/hub/session'
11:48:32.538 [AsyncHttpClient-1-4] DEBUG org.asynchttpclient.netty.channel.NettyConnectListener -- Using new Channel '[id: 0x6569de87, L:/127.0.0.1:49585 - R:localhost/127.0.0.1:4444]' for 'POST' to '/wd/hub/session'
11:48:32.538 [AsyncHttpClient-1-3] DEBUG org.asynchttpclient.netty.channel.NettyConnectListener -- Using new Channel '[id: 0x18146819, L:/127.0.0.1:49584 - R:localhost/127.0.0.1:4444]' for 'POST' to '/wd/hub/session'
11:48:32.551 [AsyncHttpClient-1-4] DEBUG io.netty.util.Recycler -- -Dio.netty.recycler.maxCapacityPerThread: 4096
11:48:32.551 [AsyncHttpClient-1-4] DEBUG io.netty.util.Recycler -- -Dio.netty.recycler.ratio: 8
11:48:32.551 [AsyncHttpClient-1-4] DEBUG io.netty.util.Recycler -- -Dio.netty.recycler.chunkSize: 32
11:48:32.551 [AsyncHttpClient-1-4] DEBUG io.netty.util.Recycler -- -Dio.netty.recycler.blocking: false
11:48:34.287 [AsyncHttpClient-1-2] DEBUG io.netty.handler.codec.compression.Brotli -- brotli4j not in the classpath; Brotli support will be unavailable.
11:48:34.288 [AsyncHttpClient-1-2] DEBUG org.asynchttpclient.netty.handler.HttpHandler -- 

Request DefaultHttpRequest(decodeResult: success, version: HTTP/1.1)
POST /wd/hub/session HTTP/1.1
User-Agent: selenium/4.1.3 (java windows)
traceparent: 00-156759c6d3294e405c7ba92a0817c853-03bc30176485a39f-01
Content-Length: 341
Content-Type: application/json; charset=utf-8
host: localhost:4444
accept: */*

Response DefaultHttpResponse(decodeResult: success, version: HTTP/1.1)
HTTP/1.1 200 OK
Cache-Control: no-cache
Content-Type: application/json; charset=utf-8
content-length: 1350

11:48:34.300 [AsyncHttpClient-1-2] DEBUG org.asynchttpclient.netty.channel.ChannelManager -- Adding key: http://localhost:4444 for channel [id: 0x96cd561f, L:/127.0.0.1:49586 - R:localhost/127.0.0.1:4444]
11:48:34.503 [AsyncHttpClient-1-4] DEBUG org.asynchttpclient.netty.handler.HttpHandler -- 

Request DefaultHttpRequest(decodeResult: success, version: HTTP/1.1)
POST /wd/hub/session HTTP/1.1
User-Agent: selenium/4.1.3 (java windows)
traceparent: 00-65a35b1ec626623aaac345c7333a68bc-467785cc52087d82-01
Content-Length: 341
Content-Type: application/json; charset=utf-8
host: localhost:4444
accept: */*

Response DefaultHttpResponse(decodeResult: success, version: HTTP/1.1)
HTTP/1.1 200 OK
Cache-Control: no-cache
Content-Type: application/json; charset=utf-8
content-length: 1350

11:48:34.504 [AsyncHttpClient-1-4] DEBUG org.asynchttpclient.netty.channel.ChannelManager -- Adding key: http://localhost:4444 for channel [id: 0x6569de87, L:/127.0.0.1:49585 - R:localhost/127.0.0.1:4444]
11:48:34.589 [Forwarding setTimeout on session c92b95a2dd478a0090ecfbd288cb1b72 to remote] DEBUG org.asynchttpclient.netty.request.NettyRequestSender -- Using pooled Channel '[id: 0x6569de87, L:/127.0.0.1:49585 - R:localhost/127.0.0.1:4444]' for 'POST' to 'http://localhost:4444/wd/hub/session/c92b95a2dd478a0090ecfbd288cb1b72/timeouts'
11:48:34.589 [Forwarding setTimeout on session c92b95a2dd478a0090ecfbd288cb1b72 to remote] DEBUG org.asynchttpclient.netty.request.NettyRequestSender -- Using open Channel [id: 0x6569de87, L:/127.0.0.1:49585 - R:localhost/127.0.0.1:4444] for POST '/wd/hub/session/c92b95a2dd478a0090ecfbd288cb1b72/timeouts'
11:48:34.590 [Forwarding setTimeout on session b62650e45bf5abe071c881e21c1318bb to remote] DEBUG org.asynchttpclient.netty.request.NettyRequestSender -- Using pooled Channel '[id: 0x96cd561f, L:/127.0.0.1:49586 - R:localhost/127.0.0.1:4444]' for 'POST' to 'http://localhost:4444/wd/hub/session/b62650e45bf5abe071c881e21c1318bb/timeouts'
11:48:34.590 [AsyncHttpClient-1-3] DEBUG org.asynchttpclient.netty.handler.HttpHandler -- 

Request DefaultHttpRequest(decodeResult: success, version: HTTP/1.1)
POST /wd/hub/session HTTP/1.1
User-Agent: selenium/4.1.3 (java windows)
traceparent: 00-cc2b5a77162b514f34acfa5b02255a8c-cd2daa45bad1f50f-01
Content-Length: 341
Content-Type: application/json; charset=utf-8
host: localhost:4444
accept: */*

Response DefaultHttpResponse(decodeResult: success, version: HTTP/1.1)
HTTP/1.1 200 OK
Cache-Control: no-cache
Content-Type: application/json; charset=utf-8
content-length: 1351

11:48:34.591 [Forwarding setTimeout on session b62650e45bf5abe071c881e21c1318bb to remote] DEBUG org.asynchttpclient.netty.request.NettyRequestSender -- Using open Channel [id: 0x96cd561f, L:/127.0.0.1:49586 - R:localhost/127.0.0.1:4444] for POST '/wd/hub/session/b62650e45bf5abe071c881e21c1318bb/timeouts'
11:48:34.591 [AsyncHttpClient-1-3] DEBUG org.asynchttpclient.netty.channel.ChannelManager -- Adding key: http://localhost:4444 for channel [id: 0x18146819, L:/127.0.0.1:49584 - R:localhost/127.0.0.1:4444]
11:48:34.606 [Forwarding setTimeout on session f029d7028ed5684762df860f040bd6cc to remote] DEBUG org.asynchttpclient.netty.request.NettyRequestSender -- Using pooled Channel '[id: 0x18146819, L:/127.0.0.1:49584 - R:localhost/127.0.0.1:4444]' for 'POST' to 'http://localhost:4444/wd/hub/session/f029d7028ed5684762df860f040bd6cc/timeouts'
11:48:34.607 [Forwarding setTimeout on session f029d7028ed5684762df860f040bd6cc to remote] DEBUG org.asynchttpclient.netty.request.NettyRequestSender -- Using open Channel [id: 0x18146819, L:/127.0.0.1:49584 - R:localhost/127.0.0.1:4444] for POST '/wd/hub/session/f029d7028ed5684762df860f040bd6cc/timeouts'
11:48:34.646 [AsyncHttpClient-1-4] DEBUG org.asynchttpclient.netty.handler.HttpHandler -- 

Request DefaultHttpRequest(decodeResult: success, version: HTTP/1.1)
POST /wd/hub/session/c92b95a2dd478a0090ecfbd288cb1b72/timeouts HTTP/1.1
User-Agent: selenium/4.1.3 (java windows)
traceparent: 00-e3ac5fdd4a3aa27e271822195f26d371-20be3d21f25fcfdd-01
Content-Length: 22
Content-Type: application/json; charset=utf-8
host: localhost:4444
accept: */*

Response DefaultHttpResponse(decodeResult: success, version: HTTP/1.1)
HTTP/1.1 200 OK
content-type: application/json; charset=utf-8
cache-control: no-cache
content-length: 14

11:48:34.646 [AsyncHttpClient-1-4] DEBUG org.asynchttpclient.netty.channel.ChannelManager -- Adding key: http://localhost:4444 for channel [id: 0x6569de87, L:/127.0.0.1:49585 - R:localhost/127.0.0.1:4444]
11:48:34.647 [AsyncHttpClient-1-3] DEBUG org.asynchttpclient.netty.handler.HttpHandler -- 

Request DefaultHttpRequest(decodeResult: success, version: HTTP/1.1)
POST /wd/hub/session/f029d7028ed5684762df860f040bd6cc/timeouts HTTP/1.1
User-Agent: selenium/4.1.3 (java windows)
traceparent: 00-7a3999453baa6d90ff53032291bde3cc-35aaa83d6d459a3f-01
Content-Length: 22
Content-Type: application/json; charset=utf-8
host: localhost:4444
accept: */*

Response DefaultHttpResponse(decodeResult: success, version: HTTP/1.1)
HTTP/1.1 200 OK
content-type: application/json; charset=utf-8
cache-control: no-cache
content-length: 14

11:48:34.648 [AsyncHttpClient-1-3] DEBUG org.asynchttpclient.netty.channel.ChannelManager -- Adding key: http://localhost:4444 for channel [id: 0x18146819, L:/127.0.0.1:49584 - R:localhost/127.0.0.1:4444]
11:48:34.654 [Forwarding maximizeCurrentWindow on session f029d7028ed5684762df860f040bd6cc to remote] DEBUG org.asynchttpclient.netty.request.NettyRequestSender -- Using pooled Channel '[id: 0x18146819, L:/127.0.0.1:49584 - R:localhost/127.0.0.1:4444]' for 'POST' to 'http://localhost:4444/wd/hub/session/f029d7028ed5684762df860f040bd6cc/window/maximize'
11:48:34.655 [Forwarding maximizeCurrentWindow on session f029d7028ed5684762df860f040bd6cc to remote] DEBUG org.asynchttpclient.netty.request.NettyRequestSender -- Using open Channel [id: 0x18146819, L:/127.0.0.1:49584 - R:localhost/127.0.0.1:4444] for POST '/wd/hub/session/f029d7028ed5684762df860f040bd6cc/window/maximize'
11:48:34.656 [Forwarding maximizeCurrentWindow on session c92b95a2dd478a0090ecfbd288cb1b72 to remote] DEBUG org.asynchttpclient.netty.request.NettyRequestSender -- Using pooled Channel '[id: 0x6569de87, L:/127.0.0.1:49585 - R:localhost/127.0.0.1:4444]' for 'POST' to 'http://localhost:4444/wd/hub/session/c92b95a2dd478a0090ecfbd288cb1b72/window/maximize'
11:48:34.656 [Forwarding maximizeCurrentWindow on session c92b95a2dd478a0090ecfbd288cb1b72 to remote] DEBUG org.asynchttpclient.netty.request.NettyRequestSender -- Using open Channel [id: 0x6569de87, L:/127.0.0.1:49585 - R:localhost/127.0.0.1:4444] for POST '/wd/hub/session/c92b95a2dd478a0090ecfbd288cb1b72/window/maximize'
11:48:34.665 [AsyncHttpClient-1-2] DEBUG org.asynchttpclient.netty.handler.HttpHandler -- 

Request DefaultHttpRequest(decodeResult: success, version: HTTP/1.1)
POST /wd/hub/session/b62650e45bf5abe071c881e21c1318bb/timeouts HTTP/1.1
User-Agent: selenium/4.1.3 (java windows)
traceparent: 00-026f4e931dfd00d5186457a8987f021f-fc61d3c12c128ae6-01
Content-Length: 22
Content-Type: application/json; charset=utf-8
host: localhost:4444
accept: */*

Response DefaultHttpResponse(decodeResult: success, version: HTTP/1.1)
HTTP/1.1 200 OK
content-type: application/json; charset=utf-8
cache-control: no-cache
content-length: 14

11:48:34.666 [AsyncHttpClient-1-2] DEBUG org.asynchttpclient.netty.channel.ChannelManager -- Adding key: http://localhost:4444 for channel [id: 0x96cd561f, L:/127.0.0.1:49586 - R:localhost/127.0.0.1:4444]
11:48:34.671 [Forwarding maximizeCurrentWindow on session b62650e45bf5abe071c881e21c1318bb to remote] DEBUG org.asynchttpclient.netty.request.NettyRequestSender -- Using pooled Channel '[id: 0x96cd561f, L:/127.0.0.1:49586 - R:localhost/127.0.0.1:4444]' for 'POST' to 'http://localhost:4444/wd/hub/session/b62650e45bf5abe071c881e21c1318bb/window/maximize'
11:48:34.671 [Forwarding maximizeCurrentWindow on session b62650e45bf5abe071c881e21c1318bb to remote] DEBUG org.asynchttpclient.netty.request.NettyRequestSender -- Using open Channel [id: 0x96cd561f, L:/127.0.0.1:49586 - R:localhost/127.0.0.1:4444] for POST '/wd/hub/session/b62650e45bf5abe071c881e21c1318bb/window/maximize'
11:48:34.740 [AsyncHttpClient-1-3] DEBUG org.asynchttpclient.netty.handler.HttpHandler -- 

Request DefaultHttpRequest(decodeResult: success, version: HTTP/1.1)
POST /wd/hub/session/f029d7028ed5684762df860f040bd6cc/window/maximize HTTP/1.1
User-Agent: selenium/4.1.3 (java windows)
traceparent: 00-8bb9f1dc26e14b64944178c45072de13-3206d0660e661af1-01
Content-Length: 3
Content-Type: application/json; charset=utf-8
host: localhost:4444
accept: */*

Response DefaultHttpResponse(decodeResult: success, version: HTTP/1.1)
HTTP/1.1 200 OK
content-type: application/json; charset=utf-8
cache-control: no-cache
content-length: 50

11:48:34.740 [AsyncHttpClient-1-3] DEBUG org.asynchttpclient.netty.channel.ChannelManager -- Adding key: http://localhost:4444 for channel [id: 0x18146819, L:/127.0.0.1:49584 - R:localhost/127.0.0.1:4444]
11:48:34.745 [AsyncHttpClient-1-2] DEBUG org.asynchttpclient.netty.handler.HttpHandler -- 

Request DefaultHttpRequest(decodeResult: success, version: HTTP/1.1)
POST /wd/hub/session/b62650e45bf5abe071c881e21c1318bb/window/maximize HTTP/1.1
User-Agent: selenium/4.1.3 (java windows)
traceparent: 00-821e46ab68ce92dcb0efc81cb52c98ad-a4889ec89271f67c-01
Content-Length: 3
Content-Type: application/json; charset=utf-8
host: localhost:4444
accept: */*

Response DefaultHttpResponse(decodeResult: success, version: HTTP/1.1)
HTTP/1.1 200 OK
content-type: application/json; charset=utf-8
cache-control: no-cache
content-length: 50

11:48:34.747 [AsyncHttpClient-1-2] DEBUG org.asynchttpclient.netty.channel.ChannelManager -- Adding key: http://localhost:4444 for channel [id: 0x96cd561f, L:/127.0.0.1:49586 - R:localhost/127.0.0.1:4444]
11:48:34.747 [Forwarding get on session f029d7028ed5684762df860f040bd6cc to remote] DEBUG org.asynchttpclient.netty.request.NettyRequestSender -- Using pooled Channel '[id: 0x18146819, L:/127.0.0.1:49584 - R:localhost/127.0.0.1:4444]' for 'POST' to 'http://localhost:4444/wd/hub/session/f029d7028ed5684762df860f040bd6cc/url'
11:48:34.749 [Forwarding get on session f029d7028ed5684762df860f040bd6cc to remote] DEBUG org.asynchttpclient.netty.request.NettyRequestSender -- Using open Channel [id: 0x18146819, L:/127.0.0.1:49584 - R:localhost/127.0.0.1:4444] for POST '/wd/hub/session/f029d7028ed5684762df860f040bd6cc/url'
11:48:34.752 [AsyncHttpClient-1-4] DEBUG org.asynchttpclient.netty.handler.HttpHandler -- 

Request DefaultHttpRequest(decodeResult: success, version: HTTP/1.1)
POST /wd/hub/session/c92b95a2dd478a0090ecfbd288cb1b72/window/maximize HTTP/1.1
User-Agent: selenium/4.1.3 (java windows)
traceparent: 00-64fc17ca7d5b11b86ec1122fdbaed5ff-095d31e85864ffb2-01
Content-Length: 3
Content-Type: application/json; charset=utf-8
host: localhost:4444
accept: */*

Response DefaultHttpResponse(decodeResult: success, version: HTTP/1.1)
HTTP/1.1 200 OK
content-type: application/json; charset=utf-8
cache-control: no-cache
content-length: 50

11:48:34.754 [AsyncHttpClient-1-4] DEBUG org.asynchttpclient.netty.channel.ChannelManager -- Adding key: http://localhost:4444 for channel [id: 0x6569de87, L:/127.0.0.1:49585 - R:localhost/127.0.0.1:4444]
11:48:34.762 [Forwarding get on session b62650e45bf5abe071c881e21c1318bb to remote] DEBUG org.asynchttpclient.netty.request.NettyRequestSender -- Using pooled Channel '[id: 0x6569de87, L:/127.0.0.1:49585 - R:localhost/127.0.0.1:4444]' for 'POST' to 'http://localhost:4444/wd/hub/session/b62650e45bf5abe071c881e21c1318bb/url'
11:48:34.763 [Forwarding get on session b62650e45bf5abe071c881e21c1318bb to remote] DEBUG org.asynchttpclient.netty.request.NettyRequestSender -- Using open Channel [id: 0x6569de87, L:/127.0.0.1:49585 - R:localhost/127.0.0.1:4444] for POST '/wd/hub/session/b62650e45bf5abe071c881e21c1318bb/url'
11:48:34.770 [Forwarding get on session c92b95a2dd478a0090ecfbd288cb1b72 to remote] DEBUG org.asynchttpclient.netty.request.NettyRequestSender -- Using pooled Channel '[id: 0x96cd561f, L:/127.0.0.1:49586 - R:localhost/127.0.0.1:4444]' for 'POST' to 'http://localhost:4444/wd/hub/session/c92b95a2dd478a0090ecfbd288cb1b72/url'
11:48:34.770 [Forwarding get on session c92b95a2dd478a0090ecfbd288cb1b72 to remote] DEBUG org.asynchttpclient.netty.request.NettyRequestSender -- Using open Channel [id: 0x96cd561f, L:/127.0.0.1:49586 - R:localhost/127.0.0.1:4444] for POST '/wd/hub/session/c92b95a2dd478a0090ecfbd288cb1b72/url'
11:48:42.025 [AsyncHttpClient-1-4] DEBUG org.asynchttpclient.netty.handler.HttpHandler -- 

Request DefaultHttpRequest(decodeResult: success, version: HTTP/1.1)
POST /wd/hub/session/b62650e45bf5abe071c881e21c1318bb/url HTTP/1.1
User-Agent: selenium/4.1.3 (java windows)
traceparent: 00-039b475cfc60b1263a2204412231b8ca-fa7d1d1e31f9aed0-01
Content-Length: 57
Content-Type: application/json; charset=utf-8
host: localhost:4444
accept: */*

Response DefaultHttpResponse(decodeResult: success, version: HTTP/1.1)
HTTP/1.1 200 OK
content-type: application/json; charset=utf-8
cache-control: no-cache
content-length: 14

11:48:42.026 [AsyncHttpClient-1-4] DEBUG org.asynchttpclient.netty.channel.ChannelManager -- Adding key: http://localhost:4444 for channel [id: 0x6569de87, L:/127.0.0.1:49585 - R:localhost/127.0.0.1:4444]
11:48:42.043 [Forwarding getCurrentUrl on session b62650e45bf5abe071c881e21c1318bb to remote] DEBUG org.asynchttpclient.netty.request.NettyRequestSender -- Using pooled Channel '[id: 0x6569de87, L:/127.0.0.1:49585 - R:localhost/127.0.0.1:4444]' for 'GET' to 'http://localhost:4444/wd/hub/session/b62650e45bf5abe071c881e21c1318bb/url'
11:48:42.044 [Forwarding getCurrentUrl on session b62650e45bf5abe071c881e21c1318bb to remote] DEBUG org.asynchttpclient.netty.request.NettyRequestSender -- Using open Channel [id: 0x6569de87, L:/127.0.0.1:49585 - R:localhost/127.0.0.1:4444] for GET '/wd/hub/session/b62650e45bf5abe071c881e21c1318bb/url'
11:48:42.055 [AsyncHttpClient-1-2] DEBUG org.asynchttpclient.netty.handler.HttpHandler -- 

Request DefaultHttpRequest(decodeResult: success, version: HTTP/1.1)
POST /wd/hub/session/c92b95a2dd478a0090ecfbd288cb1b72/url HTTP/1.1
User-Agent: selenium/4.1.3 (java windows)
traceparent: 00-7b45a9e5a0d0e9a8a365fd6ee757bb56-15fa221ccf2f8764-01
Content-Length: 57
Content-Type: application/json; charset=utf-8
host: localhost:4444
accept: */*

Response DefaultHttpResponse(decodeResult: success, version: HTTP/1.1)
HTTP/1.1 200 OK
content-type: application/json; charset=utf-8
cache-control: no-cache
content-length: 14

11:48:42.056 [AsyncHttpClient-1-2] DEBUG org.asynchttpclient.netty.channel.ChannelManager -- Adding key: http://localhost:4444 for channel [id: 0x96cd561f, L:/127.0.0.1:49586 - R:localhost/127.0.0.1:4444]
11:48:42.059 [Forwarding getCurrentUrl on session c92b95a2dd478a0090ecfbd288cb1b72 to remote] DEBUG org.asynchttpclient.netty.request.NettyRequestSender -- Using pooled Channel '[id: 0x96cd561f, L:/127.0.0.1:49586 - R:localhost/127.0.0.1:4444]' for 'GET' to 'http://localhost:4444/wd/hub/session/c92b95a2dd478a0090ecfbd288cb1b72/url'
11:48:42.060 [Forwarding getCurrentUrl on session c92b95a2dd478a0090ecfbd288cb1b72 to remote] DEBUG org.asynchttpclient.netty.request.NettyRequestSender -- Using open Channel [id: 0x96cd561f, L:/127.0.0.1:49586 - R:localhost/127.0.0.1:4444] for GET '/wd/hub/session/c92b95a2dd478a0090ecfbd288cb1b72/url'
11:48:42.074 [AsyncHttpClient-1-4] DEBUG org.asynchttpclient.netty.handler.HttpHandler -- 

Request DefaultFullHttpRequest(decodeResult: success, version: HTTP/1.1, content: EmptyByteBufBE)
GET /wd/hub/session/b62650e45bf5abe071c881e21c1318bb/url HTTP/1.1
User-Agent: selenium/4.1.3 (java windows)
Cache-Control: no-cache
traceparent: 00-e8bcc822d293a7a8c9fee07bbb339301-690863aebbe5a4fb-01
Content-Type: application/json; charset=utf-8
host: localhost:4444
accept: */*

Response DefaultHttpResponse(decodeResult: success, version: HTTP/1.1)
HTTP/1.1 200 OK
content-type: application/json; charset=utf-8
cache-control: no-cache
content-length: 34

11:48:42.075 [AsyncHttpClient-1-4] DEBUG org.asynchttpclient.netty.channel.ChannelManager -- Adding key: http://localhost:4444 for channel [id: 0x6569de87, L:/127.0.0.1:49585 - R:localhost/127.0.0.1:4444]
11:48:42.094 [AsyncHttpClient-1-2] DEBUG org.asynchttpclient.netty.handler.HttpHandler -- 

Request DefaultFullHttpRequest(decodeResult: success, version: HTTP/1.1, content: EmptyByteBufBE)
GET /wd/hub/session/c92b95a2dd478a0090ecfbd288cb1b72/url HTTP/1.1
User-Agent: selenium/4.1.3 (java windows)
Cache-Control: no-cache
traceparent: 00-d7169e5b479e893f8a3a6b40075b8ad9-d8982ab826f9bcf0-01
Content-Type: application/json; charset=utf-8
host: localhost:4444
accept: */*

Response DefaultHttpResponse(decodeResult: success, version: HTTP/1.1)
HTTP/1.1 200 OK
content-type: application/json; charset=utf-8
cache-control: no-cache
content-length: 34

11:48:42.095 [AsyncHttpClient-1-2] DEBUG org.asynchttpclient.netty.channel.ChannelManager -- Adding key: http://localhost:4444 for channel [id: 0x96cd561f, L:/127.0.0.1:49586 - R:localhost/127.0.0.1:4444]
11:48:42.101 [AsyncHttpClient-1-3] DEBUG org.asynchttpclient.netty.handler.HttpHandler -- 

Request DefaultHttpRequest(decodeResult: success, version: HTTP/1.1)
POST /wd/hub/session/f029d7028ed5684762df860f040bd6cc/url HTTP/1.1
User-Agent: selenium/4.1.3 (java windows)
traceparent: 00-b2e558967e940607926193fbf9d03394-28562fbec5a9231f-01
Content-Length: 57
Content-Type: application/json; charset=utf-8
host: localhost:4444
accept: */*

Response DefaultHttpResponse(decodeResult: success, version: HTTP/1.1)
HTTP/1.1 200 OK
content-type: application/json; charset=utf-8
cache-control: no-cache
content-length: 14

11:48:42.102 [AsyncHttpClient-1-3] DEBUG org.asynchttpclient.netty.channel.ChannelManager -- Adding key: http://localhost:4444 for channel [id: 0x18146819, L:/127.0.0.1:49584 - R:localhost/127.0.0.1:4444]
11:48:42.107 [Forwarding getCurrentUrl on session f029d7028ed5684762df860f040bd6cc to remote] DEBUG org.asynchttpclient.netty.request.NettyRequestSender -- Using pooled Channel '[id: 0x18146819, L:/127.0.0.1:49584 - R:localhost/127.0.0.1:4444]' for 'GET' to 'http://localhost:4444/wd/hub/session/f029d7028ed5684762df860f040bd6cc/url'
11:48:42.107 [Forwarding getCurrentUrl on session f029d7028ed5684762df860f040bd6cc to remote] DEBUG org.asynchttpclient.netty.request.NettyRequestSender -- Using open Channel [id: 0x18146819, L:/127.0.0.1:49584 - R:localhost/127.0.0.1:4444] for GET '/wd/hub/session/f029d7028ed5684762df860f040bd6cc/url'
11:48:42.136 [AsyncHttpClient-1-3] DEBUG org.asynchttpclient.netty.handler.HttpHandler -- 

Request DefaultFullHttpRequest(decodeResult: success, version: HTTP/1.1, content: EmptyByteBufBE)
GET /wd/hub/session/f029d7028ed5684762df860f040bd6cc/url HTTP/1.1
User-Agent: selenium/4.1.3 (java windows)
Cache-Control: no-cache
traceparent: 00-5c3e19ba8f94f6dd86b1532de61a4c97-658b97dd5b631ca5-01
Content-Type: application/json; charset=utf-8
host: localhost:4444
accept: */*

Response DefaultHttpResponse(decodeResult: success, version: HTTP/1.1)
HTTP/1.1 200 OK
content-type: application/json; charset=utf-8
cache-control: no-cache
content-length: 34

11:48:42.137 [AsyncHttpClient-1-3] DEBUG org.asynchttpclient.netty.channel.ChannelManager -- Adding key: http://localhost:4444 for channel [id: 0x18146819, L:/127.0.0.1:49584 - R:localhost/127.0.0.1:4444]
11:48:42.855 [AsyncHttpClient-1-1] DEBUG org.asynchttpclient.netty.channel.DefaultChannelPool -- Entry count for : http://localhost:4444 : 3
11:48:43.951 [AsyncHttpClient-1-1] DEBUG org.asynchttpclient.netty.channel.DefaultChannelPool -- Entry count for : http://localhost:4444 : 3
11:48:45.057 [AsyncHttpClient-1-1] DEBUG org.asynchttpclient.netty.channel.DefaultChannelPool -- Entry count for : http://localhost:4444 : 3
11:48:46.158 [AsyncHttpClient-1-1] DEBUG org.asynchttpclient.netty.channel.DefaultChannelPool -- Entry count for : http://localhost:4444 : 3
11:48:47.254 [AsyncHttpClient-1-1] DEBUG org.asynchttpclient.netty.channel.DefaultChannelPool -- Entry count for : http://localhost:4444 : 3
11:48:48.352 [AsyncHttpClient-1-1] DEBUG org.asynchttpclient.netty.channel.DefaultChannelPool -- Entry count for : http://localhost:4444 : 3
11:48:49.453 [AsyncHttpClient-1-1] DEBUG org.asynchttpclient.netty.channel.DefaultChannelPool -- Entry count for : http://localhost:4444 : 3
11:48:50.553 [AsyncHttpClient-1-1] DEBUG org.asynchttpclient.netty.channel.DefaultChannelPool -- Entry count for : http://localhost:4444 : 3
11:48:51.654 [AsyncHttpClient-1-1] DEBUG org.asynchttpclient.netty.channel.DefaultChannelPool -- Entry count for : http://localhost:4444 : 3
11:48:52.088 [Forwarding findElement on session b62650e45bf5abe071c881e21c1318bb to remote] DEBUG org.asynchttpclient.netty.request.NettyRequestSender -- Using pooled Channel '[id: 0x18146819, L:/127.0.0.1:49584 - R:localhost/127.0.0.1:4444]' for 'POST' to 'http://localhost:4444/wd/hub/session/b62650e45bf5abe071c881e21c1318bb/element'
11:48:52.089 [Forwarding findElement on session b62650e45bf5abe071c881e21c1318bb to remote] DEBUG org.asynchttpclient.netty.request.NettyRequestSender -- Using open Channel [id: 0x18146819, L:/127.0.0.1:49584 - R:localhost/127.0.0.1:4444] for POST '/wd/hub/session/b62650e45bf5abe071c881e21c1318bb/element'
11:48:52.104 [Forwarding findElement on session c92b95a2dd478a0090ecfbd288cb1b72 to remote] DEBUG org.asynchttpclient.netty.request.NettyRequestSender -- Using pooled Channel '[id: 0x96cd561f, L:/127.0.0.1:49586 - R:localhost/127.0.0.1:4444]' for 'POST' to 'http://localhost:4444/wd/hub/session/c92b95a2dd478a0090ecfbd288cb1b72/element'
11:48:52.105 [Forwarding findElement on session c92b95a2dd478a0090ecfbd288cb1b72 to remote] DEBUG org.asynchttpclient.netty.request.NettyRequestSender -- Using open Channel [id: 0x96cd561f, L:/127.0.0.1:49586 - R:localhost/127.0.0.1:4444] for POST '/wd/hub/session/c92b95a2dd478a0090ecfbd288cb1b72/element'
11:48:52.129 [AsyncHttpClient-1-2] DEBUG org.asynchttpclient.netty.handler.HttpHandler -- 

Request DefaultHttpRequest(decodeResult: success, version: HTTP/1.1)
POST /wd/hub/session/c92b95a2dd478a0090ecfbd288cb1b72/element HTTP/1.1
User-Agent: selenium/4.1.3 (java windows)
traceparent: 00-320b85d14f6151afb3c9de76f4d19e78-d2d3df2104eeaa16-01
Content-Length: 77
Content-Type: application/json; charset=utf-8
host: localhost:4444
accept: */*

Response DefaultHttpResponse(decodeResult: success, version: HTTP/1.1)
HTTP/1.1 200 OK
content-type: application/json; charset=utf-8
cache-control: no-cache
content-length: 126

11:48:52.129 [AsyncHttpClient-1-2] DEBUG org.asynchttpclient.netty.channel.ChannelManager -- Adding key: http://localhost:4444 for channel [id: 0x96cd561f, L:/127.0.0.1:49586 - R:localhost/127.0.0.1:4444]
11:48:52.144 [Forwarding isElementDisplayed on session c92b95a2dd478a0090ecfbd288cb1b72 to remote] DEBUG org.asynchttpclient.netty.request.NettyRequestSender -- Using pooled Channel '[id: 0x96cd561f, L:/127.0.0.1:49586 - R:localhost/127.0.0.1:4444]' for 'POST' to 'http://localhost:4444/wd/hub/session/c92b95a2dd478a0090ecfbd288cb1b72/execute/sync'
11:48:52.145 [Forwarding isElementDisplayed on session c92b95a2dd478a0090ecfbd288cb1b72 to remote] DEBUG org.asynchttpclient.netty.request.NettyRequestSender -- Using open Channel [id: 0x96cd561f, L:/127.0.0.1:49586 - R:localhost/127.0.0.1:4444] for POST '/wd/hub/session/c92b95a2dd478a0090ecfbd288cb1b72/execute/sync'
11:48:52.150 [Forwarding findElement on session f029d7028ed5684762df860f040bd6cc to remote] DEBUG org.asynchttpclient.netty.request.NettyRequestSender -- Using pooled Channel '[id: 0x6569de87, L:/127.0.0.1:49585 - R:localhost/127.0.0.1:4444]' for 'POST' to 'http://localhost:4444/wd/hub/session/f029d7028ed5684762df860f040bd6cc/element'
11:48:52.151 [Forwarding findElement on session f029d7028ed5684762df860f040bd6cc to remote] DEBUG org.asynchttpclient.netty.request.NettyRequestSender -- Using open Channel [id: 0x6569de87, L:/127.0.0.1:49585 - R:localhost/127.0.0.1:4444] for POST '/wd/hub/session/f029d7028ed5684762df860f040bd6cc/element'
11:48:52.183 [AsyncHttpClient-1-2] DEBUG org.asynchttpclient.netty.handler.HttpHandler -- 

Request DefaultHttpRequest(decodeResult: success, version: HTTP/1.1)
POST /wd/hub/session/c92b95a2dd478a0090ecfbd288cb1b72/execute/sync HTTP/1.1
User-Agent: selenium/4.1.3 (java windows)
traceparent: 00-e9bae56296646797510dbb5487ecc8f5-a89dbf00a6a8bbdd-01
Content-Length: 48818
Content-Type: application/json; charset=utf-8
host: localhost:4444
accept: */*

Response DefaultHttpResponse(decodeResult: success, version: HTTP/1.1)
HTTP/1.1 200 OK
content-type: application/json; charset=utf-8
cache-control: no-cache
content-length: 14

11:48:52.184 [AsyncHttpClient-1-2] DEBUG org.asynchttpclient.netty.channel.ChannelManager -- Adding key: http://localhost:4444 for channel [id: 0x96cd561f, L:/127.0.0.1:49586 - R:localhost/127.0.0.1:4444]
11:48:52.755 [AsyncHttpClient-1-1] DEBUG org.asynchttpclient.netty.channel.DefaultChannelPool -- Entry count for : http://localhost:4444 : 1
11:48:53.852 [AsyncHttpClient-1-1] DEBUG org.asynchttpclient.netty.channel.DefaultChannelPool -- Entry count for : http://localhost:4444 : 1
11:48:54.954 [AsyncHttpClient-1-1] DEBUG org.asynchttpclient.netty.channel.DefaultChannelPool -- Entry count for : http://localhost:4444 : 1
11:48:55.209 [Forwarding findElement on session c92b95a2dd478a0090ecfbd288cb1b72 to remote] DEBUG org.asynchttpclient.netty.request.NettyRequestSender -- Using pooled Channel '[id: 0x96cd561f, L:/127.0.0.1:49586 - R:localhost/127.0.0.1:4444]' for 'POST' to 'http://localhost:4444/wd/hub/session/c92b95a2dd478a0090ecfbd288cb1b72/element'
11:48:55.209 [Forwarding findElement on session c92b95a2dd478a0090ecfbd288cb1b72 to remote] DEBUG org.asynchttpclient.netty.request.NettyRequestSender -- Using open Channel [id: 0x96cd561f, L:/127.0.0.1:49586 - R:localhost/127.0.0.1:4444] for POST '/wd/hub/session/c92b95a2dd478a0090ecfbd288cb1b72/element'
11:48:55.228 [AsyncHttpClient-1-2] DEBUG org.asynchttpclient.netty.handler.HttpHandler -- 

Request DefaultHttpRequest(decodeResult: success, version: HTTP/1.1)
POST /wd/hub/session/c92b95a2dd478a0090ecfbd288cb1b72/element HTTP/1.1
User-Agent: selenium/4.1.3 (java windows)
traceparent: 00-8e4e083f003c09aa4d45a9ab3d13e34e-e0af6ee0841b3e07-01
Content-Length: 77
Content-Type: application/json; charset=utf-8
host: localhost:4444
accept: */*

Response DefaultHttpResponse(decodeResult: success, version: HTTP/1.1)
HTTP/1.1 200 OK
content-type: application/json; charset=utf-8
cache-control: no-cache
content-length: 126

11:48:55.228 [AsyncHttpClient-1-2] DEBUG org.asynchttpclient.netty.channel.ChannelManager -- Adding key: http://localhost:4444 for channel [id: 0x96cd561f, L:/127.0.0.1:49586 - R:localhost/127.0.0.1:4444]
11:48:55.231 [Forwarding clickElement on session c92b95a2dd478a0090ecfbd288cb1b72 to remote] DEBUG org.asynchttpclient.netty.request.NettyRequestSender -- Using pooled Channel '[id: 0x96cd561f, L:/127.0.0.1:49586 - R:localhost/127.0.0.1:4444]' for 'POST' to 'http://localhost:4444/wd/hub/session/c92b95a2dd478a0090ecfbd288cb1b72/element/f.69A90D5ADC71D6CE1B84A9E37FDCAAFF.d.CC47F09C9873BCE95F9CA188C61D52ED.e.85/click'
11:48:55.231 [Forwarding clickElement on session c92b95a2dd478a0090ecfbd288cb1b72 to remote] DEBUG org.asynchttpclient.netty.request.NettyRequestSender -- Using open Channel [id: 0x96cd561f, L:/127.0.0.1:49586 - R:localhost/127.0.0.1:4444] for POST '/wd/hub/session/c92b95a2dd478a0090ecfbd288cb1b72/element/f.69A90D5ADC71D6CE1B84A9E37FDCAAFF.d.CC47F09C9873BCE95F9CA188C61D52ED.e.85/click'
11:48:55.346 [AsyncHttpClient-1-2] DEBUG org.asynchttpclient.netty.handler.HttpHandler -- 

Request DefaultHttpRequest(decodeResult: success, version: HTTP/1.1)
POST /wd/hub/session/c92b95a2dd478a0090ecfbd288cb1b72/element/f.69A90D5ADC71D6CE1B84A9E37FDCAAFF.d.CC47F09C9873BCE95F9CA188C61D52ED.e.85/click HTTP/1.1
User-Agent: selenium/4.1.3 (java windows)
traceparent: 00-2fe6cf28f2e094c251c34000aae6eacb-613d0bfec9c39eaa-01
Content-Length: 88
Content-Type: application/json; charset=utf-8
host: localhost:4444
accept: */*

Response DefaultHttpResponse(decodeResult: success, version: HTTP/1.1)
HTTP/1.1 200 OK
content-type: application/json; charset=utf-8
cache-control: no-cache
content-length: 14

11:48:55.347 [AsyncHttpClient-1-2] DEBUG org.asynchttpclient.netty.channel.ChannelManager -- Adding key: http://localhost:4444 for channel [id: 0x96cd561f, L:/127.0.0.1:49586 - R:localhost/127.0.0.1:4444]
11:48:56.052 [AsyncHttpClient-1-1] DEBUG org.asynchttpclient.netty.channel.DefaultChannelPool -- Entry count for : http://localhost:4444 : 1
11:48:57.130 [AsyncHttpClient-1-3] DEBUG org.asynchttpclient.netty.handler.HttpHandler -- 

Request DefaultHttpRequest(decodeResult: success, version: HTTP/1.1)
POST /wd/hub/session/b62650e45bf5abe071c881e21c1318bb/element HTTP/1.1
User-Agent: selenium/4.1.3 (java windows)
traceparent: 00-15871246152babb4c8766cf659af909f-080c7d48ab50119d-01
Content-Length: 79
Content-Type: application/json; charset=utf-8
host: localhost:4444
accept: */*

Response DefaultHttpResponse(decodeResult: success, version: HTTP/1.1)
HTTP/1.1 404 Not Found
content-type: application/json; charset=utf-8
cache-control: no-cache
content-length: 1065

11:48:57.130 [AsyncHttpClient-1-3] DEBUG org.asynchttpclient.netty.channel.ChannelManager -- Adding key: http://localhost:4444 for channel [id: 0x18146819, L:/127.0.0.1:49584 - R:localhost/127.0.0.1:4444]
11:48:57.153 [AsyncHttpClient-1-1] DEBUG org.asynchttpclient.netty.channel.DefaultChannelPool -- Entry count for : http://localhost:4444 : 2
]]></system-out>
    <system-err><![CDATA[Aug 27, 2024 11:48:31 AM org.openqa.selenium.remote.tracing.opentelemetry.OpenTelemetryTracer createTracer
INFO: Using OpenTelemetry for tracing
Aug 27, 2024 11:48:34 AM org.openqa.selenium.remote.ProtocolHandshake createSession
INFO: Detected dialect: W3C
Aug 27, 2024 11:48:34 AM org.openqa.selenium.remote.ProtocolHandshake createSession
INFO: Detected dialect: W3C
Aug 27, 2024 11:48:34 AM org.openqa.selenium.remote.ProtocolHandshake createSession
INFO: Detected dialect: W3C
]]></system-err>
  </testcase>
  <testcase name="runScenario[&quot;Search field Check&quot;, &quot;Optional[Verify Daraz works properly]&quot;](2)" classname="TestRunner.TestRunner" time="0">
    <failure message="no such element: Unable to locate element: {&quot;method&quot;:&quot;xpath&quot;,&quot;selector&quot;:&quot;//input[@id=&apos;q&apos;]&quot;}&#10;  (Session info: chrome=128.0.6613.85)&#10;For documentation on this error, please visit: https://selenium.dev/exceptions/#no_such_element&#10;Build info: version: &apos;4.1.3&apos;, revision: &apos;7b1ebf28ef&apos;&#10;System info: host: &apos;DESKTOP-BVQA7TS&apos;, ip: &apos;192.168.56.1&apos;, os.name: &apos;Windows 11&apos;, os.arch: &apos;amd64&apos;, os.version: &apos;10.0&apos;, java.version: &apos;17.0.5&apos;&#10;Driver info: org.openqa.selenium.remote.RemoteWebDriver&#10;Command: [f029d7028ed5684762df860f040bd6cc, findElement {using=xpath, value=//input[@id=&apos;q&apos;]}]&#10;Capabilities {acceptInsecureCerts: false, browserName: chrome, browserVersion: 128.0.6613.85, chrome: {chromedriverVersion: 128.0.6613.84 (606aa55c7d68..., userDataDir: C:\Users\RAHULS~1\AppData\L...}, fedcm:accounts: true, goog:chromeOptions: {debuggerAddress: localhost:49603}, javascriptEnabled: true, networkConnectionEnabled: false, pageLoadStrategy: normal, platform: XP, platformName: XP, proxy: Proxy(), se:bidiEnabled: false, se:cdp: ws://localhost:4444/session..., se:cdpVersion: 128.0.6613.85, setWindowRect: true, strictFileInteractability: false, timeouts: {implicit: 0, pageLoad: 300000, script: 30000}, unhandledPromptBehavior: dismiss and notify, webauthn:extension:credBlob: true, webauthn:extension:largeBlob: true, webauthn:extension:minPinLength: true, webauthn:extension:prf: true, webauthn:virtualAuthenticators: true}&#10;Session ID: f029d7028ed5684762df860f040bd6cc" type="org.openqa.selenium.NoSuchElementException"><![CDATA[org.openqa.selenium.NoSuchElementException: 
no such element: Unable to locate element: {"method":"xpath","selector":"//input[@id='q']"}
  (Session info: chrome=128.0.6613.85)
For documentation on this error, please visit: https://selenium.dev/exceptions/#no_such_element
Build info: version: '4.1.3', revision: '7b1ebf28ef'
System info: host: 'DESKTOP-BVQA7TS', ip: '192.168.56.1', os.name: 'Windows 11', os.arch: 'amd64', os.version: '10.0', java.version: '17.0.5'
Driver info: org.openqa.selenium.remote.RemoteWebDriver
Command: [f029d7028ed5684762df860f040bd6cc, findElement {using=xpath, value=//input[@id='q']}]
Capabilities {acceptInsecureCerts: false, browserName: chrome, browserVersion: 128.0.6613.85, chrome: {chromedriverVersion: 128.0.6613.84 (606aa55c7d68..., userDataDir: C:\Users\RAHULS~1\AppData\L...}, fedcm:accounts: true, goog:chromeOptions: {debuggerAddress: localhost:49603}, javascriptEnabled: true, networkConnectionEnabled: false, pageLoadStrategy: normal, platform: XP, platformName: XP, proxy: Proxy(), se:bidiEnabled: false, se:cdp: ws://localhost:4444/session..., se:cdpVersion: 128.0.6613.85, setWindowRect: true, strictFileInteractability: false, timeouts: {implicit: 0, pageLoad: 300000, script: 30000}, unhandledPromptBehavior: dismiss and notify, webauthn:extension:credBlob: true, webauthn:extension:largeBlob: true, webauthn:extension:minPinLength: true, webauthn:extension:prf: true, webauthn:virtualAuthenticators: true}
Session ID: f029d7028ed5684762df860f040bd6cc
]]></failure>
    <system-out><![CDATA[11:48:57.227 [AsyncHttpClient-1-4] DEBUG org.asynchttpclient.netty.handler.HttpHandler -- 

Request DefaultHttpRequest(decodeResult: success, version: HTTP/1.1)
POST /wd/hub/session/f029d7028ed5684762df860f040bd6cc/element HTTP/1.1
User-Agent: selenium/4.1.3 (java windows)
traceparent: 00-cfca0116a25a904c5e2ebd81bb801003-6fa073e03a308fe8-01
Content-Length: 63
Content-Type: application/json; charset=utf-8
host: localhost:4444
accept: */*

Response DefaultHttpResponse(decodeResult: success, version: HTTP/1.1)
HTTP/1.1 404 Not Found
content-type: application/json; charset=utf-8
cache-control: no-cache
content-length: 1049

11:48:57.228 [AsyncHttpClient-1-4] DEBUG org.asynchttpclient.netty.channel.ChannelManager -- Adding key: http://localhost:4444 for channel [id: 0x6569de87, L:/127.0.0.1:49585 - R:localhost/127.0.0.1:4444]
]]></system-out>
  </testcase>
  <testcase name="runScenario[&quot;Verify User and Can login&quot;, &quot;Optional[Verify Daraz works properly]&quot;](3)" classname="TestRunner.TestRunner" time="15.85">
    <failure message="no such element: Unable to locate element: {&quot;method&quot;:&quot;xpath&quot;,&quot;selector&quot;:&quot;//input[@placeholder=&apos;Please enter your Phone Number or Email&apos;]&quot;}&#10;  (Session info: chrome=128.0.6613.85)&#10;For documentation on this error, please visit: https://selenium.dev/exceptions/#no_such_element&#10;Build info: version: &apos;4.1.3&apos;, revision: &apos;7b1ebf28ef&apos;&#10;System info: host: &apos;DESKTOP-BVQA7TS&apos;, ip: &apos;192.168.56.1&apos;, os.name: &apos;Windows 11&apos;, os.arch: &apos;amd64&apos;, os.version: &apos;10.0&apos;, java.version: &apos;17.0.5&apos;&#10;Driver info: org.openqa.selenium.remote.RemoteWebDriver&#10;Command: [c92b95a2dd478a0090ecfbd288cb1b72, findElement {using=xpath, value=//input[@placeholder=&apos;Please enter your Phone Number or Email&apos;]}]&#10;Capabilities {acceptInsecureCerts: false, browserName: chrome, browserVersion: 128.0.6613.85, chrome: {chromedriverVersion: 128.0.6613.84 (606aa55c7d68..., userDataDir: C:\Users\RAHULS~1\AppData\L...}, fedcm:accounts: true, goog:chromeOptions: {debuggerAddress: localhost:49604}, javascriptEnabled: true, networkConnectionEnabled: false, pageLoadStrategy: normal, platform: XP, platformName: XP, proxy: Proxy(), se:bidiEnabled: false, se:cdp: ws://localhost:4444/session..., se:cdpVersion: 128.0.6613.85, setWindowRect: true, strictFileInteractability: false, timeouts: {implicit: 0, pageLoad: 300000, script: 30000}, unhandledPromptBehavior: dismiss and notify, webauthn:extension:credBlob: true, webauthn:extension:largeBlob: true, webauthn:extension:minPinLength: true, webauthn:extension:prf: true, webauthn:virtualAuthenticators: true}&#10;Session ID: c92b95a2dd478a0090ecfbd288cb1b72" type="org.openqa.selenium.NoSuchElementException"><![CDATA[org.openqa.selenium.NoSuchElementException: 
no such element: Unable to locate element: {"method":"xpath","selector":"//input[@placeholder='Please enter your Phone Number or Email']"}
  (Session info: chrome=128.0.6613.85)
For documentation on this error, please visit: https://selenium.dev/exceptions/#no_such_element
Build info: version: '4.1.3', revision: '7b1ebf28ef'
System info: host: 'DESKTOP-BVQA7TS', ip: '192.168.56.1', os.name: 'Windows 11', os.arch: 'amd64', os.version: '10.0', java.version: '17.0.5'
Driver info: org.openqa.selenium.remote.RemoteWebDriver
Command: [c92b95a2dd478a0090ecfbd288cb1b72, findElement {using=xpath, value=//input[@placeholder='Please enter your Phone Number or Email']}]
Capabilities {acceptInsecureCerts: false, browserName: chrome, browserVersion: 128.0.6613.85, chrome: {chromedriverVersion: 128.0.6613.84 (606aa55c7d68..., userDataDir: C:\Users\RAHULS~1\AppData\L...}, fedcm:accounts: true, goog:chromeOptions: {debuggerAddress: localhost:49604}, javascriptEnabled: true, networkConnectionEnabled: false, pageLoadStrategy: normal, platform: XP, platformName: XP, proxy: Proxy(), se:bidiEnabled: false, se:cdp: ws://localhost:4444/session..., se:cdpVersion: 128.0.6613.85, setWindowRect: true, strictFileInteractability: false, timeouts: {implicit: 0, pageLoad: 300000, script: 30000}, unhandledPromptBehavior: dismiss and notify, webauthn:extension:credBlob: true, webauthn:extension:largeBlob: true, webauthn:extension:minPinLength: true, webauthn:extension:prf: true, webauthn:virtualAuthenticators: true}
Session ID: c92b95a2dd478a0090ecfbd288cb1b72
]]></failure>
    <system-out><![CDATA[11:48:57.292 [Forwarding newSession on session null to remote] DEBUG org.asynchttpclient.netty.request.NettyRequestSender -- Using pooled Channel '[id: 0x18146819, L:/127.0.0.1:49584 - R:localhost/127.0.0.1:4444]' for 'POST' to 'http://localhost:4444/wd/hub/session'
11:48:57.292 [Forwarding newSession on session null to remote] DEBUG org.asynchttpclient.netty.request.NettyRequestSender -- Using pooled Channel '[id: 0x6569de87, L:/127.0.0.1:49585 - R:localhost/127.0.0.1:4444]' for 'POST' to 'http://localhost:4444/wd/hub/session'
11:48:57.292 [Forwarding newSession on session null to remote] DEBUG org.asynchttpclient.netty.request.NettyRequestSender -- Using open Channel [id: 0x18146819, L:/127.0.0.1:49584 - R:localhost/127.0.0.1:4444] for POST '/wd/hub/session'
11:48:57.292 [Forwarding newSession on session null to remote] DEBUG org.asynchttpclient.netty.request.NettyRequestSender -- Using open Channel [id: 0x6569de87, L:/127.0.0.1:49585 - R:localhost/127.0.0.1:4444] for POST '/wd/hub/session'
11:48:58.294 [AsyncHttpClient-1-1] DEBUG org.asynchttpclient.netty.channel.DefaultChannelPool -- Entry count for : http://localhost:4444 : 1
11:48:58.838 [AsyncHttpClient-1-3] DEBUG org.asynchttpclient.netty.handler.HttpHandler -- 

Request DefaultHttpRequest(decodeResult: success, version: HTTP/1.1)
POST /wd/hub/session HTTP/1.1
User-Agent: selenium/4.1.3 (java windows)
traceparent: 00-84e62fbbf4031abdd63ff5fedb96c6b8-3f3b665cddaa2d58-01
Content-Length: 341
Content-Type: application/json; charset=utf-8
host: localhost:4444
accept: */*

Response DefaultHttpResponse(decodeResult: success, version: HTTP/1.1)
HTTP/1.1 200 OK
Cache-Control: no-cache
Content-Type: application/json; charset=utf-8
content-length: 1351

11:48:58.839 [AsyncHttpClient-1-3] DEBUG org.asynchttpclient.netty.channel.ChannelManager -- Adding key: http://localhost:4444 for channel [id: 0x18146819, L:/127.0.0.1:49584 - R:localhost/127.0.0.1:4444]
11:48:58.869 [AsyncHttpClient-1-4] DEBUG org.asynchttpclient.netty.handler.HttpHandler -- 

Request DefaultHttpRequest(decodeResult: success, version: HTTP/1.1)
POST /wd/hub/session HTTP/1.1
User-Agent: selenium/4.1.3 (java windows)
traceparent: 00-85322d0f274a0be47eaafb3c77a44431-325fda8cc3039d3e-01
Content-Length: 341
Content-Type: application/json; charset=utf-8
host: localhost:4444
accept: */*

Response DefaultHttpResponse(decodeResult: success, version: HTTP/1.1)
HTTP/1.1 200 OK
Cache-Control: no-cache
Content-Type: application/json; charset=utf-8
content-length: 1350

11:48:58.871 [AsyncHttpClient-1-4] DEBUG org.asynchttpclient.netty.channel.ChannelManager -- Adding key: http://localhost:4444 for channel [id: 0x6569de87, L:/127.0.0.1:49585 - R:localhost/127.0.0.1:4444]
11:48:58.875 [Forwarding setTimeout on session 1a8601ad9d52522a3c3106b75b3090a3 to remote] DEBUG org.asynchttpclient.netty.request.NettyRequestSender -- Using pooled Channel '[id: 0x6569de87, L:/127.0.0.1:49585 - R:localhost/127.0.0.1:4444]' for 'POST' to 'http://localhost:4444/wd/hub/session/1a8601ad9d52522a3c3106b75b3090a3/timeouts'
11:48:58.875 [Forwarding setTimeout on session 1a8601ad9d52522a3c3106b75b3090a3 to remote] DEBUG org.asynchttpclient.netty.request.NettyRequestSender -- Using open Channel [id: 0x6569de87, L:/127.0.0.1:49585 - R:localhost/127.0.0.1:4444] for POST '/wd/hub/session/1a8601ad9d52522a3c3106b75b3090a3/timeouts'
11:48:58.888 [Forwarding setTimeout on session 3f9211adeeaed6232948cfafeff6cbb4 to remote] DEBUG org.asynchttpclient.netty.request.NettyRequestSender -- Using pooled Channel '[id: 0x18146819, L:/127.0.0.1:49584 - R:localhost/127.0.0.1:4444]' for 'POST' to 'http://localhost:4444/wd/hub/session/3f9211adeeaed6232948cfafeff6cbb4/timeouts'
11:48:58.888 [Forwarding setTimeout on session 3f9211adeeaed6232948cfafeff6cbb4 to remote] DEBUG org.asynchttpclient.netty.request.NettyRequestSender -- Using open Channel [id: 0x18146819, L:/127.0.0.1:49584 - R:localhost/127.0.0.1:4444] for POST '/wd/hub/session/3f9211adeeaed6232948cfafeff6cbb4/timeouts'
11:48:58.904 [AsyncHttpClient-1-4] DEBUG org.asynchttpclient.netty.handler.HttpHandler -- 

Request DefaultHttpRequest(decodeResult: success, version: HTTP/1.1)
POST /wd/hub/session/1a8601ad9d52522a3c3106b75b3090a3/timeouts HTTP/1.1
User-Agent: selenium/4.1.3 (java windows)
traceparent: 00-e64039bc2d4c32ff1a3c0a05dcd30940-7531c1ee64983a5b-01
Content-Length: 22
Content-Type: application/json; charset=utf-8
host: localhost:4444
accept: */*

Response DefaultHttpResponse(decodeResult: success, version: HTTP/1.1)
HTTP/1.1 200 OK
content-type: application/json; charset=utf-8
cache-control: no-cache
content-length: 14

11:48:58.904 [AsyncHttpClient-1-3] DEBUG org.asynchttpclient.netty.handler.HttpHandler -- 

Request DefaultHttpRequest(decodeResult: success, version: HTTP/1.1)
POST /wd/hub/session/3f9211adeeaed6232948cfafeff6cbb4/timeouts HTTP/1.1
User-Agent: selenium/4.1.3 (java windows)
traceparent: 00-9a17da38b3fa24a528c0d696481e1fcc-ca306439069d841e-01
Content-Length: 22
Content-Type: application/json; charset=utf-8
host: localhost:4444
accept: */*

Response DefaultHttpResponse(decodeResult: success, version: HTTP/1.1)
HTTP/1.1 200 OK
content-type: application/json; charset=utf-8
cache-control: no-cache
content-length: 14

11:48:58.905 [AsyncHttpClient-1-4] DEBUG org.asynchttpclient.netty.channel.ChannelManager -- Adding key: http://localhost:4444 for channel [id: 0x6569de87, L:/127.0.0.1:49585 - R:localhost/127.0.0.1:4444]
11:48:58.905 [AsyncHttpClient-1-3] DEBUG org.asynchttpclient.netty.channel.ChannelManager -- Adding key: http://localhost:4444 for channel [id: 0x18146819, L:/127.0.0.1:49584 - R:localhost/127.0.0.1:4444]
11:48:58.908 [Forwarding maximizeCurrentWindow on session 3f9211adeeaed6232948cfafeff6cbb4 to remote] DEBUG org.asynchttpclient.netty.request.NettyRequestSender -- Using pooled Channel '[id: 0x18146819, L:/127.0.0.1:49584 - R:localhost/127.0.0.1:4444]' for 'POST' to 'http://localhost:4444/wd/hub/session/3f9211adeeaed6232948cfafeff6cbb4/window/maximize'
11:48:58.908 [Forwarding maximizeCurrentWindow on session 1a8601ad9d52522a3c3106b75b3090a3 to remote] DEBUG org.asynchttpclient.netty.request.NettyRequestSender -- Using pooled Channel '[id: 0x6569de87, L:/127.0.0.1:49585 - R:localhost/127.0.0.1:4444]' for 'POST' to 'http://localhost:4444/wd/hub/session/1a8601ad9d52522a3c3106b75b3090a3/window/maximize'
11:48:58.908 [Forwarding maximizeCurrentWindow on session 3f9211adeeaed6232948cfafeff6cbb4 to remote] DEBUG org.asynchttpclient.netty.request.NettyRequestSender -- Using open Channel [id: 0x18146819, L:/127.0.0.1:49584 - R:localhost/127.0.0.1:4444] for POST '/wd/hub/session/3f9211adeeaed6232948cfafeff6cbb4/window/maximize'
11:48:58.909 [Forwarding maximizeCurrentWindow on session 1a8601ad9d52522a3c3106b75b3090a3 to remote] DEBUG org.asynchttpclient.netty.request.NettyRequestSender -- Using open Channel [id: 0x6569de87, L:/127.0.0.1:49585 - R:localhost/127.0.0.1:4444] for POST '/wd/hub/session/1a8601ad9d52522a3c3106b75b3090a3/window/maximize'
11:48:58.981 [AsyncHttpClient-1-3] DEBUG org.asynchttpclient.netty.handler.HttpHandler -- 

Request DefaultHttpRequest(decodeResult: success, version: HTTP/1.1)
POST /wd/hub/session/3f9211adeeaed6232948cfafeff6cbb4/window/maximize HTTP/1.1
User-Agent: selenium/4.1.3 (java windows)
traceparent: 00-f6ceb8d1eb986bc2c1c0252bca19f949-7056836b0ace2d06-01
Content-Length: 3
Content-Type: application/json; charset=utf-8
host: localhost:4444
accept: */*

Response DefaultHttpResponse(decodeResult: success, version: HTTP/1.1)
HTTP/1.1 200 OK
content-type: application/json; charset=utf-8
cache-control: no-cache
content-length: 50

11:48:58.981 [AsyncHttpClient-1-4] DEBUG org.asynchttpclient.netty.handler.HttpHandler -- 

Request DefaultHttpRequest(decodeResult: success, version: HTTP/1.1)
POST /wd/hub/session/1a8601ad9d52522a3c3106b75b3090a3/window/maximize HTTP/1.1
User-Agent: selenium/4.1.3 (java windows)
traceparent: 00-66c864661e20eeacbc1115ad1729f287-0b84594e0d311524-01
Content-Length: 3
Content-Type: application/json; charset=utf-8
host: localhost:4444
accept: */*

Response DefaultHttpResponse(decodeResult: success, version: HTTP/1.1)
HTTP/1.1 200 OK
content-type: application/json; charset=utf-8
cache-control: no-cache
content-length: 50

11:48:58.981 [AsyncHttpClient-1-3] DEBUG org.asynchttpclient.netty.channel.ChannelManager -- Adding key: http://localhost:4444 for channel [id: 0x18146819, L:/127.0.0.1:49584 - R:localhost/127.0.0.1:4444]
11:48:58.981 [AsyncHttpClient-1-4] DEBUG org.asynchttpclient.netty.channel.ChannelManager -- Adding key: http://localhost:4444 for channel [id: 0x6569de87, L:/127.0.0.1:49585 - R:localhost/127.0.0.1:4444]
11:48:58.991 [Forwarding get on session 1a8601ad9d52522a3c3106b75b3090a3 to remote] DEBUG org.asynchttpclient.netty.request.NettyRequestSender -- Using pooled Channel '[id: 0x6569de87, L:/127.0.0.1:49585 - R:localhost/127.0.0.1:4444]' for 'POST' to 'http://localhost:4444/wd/hub/session/1a8601ad9d52522a3c3106b75b3090a3/url'
11:48:58.992 [Forwarding get on session 1a8601ad9d52522a3c3106b75b3090a3 to remote] DEBUG org.asynchttpclient.netty.request.NettyRequestSender -- Using open Channel [id: 0x6569de87, L:/127.0.0.1:49585 - R:localhost/127.0.0.1:4444] for POST '/wd/hub/session/1a8601ad9d52522a3c3106b75b3090a3/url'
11:48:59.001 [Forwarding get on session 3f9211adeeaed6232948cfafeff6cbb4 to remote] DEBUG org.asynchttpclient.netty.request.NettyRequestSender -- Using pooled Channel '[id: 0x18146819, L:/127.0.0.1:49584 - R:localhost/127.0.0.1:4444]' for 'POST' to 'http://localhost:4444/wd/hub/session/3f9211adeeaed6232948cfafeff6cbb4/url'
11:48:59.001 [Forwarding get on session 3f9211adeeaed6232948cfafeff6cbb4 to remote] DEBUG org.asynchttpclient.netty.request.NettyRequestSender -- Using open Channel [id: 0x18146819, L:/127.0.0.1:49584 - R:localhost/127.0.0.1:4444] for POST '/wd/hub/session/3f9211adeeaed6232948cfafeff6cbb4/url'
11:48:59.352 [AsyncHttpClient-1-1] DEBUG org.asynchttpclient.netty.channel.DefaultChannelPool -- Entry count for : http://localhost:4444 : 1
11:49:00.458 [AsyncHttpClient-1-1] DEBUG org.asynchttpclient.netty.channel.DefaultChannelPool -- Entry count for : http://localhost:4444 : 1
11:49:01.559 [AsyncHttpClient-1-1] DEBUG org.asynchttpclient.netty.channel.DefaultChannelPool -- Entry count for : http://localhost:4444 : 1
11:49:02.459 [AsyncHttpClient-1-3] DEBUG org.asynchttpclient.netty.handler.HttpHandler -- 

Request DefaultHttpRequest(decodeResult: success, version: HTTP/1.1)
POST /wd/hub/session/3f9211adeeaed6232948cfafeff6cbb4/url HTTP/1.1
User-Agent: selenium/4.1.3 (java windows)
traceparent: 00-b1997ddd20f86d2c832232f75ee236ee-d605fa285e590bee-01
Content-Length: 57
Content-Type: application/json; charset=utf-8
host: localhost:4444
accept: */*

Response DefaultHttpResponse(decodeResult: success, version: HTTP/1.1)
HTTP/1.1 200 OK
content-type: application/json; charset=utf-8
cache-control: no-cache
content-length: 14

11:49:02.460 [AsyncHttpClient-1-3] DEBUG org.asynchttpclient.netty.channel.ChannelManager -- Adding key: http://localhost:4444 for channel [id: 0x18146819, L:/127.0.0.1:49584 - R:localhost/127.0.0.1:4444]
11:49:02.462 [Forwarding getCurrentUrl on session 3f9211adeeaed6232948cfafeff6cbb4 to remote] DEBUG org.asynchttpclient.netty.request.NettyRequestSender -- Using pooled Channel '[id: 0x18146819, L:/127.0.0.1:49584 - R:localhost/127.0.0.1:4444]' for 'GET' to 'http://localhost:4444/wd/hub/session/3f9211adeeaed6232948cfafeff6cbb4/url'
11:49:02.462 [Forwarding getCurrentUrl on session 3f9211adeeaed6232948cfafeff6cbb4 to remote] DEBUG org.asynchttpclient.netty.request.NettyRequestSender -- Using open Channel [id: 0x18146819, L:/127.0.0.1:49584 - R:localhost/127.0.0.1:4444] for GET '/wd/hub/session/3f9211adeeaed6232948cfafeff6cbb4/url'
11:49:02.653 [AsyncHttpClient-1-1] DEBUG org.asynchttpclient.netty.channel.DefaultChannelPool -- Entry count for : http://localhost:4444 : 1
11:49:03.752 [AsyncHttpClient-1-1] DEBUG org.asynchttpclient.netty.channel.DefaultChannelPool -- Entry count for : http://localhost:4444 : 1
11:49:04.866 [AsyncHttpClient-1-1] DEBUG org.asynchttpclient.netty.channel.DefaultChannelPool -- Entry count for : http://localhost:4444 : 1
11:49:05.951 [AsyncHttpClient-1-1] DEBUG org.asynchttpclient.netty.channel.DefaultChannelPool -- Entry count for : http://localhost:4444 : 1
11:49:07.055 [AsyncHttpClient-1-1] DEBUG org.asynchttpclient.netty.channel.DefaultChannelPool -- Entry count for : http://localhost:4444 : 1
11:49:08.153 [AsyncHttpClient-1-1] DEBUG org.asynchttpclient.netty.channel.DefaultChannelPool -- Entry count for : http://localhost:4444 : 1
11:49:08.369 [Forwarding findElement on session c92b95a2dd478a0090ecfbd288cb1b72 to remote] DEBUG org.asynchttpclient.netty.request.NettyRequestSender -- Using pooled Channel '[id: 0x96cd561f, L:/127.0.0.1:49586 - R:localhost/127.0.0.1:4444]' for 'POST' to 'http://localhost:4444/wd/hub/session/c92b95a2dd478a0090ecfbd288cb1b72/element'
11:49:08.369 [Forwarding findElement on session c92b95a2dd478a0090ecfbd288cb1b72 to remote] DEBUG org.asynchttpclient.netty.request.NettyRequestSender -- Using open Channel [id: 0x96cd561f, L:/127.0.0.1:49586 - R:localhost/127.0.0.1:4444] for POST '/wd/hub/session/c92b95a2dd478a0090ecfbd288cb1b72/element'
11:49:08.960 [AsyncHttpClient-1-3] DEBUG org.asynchttpclient.netty.handler.HttpHandler -- 

Request DefaultFullHttpRequest(decodeResult: success, version: HTTP/1.1, content: EmptyByteBufBE)
GET /wd/hub/session/3f9211adeeaed6232948cfafeff6cbb4/url HTTP/1.1
User-Agent: selenium/4.1.3 (java windows)
Cache-Control: no-cache
traceparent: 00-e537e912f4d8ee72dfe417a0bd2e97b6-b28117259f4407c4-01
Content-Type: application/json; charset=utf-8
host: localhost:4444
accept: */*

Response DefaultHttpResponse(decodeResult: success, version: HTTP/1.1)
HTTP/1.1 200 OK
content-type: application/json; charset=utf-8
cache-control: no-cache
content-length: 34

11:49:08.961 [AsyncHttpClient-1-3] DEBUG org.asynchttpclient.netty.channel.ChannelManager -- Adding key: http://localhost:4444 for channel [id: 0x18146819, L:/127.0.0.1:49584 - R:localhost/127.0.0.1:4444]
11:49:08.964 [Forwarding findElement on session 3f9211adeeaed6232948cfafeff6cbb4 to remote] DEBUG org.asynchttpclient.netty.request.NettyRequestSender -- Using pooled Channel '[id: 0x18146819, L:/127.0.0.1:49584 - R:localhost/127.0.0.1:4444]' for 'POST' to 'http://localhost:4444/wd/hub/session/3f9211adeeaed6232948cfafeff6cbb4/element'
11:49:08.964 [Forwarding findElement on session 3f9211adeeaed6232948cfafeff6cbb4 to remote] DEBUG org.asynchttpclient.netty.request.NettyRequestSender -- Using open Channel [id: 0x18146819, L:/127.0.0.1:49584 - R:localhost/127.0.0.1:4444] for POST '/wd/hub/session/3f9211adeeaed6232948cfafeff6cbb4/element'
11:49:08.985 [AsyncHttpClient-1-3] DEBUG org.asynchttpclient.netty.handler.HttpHandler -- 

Request DefaultHttpRequest(decodeResult: success, version: HTTP/1.1)
POST /wd/hub/session/3f9211adeeaed6232948cfafeff6cbb4/element HTTP/1.1
User-Agent: selenium/4.1.3 (java windows)
traceparent: 00-5e5ba9b5e8743a82f8a2cf9cf12f327e-2b7b773037e48257-01
Content-Length: 79
Content-Type: application/json; charset=utf-8
host: localhost:4444
accept: */*

Response DefaultHttpResponse(decodeResult: success, version: HTTP/1.1)
HTTP/1.1 200 OK
content-type: application/json; charset=utf-8
cache-control: no-cache
content-length: 126

11:49:08.985 [AsyncHttpClient-1-3] DEBUG org.asynchttpclient.netty.channel.ChannelManager -- Adding key: http://localhost:4444 for channel [id: 0x18146819, L:/127.0.0.1:49584 - R:localhost/127.0.0.1:4444]
11:49:08.990 [Forwarding isElementDisplayed on session 3f9211adeeaed6232948cfafeff6cbb4 to remote] DEBUG org.asynchttpclient.netty.request.NettyRequestSender -- Using pooled Channel '[id: 0x18146819, L:/127.0.0.1:49584 - R:localhost/127.0.0.1:4444]' for 'POST' to 'http://localhost:4444/wd/hub/session/3f9211adeeaed6232948cfafeff6cbb4/execute/sync'
11:49:08.991 [Forwarding isElementDisplayed on session 3f9211adeeaed6232948cfafeff6cbb4 to remote] DEBUG org.asynchttpclient.netty.request.NettyRequestSender -- Using open Channel [id: 0x18146819, L:/127.0.0.1:49584 - R:localhost/127.0.0.1:4444] for POST '/wd/hub/session/3f9211adeeaed6232948cfafeff6cbb4/execute/sync'
11:49:09.023 [AsyncHttpClient-1-3] DEBUG org.asynchttpclient.netty.handler.HttpHandler -- 

Request DefaultHttpRequest(decodeResult: success, version: HTTP/1.1)
POST /wd/hub/session/3f9211adeeaed6232948cfafeff6cbb4/execute/sync HTTP/1.1
User-Agent: selenium/4.1.3 (java windows)
traceparent: 00-31711a6f099719e6c1a403ec527d2a50-008678d659d6a410-01
Content-Length: 48818
Content-Type: application/json; charset=utf-8
host: localhost:4444
accept: */*

Response DefaultHttpResponse(decodeResult: success, version: HTTP/1.1)
HTTP/1.1 200 OK
content-type: application/json; charset=utf-8
cache-control: no-cache
content-length: 14

11:49:09.023 [AsyncHttpClient-1-3] DEBUG org.asynchttpclient.netty.channel.ChannelManager -- Adding key: http://localhost:4444 for channel [id: 0x18146819, L:/127.0.0.1:49584 - R:localhost/127.0.0.1:4444]
11:49:09.239 [AsyncHttpClient-1-4] DEBUG org.asynchttpclient.netty.handler.HttpHandler -- 

Request DefaultHttpRequest(decodeResult: success, version: HTTP/1.1)
POST /wd/hub/session/1a8601ad9d52522a3c3106b75b3090a3/url HTTP/1.1
User-Agent: selenium/4.1.3 (java windows)
traceparent: 00-0df2e873db5d3f6500d03c08c28542a8-7ef0bd3aa0bba945-01
Content-Length: 57
Content-Type: application/json; charset=utf-8
host: localhost:4444
accept: */*

Response DefaultHttpResponse(decodeResult: success, version: HTTP/1.1)
HTTP/1.1 200 OK
content-type: application/json; charset=utf-8
cache-control: no-cache
content-length: 14

11:49:09.240 [AsyncHttpClient-1-4] DEBUG org.asynchttpclient.netty.channel.ChannelManager -- Adding key: http://localhost:4444 for channel [id: 0x6569de87, L:/127.0.0.1:49585 - R:localhost/127.0.0.1:4444]
11:49:09.241 [Forwarding getCurrentUrl on session 1a8601ad9d52522a3c3106b75b3090a3 to remote] DEBUG org.asynchttpclient.netty.request.NettyRequestSender -- Using pooled Channel '[id: 0x6569de87, L:/127.0.0.1:49585 - R:localhost/127.0.0.1:4444]' for 'GET' to 'http://localhost:4444/wd/hub/session/1a8601ad9d52522a3c3106b75b3090a3/url'
11:49:09.241 [Forwarding getCurrentUrl on session 1a8601ad9d52522a3c3106b75b3090a3 to remote] DEBUG org.asynchttpclient.netty.request.NettyRequestSender -- Using open Channel [id: 0x6569de87, L:/127.0.0.1:49585 - R:localhost/127.0.0.1:4444] for GET '/wd/hub/session/1a8601ad9d52522a3c3106b75b3090a3/url'
11:49:09.251 [AsyncHttpClient-1-1] DEBUG org.asynchttpclient.netty.channel.DefaultChannelPool -- Entry count for : http://localhost:4444 : 1
11:49:09.257 [AsyncHttpClient-1-4] DEBUG org.asynchttpclient.netty.handler.HttpHandler -- 

Request DefaultFullHttpRequest(decodeResult: success, version: HTTP/1.1, content: EmptyByteBufBE)
GET /wd/hub/session/1a8601ad9d52522a3c3106b75b3090a3/url HTTP/1.1
User-Agent: selenium/4.1.3 (java windows)
Cache-Control: no-cache
traceparent: 00-0ceb0eebea5d0d20b6a1745ca56b7135-cb8df2fe310286bd-01
Content-Type: application/json; charset=utf-8
host: localhost:4444
accept: */*

Response DefaultHttpResponse(decodeResult: success, version: HTTP/1.1)
HTTP/1.1 200 OK
content-type: application/json; charset=utf-8
cache-control: no-cache
content-length: 34

11:49:09.257 [AsyncHttpClient-1-4] DEBUG org.asynchttpclient.netty.channel.ChannelManager -- Adding key: http://localhost:4444 for channel [id: 0x6569de87, L:/127.0.0.1:49585 - R:localhost/127.0.0.1:4444]
11:49:10.040 [Forwarding findElement on session 3f9211adeeaed6232948cfafeff6cbb4 to remote] DEBUG org.asynchttpclient.netty.request.NettyRequestSender -- Using pooled Channel '[id: 0x6569de87, L:/127.0.0.1:49585 - R:localhost/127.0.0.1:4444]' for 'POST' to 'http://localhost:4444/wd/hub/session/3f9211adeeaed6232948cfafeff6cbb4/element'
11:49:10.040 [Forwarding findElement on session 3f9211adeeaed6232948cfafeff6cbb4 to remote] DEBUG org.asynchttpclient.netty.request.NettyRequestSender -- Using open Channel [id: 0x6569de87, L:/127.0.0.1:49585 - R:localhost/127.0.0.1:4444] for POST '/wd/hub/session/3f9211adeeaed6232948cfafeff6cbb4/element'
11:49:10.059 [AsyncHttpClient-1-4] DEBUG org.asynchttpclient.netty.handler.HttpHandler -- 

Request DefaultHttpRequest(decodeResult: success, version: HTTP/1.1)
POST /wd/hub/session/3f9211adeeaed6232948cfafeff6cbb4/element HTTP/1.1
User-Agent: selenium/4.1.3 (java windows)
traceparent: 00-6d90efa00ccb472c73daa063b143befd-c81b487f886e9d0c-01
Content-Length: 79
Content-Type: application/json; charset=utf-8
host: localhost:4444
accept: */*

Response DefaultHttpResponse(decodeResult: success, version: HTTP/1.1)
HTTP/1.1 200 OK
content-type: application/json; charset=utf-8
cache-control: no-cache
content-length: 126

11:49:10.059 [AsyncHttpClient-1-4] DEBUG org.asynchttpclient.netty.channel.ChannelManager -- Adding key: http://localhost:4444 for channel [id: 0x6569de87, L:/127.0.0.1:49585 - R:localhost/127.0.0.1:4444]
11:49:10.062 [Forwarding clickElement on session 3f9211adeeaed6232948cfafeff6cbb4 to remote] DEBUG org.asynchttpclient.netty.request.NettyRequestSender -- Using pooled Channel '[id: 0x6569de87, L:/127.0.0.1:49585 - R:localhost/127.0.0.1:4444]' for 'POST' to 'http://localhost:4444/wd/hub/session/3f9211adeeaed6232948cfafeff6cbb4/element/f.5E15E87CC25C3F89ABD1C502AC9157B0.d.B402EDEA86675ED455F2372EB44A87C0.e.49/click'
11:49:10.062 [Forwarding clickElement on session 3f9211adeeaed6232948cfafeff6cbb4 to remote] DEBUG org.asynchttpclient.netty.request.NettyRequestSender -- Using open Channel [id: 0x6569de87, L:/127.0.0.1:49585 - R:localhost/127.0.0.1:4444] for POST '/wd/hub/session/3f9211adeeaed6232948cfafeff6cbb4/element/f.5E15E87CC25C3F89ABD1C502AC9157B0.d.B402EDEA86675ED455F2372EB44A87C0.e.49/click'
11:49:10.351 [AsyncHttpClient-1-1] DEBUG org.asynchttpclient.netty.channel.DefaultChannelPool -- Entry count for : http://localhost:4444 : 1
11:49:11.454 [AsyncHttpClient-1-1] DEBUG org.asynchttpclient.netty.channel.DefaultChannelPool -- Entry count for : http://localhost:4444 : 1
11:49:12.551 [AsyncHttpClient-1-1] DEBUG org.asynchttpclient.netty.channel.DefaultChannelPool -- Entry count for : http://localhost:4444 : 1
11:49:13.412 [AsyncHttpClient-1-2] DEBUG org.asynchttpclient.netty.handler.HttpHandler -- 

Request DefaultHttpRequest(decodeResult: success, version: HTTP/1.1)
POST /wd/hub/session/c92b95a2dd478a0090ecfbd288cb1b72/element HTTP/1.1
User-Agent: selenium/4.1.3 (java windows)
traceparent: 00-3cd7bea7ca6dd5753e74b29da5bddbee-5e24bb6e3cb98119-01
Content-Length: 110
Content-Type: application/json; charset=utf-8
host: localhost:4444
accept: */*

Response DefaultHttpResponse(decodeResult: success, version: HTTP/1.1)
HTTP/1.1 404 Not Found
content-type: application/json; charset=utf-8
cache-control: no-cache
content-length: 1096

11:49:13.413 [AsyncHttpClient-1-2] DEBUG org.asynchttpclient.netty.channel.ChannelManager -- Adding key: http://localhost:4444 for channel [id: 0x96cd561f, L:/127.0.0.1:49586 - R:localhost/127.0.0.1:4444]
]]></system-out>
    <system-err><![CDATA[Aug 27, 2024 11:48:58 AM org.openqa.selenium.remote.ProtocolHandshake createSession
INFO: Detected dialect: W3C
Aug 27, 2024 11:48:58 AM org.openqa.selenium.remote.ProtocolHandshake createSession
INFO: Detected dialect: W3C
]]></system-err>
  </testcase>
  <testcase name="runScenario[&quot;Check User Can Sing UP&quot;, &quot;Optional[Verify Daraz works properly]&quot;](4)" classname="TestRunner.TestRunner" time="10.92">
    <failure message="no such element: Unable to locate element: {&quot;method&quot;:&quot;xpath&quot;,&quot;selector&quot;:&quot;//a[normalize-space()=&apos;Sign Up&apos;]&quot;}&#10;  (Session info: chrome=128.0.6613.85)&#10;For documentation on this error, please visit: https://selenium.dev/exceptions/#no_such_element&#10;Build info: version: &apos;4.1.3&apos;, revision: &apos;7b1ebf28ef&apos;&#10;System info: host: &apos;DESKTOP-BVQA7TS&apos;, ip: &apos;192.168.56.1&apos;, os.name: &apos;Windows 11&apos;, os.arch: &apos;amd64&apos;, os.version: &apos;10.0&apos;, java.version: &apos;17.0.5&apos;&#10;Driver info: org.openqa.selenium.remote.RemoteWebDriver&#10;Command: [1a8601ad9d52522a3c3106b75b3090a3, findElement {using=xpath, value=//a[normalize-space()=&apos;Sign Up&apos;]}]&#10;Capabilities {acceptInsecureCerts: false, browserName: chrome, browserVersion: 128.0.6613.85, chrome: {chromedriverVersion: 128.0.6613.84 (606aa55c7d68..., userDataDir: C:\Users\RAHULS~1\AppData\L...}, fedcm:accounts: true, goog:chromeOptions: {debuggerAddress: localhost:50117}, javascriptEnabled: true, networkConnectionEnabled: false, pageLoadStrategy: normal, platform: XP, platformName: XP, proxy: Proxy(), se:bidiEnabled: false, se:cdp: ws://localhost:4444/session..., se:cdpVersion: 128.0.6613.85, setWindowRect: true, strictFileInteractability: false, timeouts: {implicit: 0, pageLoad: 300000, script: 30000}, unhandledPromptBehavior: dismiss and notify, webauthn:extension:credBlob: true, webauthn:extension:largeBlob: true, webauthn:extension:minPinLength: true, webauthn:extension:prf: true, webauthn:virtualAuthenticators: true}&#10;Session ID: 1a8601ad9d52522a3c3106b75b3090a3" type="org.openqa.selenium.NoSuchElementException"><![CDATA[org.openqa.selenium.NoSuchElementException: 
no such element: Unable to locate element: {"method":"xpath","selector":"//a[normalize-space()='Sign Up']"}
  (Session info: chrome=128.0.6613.85)
For documentation on this error, please visit: https://selenium.dev/exceptions/#no_such_element
Build info: version: '4.1.3', revision: '7b1ebf28ef'
System info: host: 'DESKTOP-BVQA7TS', ip: '192.168.56.1', os.name: 'Windows 11', os.arch: 'amd64', os.version: '10.0', java.version: '17.0.5'
Driver info: org.openqa.selenium.remote.RemoteWebDriver
Command: [1a8601ad9d52522a3c3106b75b3090a3, findElement {using=xpath, value=//a[normalize-space()='Sign Up']}]
Capabilities {acceptInsecureCerts: false, browserName: chrome, browserVersion: 128.0.6613.85, chrome: {chromedriverVersion: 128.0.6613.84 (606aa55c7d68..., userDataDir: C:\Users\RAHULS~1\AppData\L...}, fedcm:accounts: true, goog:chromeOptions: {debuggerAddress: localhost:50117}, javascriptEnabled: true, networkConnectionEnabled: false, pageLoadStrategy: normal, platform: XP, platformName: XP, proxy: Proxy(), se:bidiEnabled: false, se:cdp: ws://localhost:4444/session..., se:cdpVersion: 128.0.6613.85, setWindowRect: true, strictFileInteractability: false, timeouts: {implicit: 0, pageLoad: 300000, script: 30000}, unhandledPromptBehavior: dismiss and notify, webauthn:extension:credBlob: true, webauthn:extension:largeBlob: true, webauthn:extension:minPinLength: true, webauthn:extension:prf: true, webauthn:virtualAuthenticators: true}
Session ID: 1a8601ad9d52522a3c3106b75b3090a3
]]></failure>
    <system-out><![CDATA[11:49:13.536 [Forwarding newSession on session null to remote] DEBUG org.asynchttpclient.netty.request.NettyRequestSender -- Using pooled Channel '[id: 0x96cd561f, L:/127.0.0.1:49586 - R:localhost/127.0.0.1:4444]' for 'POST' to 'http://localhost:4444/wd/hub/session'
11:49:13.536 [Forwarding newSession on session null to remote] DEBUG org.asynchttpclient.netty.request.NettyRequestSender -- Using open Channel [id: 0x96cd561f, L:/127.0.0.1:49586 - R:localhost/127.0.0.1:4444] for POST '/wd/hub/session'
11:49:13.652 [AsyncHttpClient-1-1] DEBUG org.asynchttpclient.netty.channel.DefaultChannelPool -- Entry count for : http://localhost:4444 : 1
11:49:14.759 [AsyncHttpClient-1-1] DEBUG org.asynchttpclient.netty.channel.DefaultChannelPool -- Entry count for : http://localhost:4444 : 1
11:49:15.319 [AsyncHttpClient-1-2] DEBUG org.asynchttpclient.netty.handler.HttpHandler -- 

Request DefaultHttpRequest(decodeResult: success, version: HTTP/1.1)
POST /wd/hub/session HTTP/1.1
User-Agent: selenium/4.1.3 (java windows)
traceparent: 00-7b9911e0f946a1c05bd2cb3a1397f05c-eef8089409b801da-01
Content-Length: 341
Content-Type: application/json; charset=utf-8
host: localhost:4444
accept: */*

Response DefaultHttpResponse(decodeResult: success, version: HTTP/1.1)
HTTP/1.1 200 OK
Cache-Control: no-cache
Content-Type: application/json; charset=utf-8
content-length: 1350

11:49:15.321 [AsyncHttpClient-1-2] DEBUG org.asynchttpclient.netty.channel.ChannelManager -- Adding key: http://localhost:4444 for channel [id: 0x96cd561f, L:/127.0.0.1:49586 - R:localhost/127.0.0.1:4444]
11:49:15.339 [Forwarding setTimeout on session 4541fb1aaaf4648c0e8fa436516d693f to remote] DEBUG org.asynchttpclient.netty.request.NettyRequestSender -- Using pooled Channel '[id: 0x96cd561f, L:/127.0.0.1:49586 - R:localhost/127.0.0.1:4444]' for 'POST' to 'http://localhost:4444/wd/hub/session/4541fb1aaaf4648c0e8fa436516d693f/timeouts'
11:49:15.340 [Forwarding setTimeout on session 4541fb1aaaf4648c0e8fa436516d693f to remote] DEBUG org.asynchttpclient.netty.request.NettyRequestSender -- Using open Channel [id: 0x96cd561f, L:/127.0.0.1:49586 - R:localhost/127.0.0.1:4444] for POST '/wd/hub/session/4541fb1aaaf4648c0e8fa436516d693f/timeouts'
11:49:15.361 [AsyncHttpClient-1-2] DEBUG org.asynchttpclient.netty.handler.HttpHandler -- 

Request DefaultHttpRequest(decodeResult: success, version: HTTP/1.1)
POST /wd/hub/session/4541fb1aaaf4648c0e8fa436516d693f/timeouts HTTP/1.1
User-Agent: selenium/4.1.3 (java windows)
traceparent: 00-287480d685b4818f5e2fdba050c10520-1ad0d0304a0255aa-01
Content-Length: 22
Content-Type: application/json; charset=utf-8
host: localhost:4444
accept: */*

Response DefaultHttpResponse(decodeResult: success, version: HTTP/1.1)
HTTP/1.1 200 OK
content-type: application/json; charset=utf-8
cache-control: no-cache
content-length: 14

11:49:15.361 [AsyncHttpClient-1-2] DEBUG org.asynchttpclient.netty.channel.ChannelManager -- Adding key: http://localhost:4444 for channel [id: 0x96cd561f, L:/127.0.0.1:49586 - R:localhost/127.0.0.1:4444]
11:49:15.370 [Forwarding maximizeCurrentWindow on session 4541fb1aaaf4648c0e8fa436516d693f to remote] DEBUG org.asynchttpclient.netty.request.NettyRequestSender -- Using pooled Channel '[id: 0x96cd561f, L:/127.0.0.1:49586 - R:localhost/127.0.0.1:4444]' for 'POST' to 'http://localhost:4444/wd/hub/session/4541fb1aaaf4648c0e8fa436516d693f/window/maximize'
11:49:15.371 [Forwarding maximizeCurrentWindow on session 4541fb1aaaf4648c0e8fa436516d693f to remote] DEBUG org.asynchttpclient.netty.request.NettyRequestSender -- Using open Channel [id: 0x96cd561f, L:/127.0.0.1:49586 - R:localhost/127.0.0.1:4444] for POST '/wd/hub/session/4541fb1aaaf4648c0e8fa436516d693f/window/maximize'
11:49:15.440 [AsyncHttpClient-1-2] DEBUG org.asynchttpclient.netty.handler.HttpHandler -- 

Request DefaultHttpRequest(decodeResult: success, version: HTTP/1.1)
POST /wd/hub/session/4541fb1aaaf4648c0e8fa436516d693f/window/maximize HTTP/1.1
User-Agent: selenium/4.1.3 (java windows)
traceparent: 00-f3daa8a9f786b6d57ec4063f4acbf8d8-f51151d2ca56f5eb-01
Content-Length: 3
Content-Type: application/json; charset=utf-8
host: localhost:4444
accept: */*

Response DefaultHttpResponse(decodeResult: success, version: HTTP/1.1)
HTTP/1.1 200 OK
content-type: application/json; charset=utf-8
cache-control: no-cache
content-length: 50

11:49:15.441 [AsyncHttpClient-1-2] DEBUG org.asynchttpclient.netty.channel.ChannelManager -- Adding key: http://localhost:4444 for channel [id: 0x96cd561f, L:/127.0.0.1:49586 - R:localhost/127.0.0.1:4444]
11:49:15.453 [Forwarding get on session 4541fb1aaaf4648c0e8fa436516d693f to remote] DEBUG org.asynchttpclient.netty.request.NettyRequestSender -- Using pooled Channel '[id: 0x96cd561f, L:/127.0.0.1:49586 - R:localhost/127.0.0.1:4444]' for 'POST' to 'http://localhost:4444/wd/hub/session/4541fb1aaaf4648c0e8fa436516d693f/url'
11:49:15.453 [Forwarding get on session 4541fb1aaaf4648c0e8fa436516d693f to remote] DEBUG org.asynchttpclient.netty.request.NettyRequestSender -- Using open Channel [id: 0x96cd561f, L:/127.0.0.1:49586 - R:localhost/127.0.0.1:4444] for POST '/wd/hub/session/4541fb1aaaf4648c0e8fa436516d693f/url'
11:49:15.854 [AsyncHttpClient-1-1] DEBUG org.asynchttpclient.netty.channel.DefaultChannelPool -- Entry count for : http://localhost:4444 : 1
11:49:16.955 [AsyncHttpClient-1-1] DEBUG org.asynchttpclient.netty.channel.DefaultChannelPool -- Entry count for : http://localhost:4444 : 1
11:49:18.057 [AsyncHttpClient-1-1] DEBUG org.asynchttpclient.netty.channel.DefaultChannelPool -- Entry count for : http://localhost:4444 : 1
11:49:19.153 [AsyncHttpClient-1-1] DEBUG org.asynchttpclient.netty.channel.DefaultChannelPool -- Entry count for : http://localhost:4444 : 1
11:49:19.260 [Forwarding findElement on session 1a8601ad9d52522a3c3106b75b3090a3 to remote] DEBUG org.asynchttpclient.netty.request.NettyRequestSender -- Using pooled Channel '[id: 0x18146819, L:/127.0.0.1:49584 - R:localhost/127.0.0.1:4444]' for 'POST' to 'http://localhost:4444/wd/hub/session/1a8601ad9d52522a3c3106b75b3090a3/element'
11:49:19.260 [Forwarding findElement on session 1a8601ad9d52522a3c3106b75b3090a3 to remote] DEBUG org.asynchttpclient.netty.request.NettyRequestSender -- Using open Channel [id: 0x18146819, L:/127.0.0.1:49584 - R:localhost/127.0.0.1:4444] for POST '/wd/hub/session/1a8601ad9d52522a3c3106b75b3090a3/element'
11:49:21.125 [AsyncHttpClient-1-4] DEBUG org.asynchttpclient.netty.handler.HttpHandler -- 

Request DefaultHttpRequest(decodeResult: success, version: HTTP/1.1)
POST /wd/hub/session/3f9211adeeaed6232948cfafeff6cbb4/element/f.5E15E87CC25C3F89ABD1C502AC9157B0.d.B402EDEA86675ED455F2372EB44A87C0.e.49/click HTTP/1.1
User-Agent: selenium/4.1.3 (java windows)
traceparent: 00-1de024dd448bc29819d5e2a3d3eb31dc-fe01e873748dbba5-01
Content-Length: 88
Content-Type: application/json; charset=utf-8
host: localhost:4444
accept: */*

Response DefaultHttpResponse(decodeResult: success, version: HTTP/1.1)
HTTP/1.1 200 OK
content-type: application/json; charset=utf-8
cache-control: no-cache
content-length: 14

11:49:21.125 [AsyncHttpClient-1-4] DEBUG org.asynchttpclient.netty.channel.ChannelManager -- Adding key: http://localhost:4444 for channel [id: 0x6569de87, L:/127.0.0.1:49585 - R:localhost/127.0.0.1:4444]
11:49:21.351 [AsyncHttpClient-1-1] DEBUG org.asynchttpclient.netty.channel.DefaultChannelPool -- Entry count for : http://localhost:4444 : 1
11:49:22.144 [Forwarding findElement on session 3f9211adeeaed6232948cfafeff6cbb4 to remote] DEBUG org.asynchttpclient.netty.request.NettyRequestSender -- Using pooled Channel '[id: 0x6569de87, L:/127.0.0.1:49585 - R:localhost/127.0.0.1:4444]' for 'POST' to 'http://localhost:4444/wd/hub/session/3f9211adeeaed6232948cfafeff6cbb4/element'
11:49:22.144 [Forwarding findElement on session 3f9211adeeaed6232948cfafeff6cbb4 to remote] DEBUG org.asynchttpclient.netty.request.NettyRequestSender -- Using open Channel [id: 0x6569de87, L:/127.0.0.1:49585 - R:localhost/127.0.0.1:4444] for POST '/wd/hub/session/3f9211adeeaed6232948cfafeff6cbb4/element'
11:49:22.209 [AsyncHttpClient-1-4] DEBUG org.asynchttpclient.netty.handler.HttpHandler -- 

Request DefaultHttpRequest(decodeResult: success, version: HTTP/1.1)
POST /wd/hub/session/3f9211adeeaed6232948cfafeff6cbb4/element HTTP/1.1
User-Agent: selenium/4.1.3 (java windows)
traceparent: 00-ac15f47adf71d847103407197ff30bc6-97e57cb0e2473c0b-01
Content-Length: 92
Content-Type: application/json; charset=utf-8
host: localhost:4444
accept: */*

Response DefaultHttpResponse(decodeResult: success, version: HTTP/1.1)
HTTP/1.1 200 OK
content-type: application/json; charset=utf-8
cache-control: no-cache
content-length: 127

11:49:22.209 [AsyncHttpClient-1-4] DEBUG org.asynchttpclient.netty.channel.ChannelManager -- Adding key: http://localhost:4444 for channel [id: 0x6569de87, L:/127.0.0.1:49585 - R:localhost/127.0.0.1:4444]
11:49:22.220 [Forwarding isElementDisplayed on session 3f9211adeeaed6232948cfafeff6cbb4 to remote] DEBUG org.asynchttpclient.netty.request.NettyRequestSender -- Using pooled Channel '[id: 0x6569de87, L:/127.0.0.1:49585 - R:localhost/127.0.0.1:4444]' for 'POST' to 'http://localhost:4444/wd/hub/session/3f9211adeeaed6232948cfafeff6cbb4/execute/sync'
11:49:22.220 [Forwarding isElementDisplayed on session 3f9211adeeaed6232948cfafeff6cbb4 to remote] DEBUG org.asynchttpclient.netty.request.NettyRequestSender -- Using open Channel [id: 0x6569de87, L:/127.0.0.1:49585 - R:localhost/127.0.0.1:4444] for POST '/wd/hub/session/3f9211adeeaed6232948cfafeff6cbb4/execute/sync'
11:49:22.262 [AsyncHttpClient-1-4] DEBUG org.asynchttpclient.netty.handler.HttpHandler -- 

Request DefaultHttpRequest(decodeResult: success, version: HTTP/1.1)
POST /wd/hub/session/3f9211adeeaed6232948cfafeff6cbb4/execute/sync HTTP/1.1
User-Agent: selenium/4.1.3 (java windows)
traceparent: 00-dc5349d5e5327896ca63faed7050fc6b-b2e3e85ebd9e51a8-01
Content-Length: 48819
Content-Type: application/json; charset=utf-8
host: localhost:4444
accept: */*

Response DefaultHttpResponse(decodeResult: success, version: HTTP/1.1)
HTTP/1.1 200 OK
content-type: application/json; charset=utf-8
cache-control: no-cache
content-length: 14

11:49:22.262 [AsyncHttpClient-1-4] DEBUG org.asynchttpclient.netty.channel.ChannelManager -- Adding key: http://localhost:4444 for channel [id: 0x6569de87, L:/127.0.0.1:49585 - R:localhost/127.0.0.1:4444]
11:49:22.454 [AsyncHttpClient-1-1] DEBUG org.asynchttpclient.netty.channel.DefaultChannelPool -- Entry count for : http://localhost:4444 : 1
11:49:23.276 [Forwarding findElement on session 3f9211adeeaed6232948cfafeff6cbb4 to remote] DEBUG org.asynchttpclient.netty.request.NettyRequestSender -- Using pooled Channel '[id: 0x6569de87, L:/127.0.0.1:49585 - R:localhost/127.0.0.1:4444]' for 'POST' to 'http://localhost:4444/wd/hub/session/3f9211adeeaed6232948cfafeff6cbb4/element'
11:49:23.276 [Forwarding findElement on session 3f9211adeeaed6232948cfafeff6cbb4 to remote] DEBUG org.asynchttpclient.netty.request.NettyRequestSender -- Using open Channel [id: 0x6569de87, L:/127.0.0.1:49585 - R:localhost/127.0.0.1:4444] for POST '/wd/hub/session/3f9211adeeaed6232948cfafeff6cbb4/element'
11:49:23.341 [AsyncHttpClient-1-4] DEBUG org.asynchttpclient.netty.handler.HttpHandler -- 

Request DefaultHttpRequest(decodeResult: success, version: HTTP/1.1)
POST /wd/hub/session/3f9211adeeaed6232948cfafeff6cbb4/element HTTP/1.1
User-Agent: selenium/4.1.3 (java windows)
traceparent: 00-7ce47f15b4fd80add829bc1454b32930-2d324969ff2fb395-01
Content-Length: 92
Content-Type: application/json; charset=utf-8
host: localhost:4444
accept: */*

Response DefaultHttpResponse(decodeResult: success, version: HTTP/1.1)
HTTP/1.1 200 OK
content-type: application/json; charset=utf-8
cache-control: no-cache
content-length: 127

11:49:23.342 [AsyncHttpClient-1-4] DEBUG org.asynchttpclient.netty.channel.ChannelManager -- Adding key: http://localhost:4444 for channel [id: 0x6569de87, L:/127.0.0.1:49585 - R:localhost/127.0.0.1:4444]
11:49:23.351 [Forwarding isElementDisplayed on session 3f9211adeeaed6232948cfafeff6cbb4 to remote] DEBUG org.asynchttpclient.netty.request.NettyRequestSender -- Using pooled Channel '[id: 0x6569de87, L:/127.0.0.1:49585 - R:localhost/127.0.0.1:4444]' for 'POST' to 'http://localhost:4444/wd/hub/session/3f9211adeeaed6232948cfafeff6cbb4/execute/sync'
11:49:23.351 [Forwarding isElementDisplayed on session 3f9211adeeaed6232948cfafeff6cbb4 to remote] DEBUG org.asynchttpclient.netty.request.NettyRequestSender -- Using open Channel [id: 0x6569de87, L:/127.0.0.1:49585 - R:localhost/127.0.0.1:4444] for POST '/wd/hub/session/3f9211adeeaed6232948cfafeff6cbb4/execute/sync'
11:49:23.390 [AsyncHttpClient-1-4] DEBUG org.asynchttpclient.netty.handler.HttpHandler -- 

Request DefaultHttpRequest(decodeResult: success, version: HTTP/1.1)
POST /wd/hub/session/3f9211adeeaed6232948cfafeff6cbb4/execute/sync HTTP/1.1
User-Agent: selenium/4.1.3 (java windows)
traceparent: 00-2b8573de6329456c0d8733f163c18501-de880b727859fd2e-01
Content-Length: 48819
Content-Type: application/json; charset=utf-8
host: localhost:4444
accept: */*

Response DefaultHttpResponse(decodeResult: success, version: HTTP/1.1)
HTTP/1.1 200 OK
content-type: application/json; charset=utf-8
cache-control: no-cache
content-length: 14

11:49:23.391 [AsyncHttpClient-1-4] DEBUG org.asynchttpclient.netty.channel.ChannelManager -- Adding key: http://localhost:4444 for channel [id: 0x6569de87, L:/127.0.0.1:49585 - R:localhost/127.0.0.1:4444]
11:49:23.399 [Forwarding findElement on session 3f9211adeeaed6232948cfafeff6cbb4 to remote] DEBUG org.asynchttpclient.netty.request.NettyRequestSender -- Using pooled Channel '[id: 0x6569de87, L:/127.0.0.1:49585 - R:localhost/127.0.0.1:4444]' for 'POST' to 'http://localhost:4444/wd/hub/session/3f9211adeeaed6232948cfafeff6cbb4/element'
11:49:23.400 [Forwarding findElement on session 3f9211adeeaed6232948cfafeff6cbb4 to remote] DEBUG org.asynchttpclient.netty.request.NettyRequestSender -- Using open Channel [id: 0x6569de87, L:/127.0.0.1:49585 - R:localhost/127.0.0.1:4444] for POST '/wd/hub/session/3f9211adeeaed6232948cfafeff6cbb4/element'
11:49:23.435 [AsyncHttpClient-1-4] DEBUG org.asynchttpclient.netty.handler.HttpHandler -- 

Request DefaultHttpRequest(decodeResult: success, version: HTTP/1.1)
POST /wd/hub/session/3f9211adeeaed6232948cfafeff6cbb4/element HTTP/1.1
User-Agent: selenium/4.1.3 (java windows)
traceparent: 00-e80f3206b87219095123d88f70ce3a5a-3c88b12f381e6df3-01
Content-Length: 92
Content-Type: application/json; charset=utf-8
host: localhost:4444
accept: */*

Response DefaultHttpResponse(decodeResult: success, version: HTTP/1.1)
HTTP/1.1 200 OK
content-type: application/json; charset=utf-8
cache-control: no-cache
content-length: 127

11:49:23.436 [AsyncHttpClient-1-4] DEBUG org.asynchttpclient.netty.channel.ChannelManager -- Adding key: http://localhost:4444 for channel [id: 0x6569de87, L:/127.0.0.1:49585 - R:localhost/127.0.0.1:4444]
11:49:23.441 [Forwarding clickElement on session 3f9211adeeaed6232948cfafeff6cbb4 to remote] DEBUG org.asynchttpclient.netty.request.NettyRequestSender -- Using pooled Channel '[id: 0x6569de87, L:/127.0.0.1:49585 - R:localhost/127.0.0.1:4444]' for 'POST' to 'http://localhost:4444/wd/hub/session/3f9211adeeaed6232948cfafeff6cbb4/element/f.5E15E87CC25C3F89ABD1C502AC9157B0.d.3EC27A9A67D3CD575C70F7D8622251BB.e.186/click'
11:49:23.443 [Forwarding clickElement on session 3f9211adeeaed6232948cfafeff6cbb4 to remote] DEBUG org.asynchttpclient.netty.request.NettyRequestSender -- Using open Channel [id: 0x6569de87, L:/127.0.0.1:49585 - R:localhost/127.0.0.1:4444] for POST '/wd/hub/session/3f9211adeeaed6232948cfafeff6cbb4/element/f.5E15E87CC25C3F89ABD1C502AC9157B0.d.3EC27A9A67D3CD575C70F7D8622251BB.e.186/click'
11:49:23.663 [AsyncHttpClient-1-4] DEBUG org.asynchttpclient.netty.handler.HttpHandler -- 

Request DefaultHttpRequest(decodeResult: success, version: HTTP/1.1)
POST /wd/hub/session/3f9211adeeaed6232948cfafeff6cbb4/element/f.5E15E87CC25C3F89ABD1C502AC9157B0.d.3EC27A9A67D3CD575C70F7D8622251BB.e.186/click HTTP/1.1
User-Agent: selenium/4.1.3 (java windows)
traceparent: 00-843170a643e5470aab3795465217e548-3167395493c926f9-01
Content-Length: 89
Content-Type: application/json; charset=utf-8
host: localhost:4444
accept: */*

Response DefaultHttpResponse(decodeResult: success, version: HTTP/1.1)
HTTP/1.1 200 OK
content-type: application/json; charset=utf-8
cache-control: no-cache
content-length: 14

11:49:23.663 [AsyncHttpClient-1-4] DEBUG org.asynchttpclient.netty.channel.ChannelManager -- Adding key: http://localhost:4444 for channel [id: 0x6569de87, L:/127.0.0.1:49585 - R:localhost/127.0.0.1:4444]
11:49:24.330 [AsyncHttpClient-1-3] DEBUG org.asynchttpclient.netty.handler.HttpHandler -- 

Request DefaultHttpRequest(decodeResult: success, version: HTTP/1.1)
POST /wd/hub/session/1a8601ad9d52522a3c3106b75b3090a3/element HTTP/1.1
User-Agent: selenium/4.1.3 (java windows)
traceparent: 00-dc74d068cf3fb313b3363a4ea910c76f-9bbe845ed880afc4-01
Content-Length: 79
Content-Type: application/json; charset=utf-8
host: localhost:4444
accept: */*

Response DefaultHttpResponse(decodeResult: success, version: HTTP/1.1)
HTTP/1.1 404 Not Found
content-type: application/json; charset=utf-8
cache-control: no-cache
content-length: 1065

11:49:24.331 [AsyncHttpClient-1-3] DEBUG org.asynchttpclient.netty.channel.ChannelManager -- Adding key: http://localhost:4444 for channel [id: 0x18146819, L:/127.0.0.1:49584 - R:localhost/127.0.0.1:4444]
]]></system-out>
    <system-err><![CDATA[Aug 27, 2024 11:49:15 AM org.openqa.selenium.remote.ProtocolHandshake createSession
INFO: Detected dialect: W3C
]]></system-err>
  </testcase>
  <testcase name="runScenario[&quot;Verify Bikroy logo work properly&quot;, &quot;Optional[Verify Brikroy.com Website work properly]&quot;](5)" classname="TestRunner.TestRunner" time="9.555">
    <system-out><![CDATA[11:49:24.444 [Forwarding newSession on session null to remote] DEBUG org.asynchttpclient.netty.request.NettyRequestSender -- Using pooled Channel '[id: 0x18146819, L:/127.0.0.1:49584 - R:localhost/127.0.0.1:4444]' for 'POST' to 'http://localhost:4444/wd/hub/session'
11:49:24.444 [Forwarding newSession on session null to remote] DEBUG org.asynchttpclient.netty.request.NettyRequestSender -- Using open Channel [id: 0x18146819, L:/127.0.0.1:49584 - R:localhost/127.0.0.1:4444] for POST '/wd/hub/session'
11:49:24.660 [AsyncHttpClient-1-1] DEBUG org.asynchttpclient.netty.channel.DefaultChannelPool -- Entry count for : http://localhost:4444 : 1
11:49:24.684 [Forwarding findElement on session 3f9211adeeaed6232948cfafeff6cbb4 to remote] DEBUG org.asynchttpclient.netty.request.NettyRequestSender -- Using pooled Channel '[id: 0x6569de87, L:/127.0.0.1:49585 - R:localhost/127.0.0.1:4444]' for 'POST' to 'http://localhost:4444/wd/hub/session/3f9211adeeaed6232948cfafeff6cbb4/element'
11:49:24.685 [Forwarding findElement on session 3f9211adeeaed6232948cfafeff6cbb4 to remote] DEBUG org.asynchttpclient.netty.request.NettyRequestSender -- Using open Channel [id: 0x6569de87, L:/127.0.0.1:49585 - R:localhost/127.0.0.1:4444] for POST '/wd/hub/session/3f9211adeeaed6232948cfafeff6cbb4/element'
11:49:24.739 [AsyncHttpClient-1-4] DEBUG org.asynchttpclient.netty.handler.HttpHandler -- 

Request DefaultHttpRequest(decodeResult: success, version: HTTP/1.1)
POST /wd/hub/session/3f9211adeeaed6232948cfafeff6cbb4/element HTTP/1.1
User-Agent: selenium/4.1.3 (java windows)
traceparent: 00-d772e210537db76fbc8c8e53f4457226-1891969b07909157-01
Content-Length: 82
Content-Type: application/json; charset=utf-8
host: localhost:4444
accept: */*

Response DefaultHttpResponse(decodeResult: success, version: HTTP/1.1)
HTTP/1.1 200 OK
content-type: application/json; charset=utf-8
cache-control: no-cache
content-length: 127

11:49:24.740 [AsyncHttpClient-1-4] DEBUG org.asynchttpclient.netty.channel.ChannelManager -- Adding key: http://localhost:4444 for channel [id: 0x6569de87, L:/127.0.0.1:49585 - R:localhost/127.0.0.1:4444]
11:49:24.747 [Forwarding isElementDisplayed on session 3f9211adeeaed6232948cfafeff6cbb4 to remote] DEBUG org.asynchttpclient.netty.request.NettyRequestSender -- Using pooled Channel '[id: 0x6569de87, L:/127.0.0.1:49585 - R:localhost/127.0.0.1:4444]' for 'POST' to 'http://localhost:4444/wd/hub/session/3f9211adeeaed6232948cfafeff6cbb4/execute/sync'
11:49:24.748 [Forwarding isElementDisplayed on session 3f9211adeeaed6232948cfafeff6cbb4 to remote] DEBUG org.asynchttpclient.netty.request.NettyRequestSender -- Using open Channel [id: 0x6569de87, L:/127.0.0.1:49585 - R:localhost/127.0.0.1:4444] for POST '/wd/hub/session/3f9211adeeaed6232948cfafeff6cbb4/execute/sync'
11:49:24.800 [AsyncHttpClient-1-4] DEBUG org.asynchttpclient.netty.handler.HttpHandler -- 

Request DefaultHttpRequest(decodeResult: success, version: HTTP/1.1)
POST /wd/hub/session/3f9211adeeaed6232948cfafeff6cbb4/execute/sync HTTP/1.1
User-Agent: selenium/4.1.3 (java windows)
traceparent: 00-7ad57335f5d3304ab9a28d4fb1680a2b-b391afb6bf33c165-01
Content-Length: 48819
Content-Type: application/json; charset=utf-8
host: localhost:4444
accept: */*

Response DefaultHttpResponse(decodeResult: success, version: HTTP/1.1)
HTTP/1.1 200 OK
content-type: application/json; charset=utf-8
cache-control: no-cache
content-length: 14

11:49:24.800 [AsyncHttpClient-1-4] DEBUG org.asynchttpclient.netty.channel.ChannelManager -- Adding key: http://localhost:4444 for channel [id: 0x6569de87, L:/127.0.0.1:49585 - R:localhost/127.0.0.1:4444]
11:49:24.963 [AsyncHttpClient-1-2] DEBUG org.asynchttpclient.netty.handler.HttpHandler -- 

Request DefaultHttpRequest(decodeResult: success, version: HTTP/1.1)
POST /wd/hub/session/4541fb1aaaf4648c0e8fa436516d693f/url HTTP/1.1
User-Agent: selenium/4.1.3 (java windows)
traceparent: 00-5827fb8e8c8dd838612a03c62086a088-6afd502c18181bd4-01
Content-Length: 57
Content-Type: application/json; charset=utf-8
host: localhost:4444
accept: */*

Response DefaultHttpResponse(decodeResult: success, version: HTTP/1.1)
HTTP/1.1 200 OK
content-type: application/json; charset=utf-8
cache-control: no-cache
content-length: 14

11:49:24.963 [AsyncHttpClient-1-2] DEBUG org.asynchttpclient.netty.channel.ChannelManager -- Adding key: http://localhost:4444 for channel [id: 0x96cd561f, L:/127.0.0.1:49586 - R:localhost/127.0.0.1:4444]
11:49:24.968 [Forwarding getCurrentUrl on session 4541fb1aaaf4648c0e8fa436516d693f to remote] DEBUG org.asynchttpclient.netty.request.NettyRequestSender -- Using pooled Channel '[id: 0x96cd561f, L:/127.0.0.1:49586 - R:localhost/127.0.0.1:4444]' for 'GET' to 'http://localhost:4444/wd/hub/session/4541fb1aaaf4648c0e8fa436516d693f/url'
11:49:24.968 [Forwarding getCurrentUrl on session 4541fb1aaaf4648c0e8fa436516d693f to remote] DEBUG org.asynchttpclient.netty.request.NettyRequestSender -- Using open Channel [id: 0x96cd561f, L:/127.0.0.1:49586 - R:localhost/127.0.0.1:4444] for GET '/wd/hub/session/4541fb1aaaf4648c0e8fa436516d693f/url'
11:49:24.992 [AsyncHttpClient-1-2] DEBUG org.asynchttpclient.netty.handler.HttpHandler -- 

Request DefaultFullHttpRequest(decodeResult: success, version: HTTP/1.1, content: EmptyByteBufBE)
GET /wd/hub/session/4541fb1aaaf4648c0e8fa436516d693f/url HTTP/1.1
User-Agent: selenium/4.1.3 (java windows)
Cache-Control: no-cache
traceparent: 00-91d6f8321e799de1cebb6bb13ed6050e-cb786aaea900edc6-01
Content-Type: application/json; charset=utf-8
host: localhost:4444
accept: */*

Response DefaultHttpResponse(decodeResult: success, version: HTTP/1.1)
HTTP/1.1 200 OK
content-type: application/json; charset=utf-8
cache-control: no-cache
content-length: 34

11:49:24.992 [AsyncHttpClient-1-2] DEBUG org.asynchttpclient.netty.channel.ChannelManager -- Adding key: http://localhost:4444 for channel [id: 0x96cd561f, L:/127.0.0.1:49586 - R:localhost/127.0.0.1:4444]
11:49:25.768 [AsyncHttpClient-1-1] DEBUG org.asynchttpclient.netty.channel.DefaultChannelPool -- Entry count for : http://localhost:4444 : 2
11:49:25.836 [Forwarding findElement on session 3f9211adeeaed6232948cfafeff6cbb4 to remote] DEBUG org.asynchttpclient.netty.request.NettyRequestSender -- Using pooled Channel '[id: 0x96cd561f, L:/127.0.0.1:49586 - R:localhost/127.0.0.1:4444]' for 'POST' to 'http://localhost:4444/wd/hub/session/3f9211adeeaed6232948cfafeff6cbb4/element'
11:49:25.837 [Forwarding findElement on session 3f9211adeeaed6232948cfafeff6cbb4 to remote] DEBUG org.asynchttpclient.netty.request.NettyRequestSender -- Using open Channel [id: 0x96cd561f, L:/127.0.0.1:49586 - R:localhost/127.0.0.1:4444] for POST '/wd/hub/session/3f9211adeeaed6232948cfafeff6cbb4/element'
11:49:25.879 [AsyncHttpClient-1-2] DEBUG org.asynchttpclient.netty.handler.HttpHandler -- 

Request DefaultHttpRequest(decodeResult: success, version: HTTP/1.1)
POST /wd/hub/session/3f9211adeeaed6232948cfafeff6cbb4/element HTTP/1.1
User-Agent: selenium/4.1.3 (java windows)
traceparent: 00-e1f8296ddac41a91fffb13bd01f2b484-cdf935932dff53a7-01
Content-Length: 82
Content-Type: application/json; charset=utf-8
host: localhost:4444
accept: */*

Response DefaultHttpResponse(decodeResult: success, version: HTTP/1.1)
HTTP/1.1 200 OK
content-type: application/json; charset=utf-8
cache-control: no-cache
content-length: 127

11:49:25.879 [AsyncHttpClient-1-2] DEBUG org.asynchttpclient.netty.channel.ChannelManager -- Adding key: http://localhost:4444 for channel [id: 0x96cd561f, L:/127.0.0.1:49586 - R:localhost/127.0.0.1:4444]
11:49:25.890 [Forwarding isElementDisplayed on session 3f9211adeeaed6232948cfafeff6cbb4 to remote] DEBUG org.asynchttpclient.netty.request.NettyRequestSender -- Using pooled Channel '[id: 0x96cd561f, L:/127.0.0.1:49586 - R:localhost/127.0.0.1:4444]' for 'POST' to 'http://localhost:4444/wd/hub/session/3f9211adeeaed6232948cfafeff6cbb4/execute/sync'
11:49:25.890 [Forwarding isElementDisplayed on session 3f9211adeeaed6232948cfafeff6cbb4 to remote] DEBUG org.asynchttpclient.netty.request.NettyRequestSender -- Using open Channel [id: 0x96cd561f, L:/127.0.0.1:49586 - R:localhost/127.0.0.1:4444] for POST '/wd/hub/session/3f9211adeeaed6232948cfafeff6cbb4/execute/sync'
11:49:25.930 [AsyncHttpClient-1-2] DEBUG org.asynchttpclient.netty.handler.HttpHandler -- 

Request DefaultHttpRequest(decodeResult: success, version: HTTP/1.1)
POST /wd/hub/session/3f9211adeeaed6232948cfafeff6cbb4/execute/sync HTTP/1.1
User-Agent: selenium/4.1.3 (java windows)
traceparent: 00-df5a5523b9d009b568143ea3edd5a68f-a50b0c3e60c40e42-01
Content-Length: 48819
Content-Type: application/json; charset=utf-8
host: localhost:4444
accept: */*

Response DefaultHttpResponse(decodeResult: success, version: HTTP/1.1)
HTTP/1.1 200 OK
content-type: application/json; charset=utf-8
cache-control: no-cache
content-length: 14

11:49:25.934 [AsyncHttpClient-1-2] DEBUG org.asynchttpclient.netty.channel.ChannelManager -- Adding key: http://localhost:4444 for channel [id: 0x96cd561f, L:/127.0.0.1:49586 - R:localhost/127.0.0.1:4444]
11:49:25.939 [Forwarding findElement on session 3f9211adeeaed6232948cfafeff6cbb4 to remote] DEBUG org.asynchttpclient.netty.request.NettyRequestSender -- Using pooled Channel '[id: 0x96cd561f, L:/127.0.0.1:49586 - R:localhost/127.0.0.1:4444]' for 'POST' to 'http://localhost:4444/wd/hub/session/3f9211adeeaed6232948cfafeff6cbb4/element'
11:49:25.939 [Forwarding findElement on session 3f9211adeeaed6232948cfafeff6cbb4 to remote] DEBUG org.asynchttpclient.netty.request.NettyRequestSender -- Using open Channel [id: 0x96cd561f, L:/127.0.0.1:49586 - R:localhost/127.0.0.1:4444] for POST '/wd/hub/session/3f9211adeeaed6232948cfafeff6cbb4/element'
11:49:25.993 [AsyncHttpClient-1-2] DEBUG org.asynchttpclient.netty.handler.HttpHandler -- 

Request DefaultHttpRequest(decodeResult: success, version: HTTP/1.1)
POST /wd/hub/session/3f9211adeeaed6232948cfafeff6cbb4/element HTTP/1.1
User-Agent: selenium/4.1.3 (java windows)
traceparent: 00-73d3995aab26d79a48bc3d3b6ea313ad-2128b2c674f07a4e-01
Content-Length: 82
Content-Type: application/json; charset=utf-8
host: localhost:4444
accept: */*

Response DefaultHttpResponse(decodeResult: success, version: HTTP/1.1)
HTTP/1.1 200 OK
content-type: application/json; charset=utf-8
cache-control: no-cache
content-length: 127

11:49:25.993 [AsyncHttpClient-1-2] DEBUG org.asynchttpclient.netty.channel.ChannelManager -- Adding key: http://localhost:4444 for channel [id: 0x96cd561f, L:/127.0.0.1:49586 - R:localhost/127.0.0.1:4444]
11:49:25.996 [Forwarding clickElement on session 3f9211adeeaed6232948cfafeff6cbb4 to remote] DEBUG org.asynchttpclient.netty.request.NettyRequestSender -- Using pooled Channel '[id: 0x96cd561f, L:/127.0.0.1:49586 - R:localhost/127.0.0.1:4444]' for 'POST' to 'http://localhost:4444/wd/hub/session/3f9211adeeaed6232948cfafeff6cbb4/element/f.5E15E87CC25C3F89ABD1C502AC9157B0.d.3EC27A9A67D3CD575C70F7D8622251BB.e.218/click'
11:49:25.996 [Forwarding clickElement on session 3f9211adeeaed6232948cfafeff6cbb4 to remote] DEBUG org.asynchttpclient.netty.request.NettyRequestSender -- Using open Channel [id: 0x96cd561f, L:/127.0.0.1:49586 - R:localhost/127.0.0.1:4444] for POST '/wd/hub/session/3f9211adeeaed6232948cfafeff6cbb4/element/f.5E15E87CC25C3F89ABD1C502AC9157B0.d.3EC27A9A67D3CD575C70F7D8622251BB.e.218/click'
11:49:26.140 [AsyncHttpClient-1-2] DEBUG org.asynchttpclient.netty.handler.HttpHandler -- 

Request DefaultHttpRequest(decodeResult: success, version: HTTP/1.1)
POST /wd/hub/session/3f9211adeeaed6232948cfafeff6cbb4/element/f.5E15E87CC25C3F89ABD1C502AC9157B0.d.3EC27A9A67D3CD575C70F7D8622251BB.e.218/click HTTP/1.1
User-Agent: selenium/4.1.3 (java windows)
traceparent: 00-16c80a9b7d8015893abbeaa26ab1a7da-e09afa831b5219ca-01
Content-Length: 89
Content-Type: application/json; charset=utf-8
host: localhost:4444
accept: */*

Response DefaultHttpResponse(decodeResult: success, version: HTTP/1.1)
HTTP/1.1 200 OK
content-type: application/json; charset=utf-8
cache-control: no-cache
content-length: 14

11:49:26.141 [AsyncHttpClient-1-2] DEBUG org.asynchttpclient.netty.channel.ChannelManager -- Adding key: http://localhost:4444 for channel [id: 0x96cd561f, L:/127.0.0.1:49586 - R:localhost/127.0.0.1:4444]
11:49:26.315 [AsyncHttpClient-1-3] DEBUG org.asynchttpclient.netty.handler.HttpHandler -- 

Request DefaultHttpRequest(decodeResult: success, version: HTTP/1.1)
POST /wd/hub/session HTTP/1.1
User-Agent: selenium/4.1.3 (java windows)
traceparent: 00-fc6eb2aa28a16edd6cf8fc31e046a82d-925cff2868184f1d-01
Content-Length: 341
Content-Type: application/json; charset=utf-8
host: localhost:4444
accept: */*

Response DefaultHttpResponse(decodeResult: success, version: HTTP/1.1)
HTTP/1.1 200 OK
Cache-Control: no-cache
Content-Type: application/json; charset=utf-8
content-length: 1350

11:49:26.316 [AsyncHttpClient-1-3] DEBUG org.asynchttpclient.netty.channel.ChannelManager -- Adding key: http://localhost:4444 for channel [id: 0x18146819, L:/127.0.0.1:49584 - R:localhost/127.0.0.1:4444]
11:49:26.328 [Forwarding setTimeout on session eb26feef0c8be90c317372dbf3be1a81 to remote] DEBUG org.asynchttpclient.netty.request.NettyRequestSender -- Using pooled Channel '[id: 0x18146819, L:/127.0.0.1:49584 - R:localhost/127.0.0.1:4444]' for 'POST' to 'http://localhost:4444/wd/hub/session/eb26feef0c8be90c317372dbf3be1a81/timeouts'
11:49:26.329 [Forwarding setTimeout on session eb26feef0c8be90c317372dbf3be1a81 to remote] DEBUG org.asynchttpclient.netty.request.NettyRequestSender -- Using open Channel [id: 0x18146819, L:/127.0.0.1:49584 - R:localhost/127.0.0.1:4444] for POST '/wd/hub/session/eb26feef0c8be90c317372dbf3be1a81/timeouts'
11:49:26.345 [AsyncHttpClient-1-3] DEBUG org.asynchttpclient.netty.handler.HttpHandler -- 

Request DefaultHttpRequest(decodeResult: success, version: HTTP/1.1)
POST /wd/hub/session/eb26feef0c8be90c317372dbf3be1a81/timeouts HTTP/1.1
User-Agent: selenium/4.1.3 (java windows)
traceparent: 00-6fbba88d07a21c403f1ee08448b0d11f-2ca3b45763e48b76-01
Content-Length: 22
Content-Type: application/json; charset=utf-8
host: localhost:4444
accept: */*

Response DefaultHttpResponse(decodeResult: success, version: HTTP/1.1)
HTTP/1.1 200 OK
content-type: application/json; charset=utf-8
cache-control: no-cache
content-length: 14

11:49:26.345 [AsyncHttpClient-1-3] DEBUG org.asynchttpclient.netty.channel.ChannelManager -- Adding key: http://localhost:4444 for channel [id: 0x18146819, L:/127.0.0.1:49584 - R:localhost/127.0.0.1:4444]
11:49:26.349 [Forwarding maximizeCurrentWindow on session eb26feef0c8be90c317372dbf3be1a81 to remote] DEBUG org.asynchttpclient.netty.request.NettyRequestSender -- Using pooled Channel '[id: 0x18146819, L:/127.0.0.1:49584 - R:localhost/127.0.0.1:4444]' for 'POST' to 'http://localhost:4444/wd/hub/session/eb26feef0c8be90c317372dbf3be1a81/window/maximize'
11:49:26.349 [Forwarding maximizeCurrentWindow on session eb26feef0c8be90c317372dbf3be1a81 to remote] DEBUG org.asynchttpclient.netty.request.NettyRequestSender -- Using open Channel [id: 0x18146819, L:/127.0.0.1:49584 - R:localhost/127.0.0.1:4444] for POST '/wd/hub/session/eb26feef0c8be90c317372dbf3be1a81/window/maximize'
11:49:26.401 [AsyncHttpClient-1-3] DEBUG org.asynchttpclient.netty.handler.HttpHandler -- 

Request DefaultHttpRequest(decodeResult: success, version: HTTP/1.1)
POST /wd/hub/session/eb26feef0c8be90c317372dbf3be1a81/window/maximize HTTP/1.1
User-Agent: selenium/4.1.3 (java windows)
traceparent: 00-ea73a132259b17851168a7585373e034-cd9577a0b8931628-01
Content-Length: 3
Content-Type: application/json; charset=utf-8
host: localhost:4444
accept: */*

Response DefaultHttpResponse(decodeResult: success, version: HTTP/1.1)
HTTP/1.1 200 OK
content-type: application/json; charset=utf-8
cache-control: no-cache
content-length: 50

11:49:26.402 [AsyncHttpClient-1-3] DEBUG org.asynchttpclient.netty.channel.ChannelManager -- Adding key: http://localhost:4444 for channel [id: 0x18146819, L:/127.0.0.1:49584 - R:localhost/127.0.0.1:4444]
11:49:26.409 [Forwarding get on session eb26feef0c8be90c317372dbf3be1a81 to remote] DEBUG org.asynchttpclient.netty.request.NettyRequestSender -- Using pooled Channel '[id: 0x18146819, L:/127.0.0.1:49584 - R:localhost/127.0.0.1:4444]' for 'POST' to 'http://localhost:4444/wd/hub/session/eb26feef0c8be90c317372dbf3be1a81/url'
11:49:26.409 [Forwarding get on session eb26feef0c8be90c317372dbf3be1a81 to remote] DEBUG org.asynchttpclient.netty.request.NettyRequestSender -- Using open Channel [id: 0x18146819, L:/127.0.0.1:49584 - R:localhost/127.0.0.1:4444] for POST '/wd/hub/session/eb26feef0c8be90c317372dbf3be1a81/url'
11:49:26.851 [AsyncHttpClient-1-1] DEBUG org.asynchttpclient.netty.channel.DefaultChannelPool -- Entry count for : http://localhost:4444 : 2
11:49:27.005 [Forwarding findElement on session 4541fb1aaaf4648c0e8fa436516d693f to remote] DEBUG org.asynchttpclient.netty.request.NettyRequestSender -- Using pooled Channel '[id: 0x96cd561f, L:/127.0.0.1:49586 - R:localhost/127.0.0.1:4444]' for 'POST' to 'http://localhost:4444/wd/hub/session/4541fb1aaaf4648c0e8fa436516d693f/element'
11:49:27.005 [Forwarding findElement on session 4541fb1aaaf4648c0e8fa436516d693f to remote] DEBUG org.asynchttpclient.netty.request.NettyRequestSender -- Using open Channel [id: 0x96cd561f, L:/127.0.0.1:49586 - R:localhost/127.0.0.1:4444] for POST '/wd/hub/session/4541fb1aaaf4648c0e8fa436516d693f/element'
11:49:27.034 [AsyncHttpClient-1-2] DEBUG org.asynchttpclient.netty.handler.HttpHandler -- 

Request DefaultHttpRequest(decodeResult: success, version: HTTP/1.1)
POST /wd/hub/session/4541fb1aaaf4648c0e8fa436516d693f/element HTTP/1.1
User-Agent: selenium/4.1.3 (java windows)
traceparent: 00-729d7c117479fbf750bb30874667627d-643c9cc0abb73cb9-01
Content-Length: 76
Content-Type: application/json; charset=utf-8
host: localhost:4444
accept: */*

Response DefaultHttpResponse(decodeResult: success, version: HTTP/1.1)
HTTP/1.1 200 OK
content-type: application/json; charset=utf-8
cache-control: no-cache
content-length: 126

11:49:27.035 [AsyncHttpClient-1-2] DEBUG org.asynchttpclient.netty.channel.ChannelManager -- Adding key: http://localhost:4444 for channel [id: 0x96cd561f, L:/127.0.0.1:49586 - R:localhost/127.0.0.1:4444]
11:49:27.039 [Forwarding isElementDisplayed on session 4541fb1aaaf4648c0e8fa436516d693f to remote] DEBUG org.asynchttpclient.netty.request.NettyRequestSender -- Using pooled Channel '[id: 0x96cd561f, L:/127.0.0.1:49586 - R:localhost/127.0.0.1:4444]' for 'POST' to 'http://localhost:4444/wd/hub/session/4541fb1aaaf4648c0e8fa436516d693f/execute/sync'
11:49:27.040 [Forwarding isElementDisplayed on session 4541fb1aaaf4648c0e8fa436516d693f to remote] DEBUG org.asynchttpclient.netty.request.NettyRequestSender -- Using open Channel [id: 0x96cd561f, L:/127.0.0.1:49586 - R:localhost/127.0.0.1:4444] for POST '/wd/hub/session/4541fb1aaaf4648c0e8fa436516d693f/execute/sync'
11:49:27.076 [AsyncHttpClient-1-2] DEBUG org.asynchttpclient.netty.handler.HttpHandler -- 

Request DefaultHttpRequest(decodeResult: success, version: HTTP/1.1)
POST /wd/hub/session/4541fb1aaaf4648c0e8fa436516d693f/execute/sync HTTP/1.1
User-Agent: selenium/4.1.3 (java windows)
traceparent: 00-f2e35a49d696a1bba6ca538bbced3ffe-f2f319cb1ef1d081-01
Content-Length: 48818
Content-Type: application/json; charset=utf-8
host: localhost:4444
accept: */*

Response DefaultHttpResponse(decodeResult: success, version: HTTP/1.1)
HTTP/1.1 200 OK
content-type: application/json; charset=utf-8
cache-control: no-cache
content-length: 14

11:49:27.076 [AsyncHttpClient-1-2] DEBUG org.asynchttpclient.netty.channel.ChannelManager -- Adding key: http://localhost:4444 for channel [id: 0x96cd561f, L:/127.0.0.1:49586 - R:localhost/127.0.0.1:4444]
11:49:27.078 [Forwarding findElement on session 4541fb1aaaf4648c0e8fa436516d693f to remote] DEBUG org.asynchttpclient.netty.request.NettyRequestSender -- Using pooled Channel '[id: 0x96cd561f, L:/127.0.0.1:49586 - R:localhost/127.0.0.1:4444]' for 'POST' to 'http://localhost:4444/wd/hub/session/4541fb1aaaf4648c0e8fa436516d693f/element'
11:49:27.079 [Forwarding findElement on session 4541fb1aaaf4648c0e8fa436516d693f to remote] DEBUG org.asynchttpclient.netty.request.NettyRequestSender -- Using open Channel [id: 0x96cd561f, L:/127.0.0.1:49586 - R:localhost/127.0.0.1:4444] for POST '/wd/hub/session/4541fb1aaaf4648c0e8fa436516d693f/element'
11:49:27.108 [AsyncHttpClient-1-2] DEBUG org.asynchttpclient.netty.handler.HttpHandler -- 

Request DefaultHttpRequest(decodeResult: success, version: HTTP/1.1)
POST /wd/hub/session/4541fb1aaaf4648c0e8fa436516d693f/element HTTP/1.1
User-Agent: selenium/4.1.3 (java windows)
traceparent: 00-5d14fc442ffcae3d654fe731e7280b68-b8f77236c9ad84fa-01
Content-Length: 76
Content-Type: application/json; charset=utf-8
host: localhost:4444
accept: */*

Response DefaultHttpResponse(decodeResult: success, version: HTTP/1.1)
HTTP/1.1 200 OK
content-type: application/json; charset=utf-8
cache-control: no-cache
content-length: 126

11:49:27.108 [AsyncHttpClient-1-2] DEBUG org.asynchttpclient.netty.channel.ChannelManager -- Adding key: http://localhost:4444 for channel [id: 0x96cd561f, L:/127.0.0.1:49586 - R:localhost/127.0.0.1:4444]
11:49:27.117 [Forwarding clickElement on session 4541fb1aaaf4648c0e8fa436516d693f to remote] DEBUG org.asynchttpclient.netty.request.NettyRequestSender -- Using pooled Channel '[id: 0x96cd561f, L:/127.0.0.1:49586 - R:localhost/127.0.0.1:4444]' for 'POST' to 'http://localhost:4444/wd/hub/session/4541fb1aaaf4648c0e8fa436516d693f/element/f.D102D85E5BE62BF5BEC2BDA235933ADA.d.D29BFB4DAA465925624869B2A686B20A.e.74/click'
11:49:27.117 [Forwarding clickElement on session 4541fb1aaaf4648c0e8fa436516d693f to remote] DEBUG org.asynchttpclient.netty.request.NettyRequestSender -- Using open Channel [id: 0x96cd561f, L:/127.0.0.1:49586 - R:localhost/127.0.0.1:4444] for POST '/wd/hub/session/4541fb1aaaf4648c0e8fa436516d693f/element/f.D102D85E5BE62BF5BEC2BDA235933ADA.d.D29BFB4DAA465925624869B2A686B20A.e.74/click'
11:49:27.159 [Forwarding findElement on session 3f9211adeeaed6232948cfafeff6cbb4 to remote] DEBUG org.asynchttpclient.netty.request.NettyRequestSender -- Using pooled Channel '[id: 0x6569de87, L:/127.0.0.1:49585 - R:localhost/127.0.0.1:4444]' for 'POST' to 'http://localhost:4444/wd/hub/session/3f9211adeeaed6232948cfafeff6cbb4/element'
11:49:27.159 [Forwarding findElement on session 3f9211adeeaed6232948cfafeff6cbb4 to remote] DEBUG org.asynchttpclient.netty.request.NettyRequestSender -- Using open Channel [id: 0x6569de87, L:/127.0.0.1:49585 - R:localhost/127.0.0.1:4444] for POST '/wd/hub/session/3f9211adeeaed6232948cfafeff6cbb4/element'
11:49:27.196 [AsyncHttpClient-1-4] DEBUG org.asynchttpclient.netty.handler.HttpHandler -- 

Request DefaultHttpRequest(decodeResult: success, version: HTTP/1.1)
POST /wd/hub/session/3f9211adeeaed6232948cfafeff6cbb4/element HTTP/1.1
User-Agent: selenium/4.1.3 (java windows)
traceparent: 00-50529aea665ab748c9f2fbcef948aa98-dd2da25bdbab2af9-01
Content-Length: 83
Content-Type: application/json; charset=utf-8
host: localhost:4444
accept: */*

Response DefaultHttpResponse(decodeResult: success, version: HTTP/1.1)
HTTP/1.1 200 OK
content-type: application/json; charset=utf-8
cache-control: no-cache
content-length: 127

11:49:27.197 [AsyncHttpClient-1-4] DEBUG org.asynchttpclient.netty.channel.ChannelManager -- Adding key: http://localhost:4444 for channel [id: 0x6569de87, L:/127.0.0.1:49585 - R:localhost/127.0.0.1:4444]
11:49:27.206 [Forwarding isElementDisplayed on session 3f9211adeeaed6232948cfafeff6cbb4 to remote] DEBUG org.asynchttpclient.netty.request.NettyRequestSender -- Using pooled Channel '[id: 0x6569de87, L:/127.0.0.1:49585 - R:localhost/127.0.0.1:4444]' for 'POST' to 'http://localhost:4444/wd/hub/session/3f9211adeeaed6232948cfafeff6cbb4/execute/sync'
11:49:27.206 [Forwarding isElementDisplayed on session 3f9211adeeaed6232948cfafeff6cbb4 to remote] DEBUG org.asynchttpclient.netty.request.NettyRequestSender -- Using open Channel [id: 0x6569de87, L:/127.0.0.1:49585 - R:localhost/127.0.0.1:4444] for POST '/wd/hub/session/3f9211adeeaed6232948cfafeff6cbb4/execute/sync'
11:49:27.255 [AsyncHttpClient-1-4] DEBUG org.asynchttpclient.netty.handler.HttpHandler -- 

Request DefaultHttpRequest(decodeResult: success, version: HTTP/1.1)
POST /wd/hub/session/3f9211adeeaed6232948cfafeff6cbb4/execute/sync HTTP/1.1
User-Agent: selenium/4.1.3 (java windows)
traceparent: 00-dabaa1c4cd8a7ab969891f7cbada65a9-2ea8c597e7bf1786-01
Content-Length: 48819
Content-Type: application/json; charset=utf-8
host: localhost:4444
accept: */*

Response DefaultHttpResponse(decodeResult: success, version: HTTP/1.1)
HTTP/1.1 200 OK
content-type: application/json; charset=utf-8
cache-control: no-cache
content-length: 14

11:49:27.255 [AsyncHttpClient-1-4] DEBUG org.asynchttpclient.netty.channel.ChannelManager -- Adding key: http://localhost:4444 for channel [id: 0x6569de87, L:/127.0.0.1:49585 - R:localhost/127.0.0.1:4444]
11:49:27.952 [AsyncHttpClient-1-1] DEBUG org.asynchttpclient.netty.channel.DefaultChannelPool -- Entry count for : http://localhost:4444 : 1
11:49:28.262 [Forwarding findElement on session 3f9211adeeaed6232948cfafeff6cbb4 to remote] DEBUG org.asynchttpclient.netty.request.NettyRequestSender -- Using pooled Channel '[id: 0x6569de87, L:/127.0.0.1:49585 - R:localhost/127.0.0.1:4444]' for 'POST' to 'http://localhost:4444/wd/hub/session/3f9211adeeaed6232948cfafeff6cbb4/element'
11:49:28.262 [Forwarding findElement on session 3f9211adeeaed6232948cfafeff6cbb4 to remote] DEBUG org.asynchttpclient.netty.request.NettyRequestSender -- Using open Channel [id: 0x6569de87, L:/127.0.0.1:49585 - R:localhost/127.0.0.1:4444] for POST '/wd/hub/session/3f9211adeeaed6232948cfafeff6cbb4/element'
11:49:28.289 [AsyncHttpClient-1-4] DEBUG org.asynchttpclient.netty.handler.HttpHandler -- 

Request DefaultHttpRequest(decodeResult: success, version: HTTP/1.1)
POST /wd/hub/session/3f9211adeeaed6232948cfafeff6cbb4/element HTTP/1.1
User-Agent: selenium/4.1.3 (java windows)
traceparent: 00-64ec096984e173513d4e765005a07922-f92fbd9fcf4c1a96-01
Content-Length: 83
Content-Type: application/json; charset=utf-8
host: localhost:4444
accept: */*

Response DefaultHttpResponse(decodeResult: success, version: HTTP/1.1)
HTTP/1.1 200 OK
content-type: application/json; charset=utf-8
cache-control: no-cache
content-length: 127

11:49:28.290 [AsyncHttpClient-1-4] DEBUG org.asynchttpclient.netty.channel.ChannelManager -- Adding key: http://localhost:4444 for channel [id: 0x6569de87, L:/127.0.0.1:49585 - R:localhost/127.0.0.1:4444]
11:49:28.293 [Forwarding clickElement on session 3f9211adeeaed6232948cfafeff6cbb4 to remote] DEBUG org.asynchttpclient.netty.request.NettyRequestSender -- Using pooled Channel '[id: 0x6569de87, L:/127.0.0.1:49585 - R:localhost/127.0.0.1:4444]' for 'POST' to 'http://localhost:4444/wd/hub/session/3f9211adeeaed6232948cfafeff6cbb4/element/f.5E15E87CC25C3F89ABD1C502AC9157B0.d.3EC27A9A67D3CD575C70F7D8622251BB.e.221/click'
11:49:28.293 [Forwarding clickElement on session 3f9211adeeaed6232948cfafeff6cbb4 to remote] DEBUG org.asynchttpclient.netty.request.NettyRequestSender -- Using open Channel [id: 0x6569de87, L:/127.0.0.1:49585 - R:localhost/127.0.0.1:4444] for POST '/wd/hub/session/3f9211adeeaed6232948cfafeff6cbb4/element/f.5E15E87CC25C3F89ABD1C502AC9157B0.d.3EC27A9A67D3CD575C70F7D8622251BB.e.221/click'
11:49:28.923 [AsyncHttpClient-1-4] DEBUG org.asynchttpclient.netty.handler.HttpHandler -- 

Request DefaultHttpRequest(decodeResult: success, version: HTTP/1.1)
POST /wd/hub/session/3f9211adeeaed6232948cfafeff6cbb4/element/f.5E15E87CC25C3F89ABD1C502AC9157B0.d.3EC27A9A67D3CD575C70F7D8622251BB.e.221/click HTTP/1.1
User-Agent: selenium/4.1.3 (java windows)
traceparent: 00-e5ae71f5b6119f92f3786c525a47e5fb-c530b79019f53ace-01
Content-Length: 89
Content-Type: application/json; charset=utf-8
host: localhost:4444
accept: */*

Response DefaultHttpResponse(decodeResult: success, version: HTTP/1.1)
HTTP/1.1 200 OK
content-type: application/json; charset=utf-8
cache-control: no-cache
content-length: 14

11:49:28.924 [AsyncHttpClient-1-4] DEBUG org.asynchttpclient.netty.channel.ChannelManager -- Adding key: http://localhost:4444 for channel [id: 0x6569de87, L:/127.0.0.1:49585 - R:localhost/127.0.0.1:4444]
11:49:28.930 [Forwarding findElement on session 3f9211adeeaed6232948cfafeff6cbb4 to remote] DEBUG org.asynchttpclient.netty.request.NettyRequestSender -- Using pooled Channel '[id: 0x6569de87, L:/127.0.0.1:49585 - R:localhost/127.0.0.1:4444]' for 'POST' to 'http://localhost:4444/wd/hub/session/3f9211adeeaed6232948cfafeff6cbb4/element'
11:49:28.930 [Forwarding findElement on session 3f9211adeeaed6232948cfafeff6cbb4 to remote] DEBUG org.asynchttpclient.netty.request.NettyRequestSender -- Using open Channel [id: 0x6569de87, L:/127.0.0.1:49585 - R:localhost/127.0.0.1:4444] for POST '/wd/hub/session/3f9211adeeaed6232948cfafeff6cbb4/element'
11:49:30.021 [AsyncHttpClient-1-4] DEBUG org.asynchttpclient.netty.handler.HttpHandler -- 

Request DefaultHttpRequest(decodeResult: success, version: HTTP/1.1)
POST /wd/hub/session/3f9211adeeaed6232948cfafeff6cbb4/element HTTP/1.1
User-Agent: selenium/4.1.3 (java windows)
traceparent: 00-73077137d6088552df2b25634bffc524-e1031bfdc3401034-01
Content-Length: 102
Content-Type: application/json; charset=utf-8
host: localhost:4444
accept: */*

Response DefaultHttpResponse(decodeResult: success, version: HTTP/1.1)
HTTP/1.1 200 OK
content-type: application/json; charset=utf-8
cache-control: no-cache
content-length: 127

11:49:30.024 [AsyncHttpClient-1-4] DEBUG org.asynchttpclient.netty.channel.ChannelManager -- Adding key: http://localhost:4444 for channel [id: 0x6569de87, L:/127.0.0.1:49585 - R:localhost/127.0.0.1:4444]
11:49:30.030 [Forwarding isElementDisplayed on session 3f9211adeeaed6232948cfafeff6cbb4 to remote] DEBUG org.asynchttpclient.netty.request.NettyRequestSender -- Using pooled Channel '[id: 0x6569de87, L:/127.0.0.1:49585 - R:localhost/127.0.0.1:4444]' for 'POST' to 'http://localhost:4444/wd/hub/session/3f9211adeeaed6232948cfafeff6cbb4/execute/sync'
11:49:30.030 [Forwarding isElementDisplayed on session 3f9211adeeaed6232948cfafeff6cbb4 to remote] DEBUG org.asynchttpclient.netty.request.NettyRequestSender -- Using open Channel [id: 0x6569de87, L:/127.0.0.1:49585 - R:localhost/127.0.0.1:4444] for POST '/wd/hub/session/3f9211adeeaed6232948cfafeff6cbb4/execute/sync'
11:49:30.062 [AsyncHttpClient-1-4] DEBUG org.asynchttpclient.netty.handler.HttpHandler -- 

Request DefaultHttpRequest(decodeResult: success, version: HTTP/1.1)
POST /wd/hub/session/3f9211adeeaed6232948cfafeff6cbb4/execute/sync HTTP/1.1
User-Agent: selenium/4.1.3 (java windows)
traceparent: 00-ef88d2cb9b15a933e89450cdf2630316-97fbc45e0237ea23-01
Content-Length: 48819
Content-Type: application/json; charset=utf-8
host: localhost:4444
accept: */*

Response DefaultHttpResponse(decodeResult: success, version: HTTP/1.1)
HTTP/1.1 200 OK
content-type: application/json; charset=utf-8
cache-control: no-cache
content-length: 14

11:49:30.062 [AsyncHttpClient-1-4] DEBUG org.asynchttpclient.netty.channel.ChannelManager -- Adding key: http://localhost:4444 for channel [id: 0x6569de87, L:/127.0.0.1:49585 - R:localhost/127.0.0.1:4444]
11:49:30.154 [AsyncHttpClient-1-1] DEBUG org.asynchttpclient.netty.channel.DefaultChannelPool -- Entry count for : http://localhost:4444 : 1
11:49:31.101 [Forwarding findElement on session 3f9211adeeaed6232948cfafeff6cbb4 to remote] DEBUG org.asynchttpclient.netty.request.NettyRequestSender -- Using pooled Channel '[id: 0x6569de87, L:/127.0.0.1:49585 - R:localhost/127.0.0.1:4444]' for 'POST' to 'http://localhost:4444/wd/hub/session/3f9211adeeaed6232948cfafeff6cbb4/element'
11:49:31.104 [Forwarding findElement on session 3f9211adeeaed6232948cfafeff6cbb4 to remote] DEBUG org.asynchttpclient.netty.request.NettyRequestSender -- Using open Channel [id: 0x6569de87, L:/127.0.0.1:49585 - R:localhost/127.0.0.1:4444] for POST '/wd/hub/session/3f9211adeeaed6232948cfafeff6cbb4/element'
11:49:31.660 [AsyncHttpClient-1-2] DEBUG org.asynchttpclient.netty.handler.HttpHandler -- 

Request DefaultHttpRequest(decodeResult: success, version: HTTP/1.1)
POST /wd/hub/session/4541fb1aaaf4648c0e8fa436516d693f/element/f.D102D85E5BE62BF5BEC2BDA235933ADA.d.D29BFB4DAA465925624869B2A686B20A.e.74/click HTTP/1.1
User-Agent: selenium/4.1.3 (java windows)
traceparent: 00-26faeddaf1b9132e0f018394d5fa36dc-323d192bfea344ef-01
Content-Length: 88
Content-Type: application/json; charset=utf-8
host: localhost:4444
accept: */*

Response DefaultHttpResponse(decodeResult: success, version: HTTP/1.1)
HTTP/1.1 200 OK
content-type: application/json; charset=utf-8
cache-control: no-cache
content-length: 14

11:49:31.661 [AsyncHttpClient-1-2] DEBUG org.asynchttpclient.netty.channel.ChannelManager -- Adding key: http://localhost:4444 for channel [id: 0x96cd561f, L:/127.0.0.1:49586 - R:localhost/127.0.0.1:4444]
]]></system-out>
    <system-err><![CDATA[Aug 27, 2024 11:49:26 AM org.openqa.selenium.remote.ProtocolHandshake createSession
INFO: Detected dialect: W3C
]]></system-err>
  </testcase>
  <testcase name="runScenario[&quot;Product Display&quot;, &quot;Optional[Verify Product Display properly]&quot;](6)" classname="TestRunner.TestRunner" time="6.952">
    <system-out><![CDATA[11:49:31.861 [Forwarding newSession on session null to remote] DEBUG org.asynchttpclient.netty.request.NettyRequestSender -- Using pooled Channel '[id: 0x96cd561f, L:/127.0.0.1:49586 - R:localhost/127.0.0.1:4444]' for 'POST' to 'http://localhost:4444/wd/hub/session'
11:49:31.862 [Forwarding newSession on session null to remote] DEBUG org.asynchttpclient.netty.request.NettyRequestSender -- Using open Channel [id: 0x96cd561f, L:/127.0.0.1:49586 - R:localhost/127.0.0.1:4444] for POST '/wd/hub/session'
11:49:34.969 [AsyncHttpClient-1-4] DEBUG org.asynchttpclient.netty.handler.HttpHandler -- 

Request DefaultHttpRequest(decodeResult: success, version: HTTP/1.1)
POST /wd/hub/session/3f9211adeeaed6232948cfafeff6cbb4/element HTTP/1.1
User-Agent: selenium/4.1.3 (java windows)
traceparent: 00-5ab1e2563446cc1ffafc4d2651c26cb7-159a0128e3c15f8d-01
Content-Length: 102
Content-Type: application/json; charset=utf-8
host: localhost:4444
accept: */*

Response DefaultHttpResponse(decodeResult: success, version: HTTP/1.1)
HTTP/1.1 200 OK
content-type: application/json; charset=utf-8
cache-control: no-cache
content-length: 127

11:49:34.969 [AsyncHttpClient-1-4] DEBUG org.asynchttpclient.netty.channel.ChannelManager -- Adding key: http://localhost:4444 for channel [id: 0x6569de87, L:/127.0.0.1:49585 - R:localhost/127.0.0.1:4444]
11:49:34.974 [Forwarding clickElement on session 3f9211adeeaed6232948cfafeff6cbb4 to remote] DEBUG org.asynchttpclient.netty.request.NettyRequestSender -- Using pooled Channel '[id: 0x6569de87, L:/127.0.0.1:49585 - R:localhost/127.0.0.1:4444]' for 'POST' to 'http://localhost:4444/wd/hub/session/3f9211adeeaed6232948cfafeff6cbb4/element/f.5E15E87CC25C3F89ABD1C502AC9157B0.d.3EC27A9A67D3CD575C70F7D8622251BB.e.282/click'
11:49:34.974 [Forwarding clickElement on session 3f9211adeeaed6232948cfafeff6cbb4 to remote] DEBUG org.asynchttpclient.netty.request.NettyRequestSender -- Using open Channel [id: 0x6569de87, L:/127.0.0.1:49585 - R:localhost/127.0.0.1:4444] for POST '/wd/hub/session/3f9211adeeaed6232948cfafeff6cbb4/element/f.5E15E87CC25C3F89ABD1C502AC9157B0.d.3EC27A9A67D3CD575C70F7D8622251BB.e.282/click'
11:49:36.102 [AsyncHttpClient-1-2] DEBUG org.asynchttpclient.netty.handler.HttpHandler -- 

Request DefaultHttpRequest(decodeResult: success, version: HTTP/1.1)
POST /wd/hub/session HTTP/1.1
User-Agent: selenium/4.1.3 (java windows)
traceparent: 00-01088769171fa6a5d8d9997eaf9dc475-068d467c25c1ae55-01
Content-Length: 341
Content-Type: application/json; charset=utf-8
host: localhost:4444
accept: */*

Response DefaultHttpResponse(decodeResult: success, version: HTTP/1.1)
HTTP/1.1 200 OK
Cache-Control: no-cache
Content-Type: application/json; charset=utf-8
content-length: 1350

11:49:36.103 [AsyncHttpClient-1-2] DEBUG org.asynchttpclient.netty.channel.ChannelManager -- Adding key: http://localhost:4444 for channel [id: 0x96cd561f, L:/127.0.0.1:49586 - R:localhost/127.0.0.1:4444]
11:49:36.122 [Forwarding setTimeout on session 9a44ae71c6946110e6fec35035dc9bc4 to remote] DEBUG org.asynchttpclient.netty.request.NettyRequestSender -- Using pooled Channel '[id: 0x96cd561f, L:/127.0.0.1:49586 - R:localhost/127.0.0.1:4444]' for 'POST' to 'http://localhost:4444/wd/hub/session/9a44ae71c6946110e6fec35035dc9bc4/timeouts'
11:49:36.122 [Forwarding setTimeout on session 9a44ae71c6946110e6fec35035dc9bc4 to remote] DEBUG org.asynchttpclient.netty.request.NettyRequestSender -- Using open Channel [id: 0x96cd561f, L:/127.0.0.1:49586 - R:localhost/127.0.0.1:4444] for POST '/wd/hub/session/9a44ae71c6946110e6fec35035dc9bc4/timeouts'
11:49:36.160 [AsyncHttpClient-1-2] DEBUG org.asynchttpclient.netty.handler.HttpHandler -- 

Request DefaultHttpRequest(decodeResult: success, version: HTTP/1.1)
POST /wd/hub/session/9a44ae71c6946110e6fec35035dc9bc4/timeouts HTTP/1.1
User-Agent: selenium/4.1.3 (java windows)
traceparent: 00-85a990936cd441d03f6d2e1386b4831b-7a15a1d452037469-01
Content-Length: 22
Content-Type: application/json; charset=utf-8
host: localhost:4444
accept: */*

Response DefaultHttpResponse(decodeResult: success, version: HTTP/1.1)
HTTP/1.1 200 OK
content-type: application/json; charset=utf-8
cache-control: no-cache
content-length: 14

11:49:36.160 [AsyncHttpClient-1-2] DEBUG org.asynchttpclient.netty.channel.ChannelManager -- Adding key: http://localhost:4444 for channel [id: 0x96cd561f, L:/127.0.0.1:49586 - R:localhost/127.0.0.1:4444]
11:49:36.164 [Forwarding maximizeCurrentWindow on session 9a44ae71c6946110e6fec35035dc9bc4 to remote] DEBUG org.asynchttpclient.netty.request.NettyRequestSender -- Using pooled Channel '[id: 0x96cd561f, L:/127.0.0.1:49586 - R:localhost/127.0.0.1:4444]' for 'POST' to 'http://localhost:4444/wd/hub/session/9a44ae71c6946110e6fec35035dc9bc4/window/maximize'
11:49:36.165 [Forwarding maximizeCurrentWindow on session 9a44ae71c6946110e6fec35035dc9bc4 to remote] DEBUG org.asynchttpclient.netty.request.NettyRequestSender -- Using open Channel [id: 0x96cd561f, L:/127.0.0.1:49586 - R:localhost/127.0.0.1:4444] for POST '/wd/hub/session/9a44ae71c6946110e6fec35035dc9bc4/window/maximize'
11:49:36.306 [AsyncHttpClient-1-2] DEBUG org.asynchttpclient.netty.handler.HttpHandler -- 

Request DefaultHttpRequest(decodeResult: success, version: HTTP/1.1)
POST /wd/hub/session/9a44ae71c6946110e6fec35035dc9bc4/window/maximize HTTP/1.1
User-Agent: selenium/4.1.3 (java windows)
traceparent: 00-49d8cdbb8af2d46bed4e6637a6549675-669eb1099c31d428-01
Content-Length: 3
Content-Type: application/json; charset=utf-8
host: localhost:4444
accept: */*

Response DefaultHttpResponse(decodeResult: success, version: HTTP/1.1)
HTTP/1.1 200 OK
content-type: application/json; charset=utf-8
cache-control: no-cache
content-length: 50

11:49:36.307 [AsyncHttpClient-1-2] DEBUG org.asynchttpclient.netty.channel.ChannelManager -- Adding key: http://localhost:4444 for channel [id: 0x96cd561f, L:/127.0.0.1:49586 - R:localhost/127.0.0.1:4444]
11:49:36.313 [Forwarding get on session 9a44ae71c6946110e6fec35035dc9bc4 to remote] DEBUG org.asynchttpclient.netty.request.NettyRequestSender -- Using pooled Channel '[id: 0x96cd561f, L:/127.0.0.1:49586 - R:localhost/127.0.0.1:4444]' for 'POST' to 'http://localhost:4444/wd/hub/session/9a44ae71c6946110e6fec35035dc9bc4/url'
11:49:36.313 [Forwarding get on session 9a44ae71c6946110e6fec35035dc9bc4 to remote] DEBUG org.asynchttpclient.netty.request.NettyRequestSender -- Using open Channel [id: 0x96cd561f, L:/127.0.0.1:49586 - R:localhost/127.0.0.1:4444] for POST '/wd/hub/session/9a44ae71c6946110e6fec35035dc9bc4/url'
11:49:37.851 [AsyncHttpClient-1-3] DEBUG org.asynchttpclient.netty.handler.HttpHandler -- 

Request DefaultHttpRequest(decodeResult: success, version: HTTP/1.1)
POST /wd/hub/session/eb26feef0c8be90c317372dbf3be1a81/url HTTP/1.1
User-Agent: selenium/4.1.3 (java windows)
traceparent: 00-e1c18ff63eb85400d9c10a5d2667a6e5-a8e731bd384f21e9-01
Content-Length: 57
Content-Type: application/json; charset=utf-8
host: localhost:4444
accept: */*

Response DefaultHttpResponse(decodeResult: success, version: HTTP/1.1)
HTTP/1.1 200 OK
content-type: application/json; charset=utf-8
cache-control: no-cache
content-length: 14

11:49:37.851 [AsyncHttpClient-1-3] DEBUG org.asynchttpclient.netty.channel.ChannelManager -- Adding key: http://localhost:4444 for channel [id: 0x18146819, L:/127.0.0.1:49584 - R:localhost/127.0.0.1:4444]
11:49:37.865 [Forwarding getCurrentUrl on session eb26feef0c8be90c317372dbf3be1a81 to remote] DEBUG org.asynchttpclient.netty.request.NettyRequestSender -- Using pooled Channel '[id: 0x18146819, L:/127.0.0.1:49584 - R:localhost/127.0.0.1:4444]' for 'GET' to 'http://localhost:4444/wd/hub/session/eb26feef0c8be90c317372dbf3be1a81/url'
11:49:37.865 [Forwarding getCurrentUrl on session eb26feef0c8be90c317372dbf3be1a81 to remote] DEBUG org.asynchttpclient.netty.request.NettyRequestSender -- Using open Channel [id: 0x18146819, L:/127.0.0.1:49584 - R:localhost/127.0.0.1:4444] for GET '/wd/hub/session/eb26feef0c8be90c317372dbf3be1a81/url'
11:49:37.992 [AsyncHttpClient-1-3] DEBUG org.asynchttpclient.netty.handler.HttpHandler -- 

Request DefaultFullHttpRequest(decodeResult: success, version: HTTP/1.1, content: EmptyByteBufBE)
GET /wd/hub/session/eb26feef0c8be90c317372dbf3be1a81/url HTTP/1.1
User-Agent: selenium/4.1.3 (java windows)
Cache-Control: no-cache
traceparent: 00-4882eeae21123e9911aea558ef2befbd-7699cf996b429cdf-01
Content-Type: application/json; charset=utf-8
host: localhost:4444
accept: */*

Response DefaultHttpResponse(decodeResult: success, version: HTTP/1.1)
HTTP/1.1 200 OK
content-type: application/json; charset=utf-8
cache-control: no-cache
content-length: 34

11:49:37.993 [AsyncHttpClient-1-3] DEBUG org.asynchttpclient.netty.channel.ChannelManager -- Adding key: http://localhost:4444 for channel [id: 0x18146819, L:/127.0.0.1:49584 - R:localhost/127.0.0.1:4444]
11:49:38.001 [Forwarding findElement on session eb26feef0c8be90c317372dbf3be1a81 to remote] DEBUG org.asynchttpclient.netty.request.NettyRequestSender -- Using pooled Channel '[id: 0x18146819, L:/127.0.0.1:49584 - R:localhost/127.0.0.1:4444]' for 'POST' to 'http://localhost:4444/wd/hub/session/eb26feef0c8be90c317372dbf3be1a81/element'
11:49:38.002 [Forwarding findElement on session eb26feef0c8be90c317372dbf3be1a81 to remote] DEBUG org.asynchttpclient.netty.request.NettyRequestSender -- Using open Channel [id: 0x18146819, L:/127.0.0.1:49584 - R:localhost/127.0.0.1:4444] for POST '/wd/hub/session/eb26feef0c8be90c317372dbf3be1a81/element'
11:49:38.085 [AsyncHttpClient-1-3] DEBUG org.asynchttpclient.netty.handler.HttpHandler -- 

Request DefaultHttpRequest(decodeResult: success, version: HTTP/1.1)
POST /wd/hub/session/eb26feef0c8be90c317372dbf3be1a81/element HTTP/1.1
User-Agent: selenium/4.1.3 (java windows)
traceparent: 00-d5f802537cc794a3a698e6372a592d56-97323519736954a2-01
Content-Length: 79
Content-Type: application/json; charset=utf-8
host: localhost:4444
accept: */*

Response DefaultHttpResponse(decodeResult: success, version: HTTP/1.1)
HTTP/1.1 200 OK
content-type: application/json; charset=utf-8
cache-control: no-cache
content-length: 126

11:49:38.085 [AsyncHttpClient-1-3] DEBUG org.asynchttpclient.netty.channel.ChannelManager -- Adding key: http://localhost:4444 for channel [id: 0x18146819, L:/127.0.0.1:49584 - R:localhost/127.0.0.1:4444]
11:49:38.096 [Forwarding isElementDisplayed on session eb26feef0c8be90c317372dbf3be1a81 to remote] DEBUG org.asynchttpclient.netty.request.NettyRequestSender -- Using pooled Channel '[id: 0x18146819, L:/127.0.0.1:49584 - R:localhost/127.0.0.1:4444]' for 'POST' to 'http://localhost:4444/wd/hub/session/eb26feef0c8be90c317372dbf3be1a81/execute/sync'
11:49:38.098 [Forwarding isElementDisplayed on session eb26feef0c8be90c317372dbf3be1a81 to remote] DEBUG org.asynchttpclient.netty.request.NettyRequestSender -- Using open Channel [id: 0x18146819, L:/127.0.0.1:49584 - R:localhost/127.0.0.1:4444] for POST '/wd/hub/session/eb26feef0c8be90c317372dbf3be1a81/execute/sync'
11:49:38.174 [AsyncHttpClient-1-3] DEBUG org.asynchttpclient.netty.handler.HttpHandler -- 

Request DefaultHttpRequest(decodeResult: success, version: HTTP/1.1)
POST /wd/hub/session/eb26feef0c8be90c317372dbf3be1a81/execute/sync HTTP/1.1
User-Agent: selenium/4.1.3 (java windows)
traceparent: 00-65ef3b5cd58215998b7553470bacb180-eeda2e9d40360c57-01
Content-Length: 48818
Content-Type: application/json; charset=utf-8
host: localhost:4444
accept: */*

Response DefaultHttpResponse(decodeResult: success, version: HTTP/1.1)
HTTP/1.1 200 OK
content-type: application/json; charset=utf-8
cache-control: no-cache
content-length: 14

11:49:38.175 [AsyncHttpClient-1-3] DEBUG org.asynchttpclient.netty.channel.ChannelManager -- Adding key: http://localhost:4444 for channel [id: 0x18146819, L:/127.0.0.1:49584 - R:localhost/127.0.0.1:4444]
11:49:38.951 [AsyncHttpClient-1-1] DEBUG org.asynchttpclient.netty.channel.DefaultChannelPool -- Entry count for : http://localhost:4444 : 1
11:49:40.053 [AsyncHttpClient-1-1] DEBUG org.asynchttpclient.netty.channel.DefaultChannelPool -- Entry count for : http://localhost:4444 : 1
11:49:40.189 [Forwarding findElement on session eb26feef0c8be90c317372dbf3be1a81 to remote] DEBUG org.asynchttpclient.netty.request.NettyRequestSender -- Using pooled Channel '[id: 0x18146819, L:/127.0.0.1:49584 - R:localhost/127.0.0.1:4444]' for 'POST' to 'http://localhost:4444/wd/hub/session/eb26feef0c8be90c317372dbf3be1a81/element'
11:49:40.189 [Forwarding findElement on session eb26feef0c8be90c317372dbf3be1a81 to remote] DEBUG org.asynchttpclient.netty.request.NettyRequestSender -- Using open Channel [id: 0x18146819, L:/127.0.0.1:49584 - R:localhost/127.0.0.1:4444] for POST '/wd/hub/session/eb26feef0c8be90c317372dbf3be1a81/element'
11:49:40.225 [AsyncHttpClient-1-3] DEBUG org.asynchttpclient.netty.handler.HttpHandler -- 

Request DefaultHttpRequest(decodeResult: success, version: HTTP/1.1)
POST /wd/hub/session/eb26feef0c8be90c317372dbf3be1a81/element HTTP/1.1
User-Agent: selenium/4.1.3 (java windows)
traceparent: 00-df28adae01e5996940881cb7414db9f8-63c05572be3f3ce3-01
Content-Length: 79
Content-Type: application/json; charset=utf-8
host: localhost:4444
accept: */*

Response DefaultHttpResponse(decodeResult: success, version: HTTP/1.1)
HTTP/1.1 200 OK
content-type: application/json; charset=utf-8
cache-control: no-cache
content-length: 126

11:49:40.226 [AsyncHttpClient-1-3] DEBUG org.asynchttpclient.netty.channel.ChannelManager -- Adding key: http://localhost:4444 for channel [id: 0x18146819, L:/127.0.0.1:49584 - R:localhost/127.0.0.1:4444]
11:49:40.230 [Forwarding clickElement on session eb26feef0c8be90c317372dbf3be1a81 to remote] DEBUG org.asynchttpclient.netty.request.NettyRequestSender -- Using pooled Channel '[id: 0x18146819, L:/127.0.0.1:49584 - R:localhost/127.0.0.1:4444]' for 'POST' to 'http://localhost:4444/wd/hub/session/eb26feef0c8be90c317372dbf3be1a81/element/f.13A37923CBCEE21F3F128DA0923BBD40.d.CAD7F5D7D953E056DB3A0DC3DFDAD54B.e.76/click'
11:49:40.231 [Forwarding clickElement on session eb26feef0c8be90c317372dbf3be1a81 to remote] DEBUG org.asynchttpclient.netty.request.NettyRequestSender -- Using open Channel [id: 0x18146819, L:/127.0.0.1:49584 - R:localhost/127.0.0.1:4444] for POST '/wd/hub/session/eb26feef0c8be90c317372dbf3be1a81/element/f.13A37923CBCEE21F3F128DA0923BBD40.d.CAD7F5D7D953E056DB3A0DC3DFDAD54B.e.76/click'
11:49:40.265 [AsyncHttpClient-1-4] DEBUG org.asynchttpclient.netty.handler.HttpHandler -- 

Request DefaultHttpRequest(decodeResult: success, version: HTTP/1.1)
POST /wd/hub/session/3f9211adeeaed6232948cfafeff6cbb4/element/f.5E15E87CC25C3F89ABD1C502AC9157B0.d.3EC27A9A67D3CD575C70F7D8622251BB.e.282/click HTTP/1.1
User-Agent: selenium/4.1.3 (java windows)
traceparent: 00-0705fdcfae8792b1eea80c17b64b9a05-3a77800e0285af37-01
Content-Length: 89
Content-Type: application/json; charset=utf-8
host: localhost:4444
accept: */*

Response DefaultHttpResponse(decodeResult: success, version: HTTP/1.1)
HTTP/1.1 200 OK
content-type: application/json; charset=utf-8
cache-control: no-cache
content-length: 14

11:49:40.265 [AsyncHttpClient-1-4] DEBUG org.asynchttpclient.netty.channel.ChannelManager -- Adding key: http://localhost:4444 for channel [id: 0x6569de87, L:/127.0.0.1:49585 - R:localhost/127.0.0.1:4444]
]]></system-out>
    <system-err><![CDATA[Aug 27, 2024 11:49:36 AM org.openqa.selenium.remote.ProtocolHandshake createSession
INFO: Detected dialect: W3C
]]></system-err>
  </testcase>
  <testcase name="runScenario[&quot;Verify that All Ads Option show Properly&quot;, &quot;Optional[Verify Brikroy.com Website work properly]&quot;](7)" classname="TestRunner.TestRunner" time="0.579">
    <system-out><![CDATA[11:49:40.325 [Forwarding newSession on session null to remote] DEBUG org.asynchttpclient.netty.request.NettyRequestSender -- Using pooled Channel '[id: 0x6569de87, L:/127.0.0.1:49585 - R:localhost/127.0.0.1:4444]' for 'POST' to 'http://localhost:4444/wd/hub/session'
11:49:40.325 [Forwarding newSession on session null to remote] DEBUG org.asynchttpclient.netty.request.NettyRequestSender -- Using open Channel [id: 0x6569de87, L:/127.0.0.1:49585 - R:localhost/127.0.0.1:4444] for POST '/wd/hub/session'
11:49:41.524 [AsyncHttpClient-1-3] DEBUG org.asynchttpclient.netty.handler.HttpHandler -- 

Request DefaultHttpRequest(decodeResult: success, version: HTTP/1.1)
POST /wd/hub/session/eb26feef0c8be90c317372dbf3be1a81/element/f.13A37923CBCEE21F3F128DA0923BBD40.d.CAD7F5D7D953E056DB3A0DC3DFDAD54B.e.76/click HTTP/1.1
User-Agent: selenium/4.1.3 (java windows)
traceparent: 00-f73f02e62e20d3e7c30b1a38af1fe48a-deff10726a3ec7d2-01
Content-Length: 88
Content-Type: application/json; charset=utf-8
host: localhost:4444
accept: */*

Response DefaultHttpResponse(decodeResult: success, version: HTTP/1.1)
HTTP/1.1 200 OK
content-type: application/json; charset=utf-8
cache-control: no-cache
content-length: 14

11:49:41.524 [AsyncHttpClient-1-3] DEBUG org.asynchttpclient.netty.channel.ChannelManager -- Adding key: http://localhost:4444 for channel [id: 0x18146819, L:/127.0.0.1:49584 - R:localhost/127.0.0.1:4444]
]]></system-out>
  </testcase>
  <testcase name="runScenario[&quot;Verify that Chat button show Properly&quot;, &quot;Optional[Verify Brikroy.com Website work properly]&quot;](8)" classname="TestRunner.TestRunner" time="10.655">
    <system-out><![CDATA[11:49:41.574 [Forwarding newSession on session null to remote] DEBUG org.asynchttpclient.netty.request.NettyRequestSender -- Using pooled Channel '[id: 0x18146819, L:/127.0.0.1:49584 - R:localhost/127.0.0.1:4444]' for 'POST' to 'http://localhost:4444/wd/hub/session'
11:49:41.574 [Forwarding newSession on session null to remote] DEBUG org.asynchttpclient.netty.request.NettyRequestSender -- Using open Channel [id: 0x18146819, L:/127.0.0.1:49584 - R:localhost/127.0.0.1:4444] for POST '/wd/hub/session'
11:49:44.418 [AsyncHttpClient-1-4] DEBUG org.asynchttpclient.netty.handler.HttpHandler -- 

Request DefaultHttpRequest(decodeResult: success, version: HTTP/1.1)
POST /wd/hub/session HTTP/1.1
User-Agent: selenium/4.1.3 (java windows)
traceparent: 00-1d660a1b1ffb47a0689c4e1265b30432-0fec519f4e1d36b9-01
Content-Length: 341
Content-Type: application/json; charset=utf-8
host: localhost:4444
accept: */*

Response DefaultHttpResponse(decodeResult: success, version: HTTP/1.1)
HTTP/1.1 200 OK
Cache-Control: no-cache
Content-Type: application/json; charset=utf-8
content-length: 1351

11:49:44.420 [AsyncHttpClient-1-4] DEBUG org.asynchttpclient.netty.channel.ChannelManager -- Adding key: http://localhost:4444 for channel [id: 0x6569de87, L:/127.0.0.1:49585 - R:localhost/127.0.0.1:4444]
11:49:44.434 [Forwarding setTimeout on session a36ad779f2eb27221a40e2769d4c28ae to remote] DEBUG org.asynchttpclient.netty.request.NettyRequestSender -- Using pooled Channel '[id: 0x6569de87, L:/127.0.0.1:49585 - R:localhost/127.0.0.1:4444]' for 'POST' to 'http://localhost:4444/wd/hub/session/a36ad779f2eb27221a40e2769d4c28ae/timeouts'
11:49:44.435 [Forwarding setTimeout on session a36ad779f2eb27221a40e2769d4c28ae to remote] DEBUG org.asynchttpclient.netty.request.NettyRequestSender -- Using open Channel [id: 0x6569de87, L:/127.0.0.1:49585 - R:localhost/127.0.0.1:4444] for POST '/wd/hub/session/a36ad779f2eb27221a40e2769d4c28ae/timeouts'
11:49:44.541 [AsyncHttpClient-1-4] DEBUG org.asynchttpclient.netty.handler.HttpHandler -- 

Request DefaultHttpRequest(decodeResult: success, version: HTTP/1.1)
POST /wd/hub/session/a36ad779f2eb27221a40e2769d4c28ae/timeouts HTTP/1.1
User-Agent: selenium/4.1.3 (java windows)
traceparent: 00-5eb5accbda36018238c2454970385297-4a1b9ac39dcdd5bd-01
Content-Length: 22
Content-Type: application/json; charset=utf-8
host: localhost:4444
accept: */*

Response DefaultHttpResponse(decodeResult: success, version: HTTP/1.1)
HTTP/1.1 200 OK
content-type: application/json; charset=utf-8
cache-control: no-cache
content-length: 14

11:49:44.541 [AsyncHttpClient-1-4] DEBUG org.asynchttpclient.netty.channel.ChannelManager -- Adding key: http://localhost:4444 for channel [id: 0x6569de87, L:/127.0.0.1:49585 - R:localhost/127.0.0.1:4444]
11:49:44.545 [Forwarding maximizeCurrentWindow on session a36ad779f2eb27221a40e2769d4c28ae to remote] DEBUG org.asynchttpclient.netty.request.NettyRequestSender -- Using pooled Channel '[id: 0x6569de87, L:/127.0.0.1:49585 - R:localhost/127.0.0.1:4444]' for 'POST' to 'http://localhost:4444/wd/hub/session/a36ad779f2eb27221a40e2769d4c28ae/window/maximize'
11:49:44.546 [Forwarding maximizeCurrentWindow on session a36ad779f2eb27221a40e2769d4c28ae to remote] DEBUG org.asynchttpclient.netty.request.NettyRequestSender -- Using open Channel [id: 0x6569de87, L:/127.0.0.1:49585 - R:localhost/127.0.0.1:4444] for POST '/wd/hub/session/a36ad779f2eb27221a40e2769d4c28ae/window/maximize'
11:49:45.211 [AsyncHttpClient-1-4] DEBUG org.asynchttpclient.netty.handler.HttpHandler -- 

Request DefaultHttpRequest(decodeResult: success, version: HTTP/1.1)
POST /wd/hub/session/a36ad779f2eb27221a40e2769d4c28ae/window/maximize HTTP/1.1
User-Agent: selenium/4.1.3 (java windows)
traceparent: 00-81eb7ef89809b424373e78089e72d320-81d76173c6c2f1ee-01
Content-Length: 3
Content-Type: application/json; charset=utf-8
host: localhost:4444
accept: */*

Response DefaultHttpResponse(decodeResult: success, version: HTTP/1.1)
HTTP/1.1 200 OK
content-type: application/json; charset=utf-8
cache-control: no-cache
content-length: 50

11:49:45.212 [AsyncHttpClient-1-4] DEBUG org.asynchttpclient.netty.channel.ChannelManager -- Adding key: http://localhost:4444 for channel [id: 0x6569de87, L:/127.0.0.1:49585 - R:localhost/127.0.0.1:4444]
11:49:45.216 [Forwarding get on session a36ad779f2eb27221a40e2769d4c28ae to remote] DEBUG org.asynchttpclient.netty.request.NettyRequestSender -- Using pooled Channel '[id: 0x6569de87, L:/127.0.0.1:49585 - R:localhost/127.0.0.1:4444]' for 'POST' to 'http://localhost:4444/wd/hub/session/a36ad779f2eb27221a40e2769d4c28ae/url'
11:49:45.217 [Forwarding get on session a36ad779f2eb27221a40e2769d4c28ae to remote] DEBUG org.asynchttpclient.netty.request.NettyRequestSender -- Using open Channel [id: 0x6569de87, L:/127.0.0.1:49585 - R:localhost/127.0.0.1:4444] for POST '/wd/hub/session/a36ad779f2eb27221a40e2769d4c28ae/url'
11:49:47.462 [AsyncHttpClient-1-4] DEBUG org.asynchttpclient.netty.handler.HttpHandler -- 

Request DefaultHttpRequest(decodeResult: success, version: HTTP/1.1)
POST /wd/hub/session/a36ad779f2eb27221a40e2769d4c28ae/url HTTP/1.1
User-Agent: selenium/4.1.3 (java windows)
traceparent: 00-576f5848416415e91dd00216b635382b-798d6a39bddb50c8-01
Content-Length: 57
Content-Type: application/json; charset=utf-8
host: localhost:4444
accept: */*

Response DefaultHttpResponse(decodeResult: success, version: HTTP/1.1)
HTTP/1.1 200 OK
content-type: application/json; charset=utf-8
cache-control: no-cache
content-length: 14

11:49:47.462 [AsyncHttpClient-1-4] DEBUG org.asynchttpclient.netty.channel.ChannelManager -- Adding key: http://localhost:4444 for channel [id: 0x6569de87, L:/127.0.0.1:49585 - R:localhost/127.0.0.1:4444]
11:49:47.472 [Forwarding getCurrentUrl on session a36ad779f2eb27221a40e2769d4c28ae to remote] DEBUG org.asynchttpclient.netty.request.NettyRequestSender -- Using pooled Channel '[id: 0x6569de87, L:/127.0.0.1:49585 - R:localhost/127.0.0.1:4444]' for 'GET' to 'http://localhost:4444/wd/hub/session/a36ad779f2eb27221a40e2769d4c28ae/url'
11:49:47.474 [Forwarding getCurrentUrl on session a36ad779f2eb27221a40e2769d4c28ae to remote] DEBUG org.asynchttpclient.netty.request.NettyRequestSender -- Using open Channel [id: 0x6569de87, L:/127.0.0.1:49585 - R:localhost/127.0.0.1:4444] for GET '/wd/hub/session/a36ad779f2eb27221a40e2769d4c28ae/url'
11:49:47.631 [AsyncHttpClient-1-2] DEBUG org.asynchttpclient.netty.handler.HttpHandler -- 

Request DefaultHttpRequest(decodeResult: success, version: HTTP/1.1)
POST /wd/hub/session/9a44ae71c6946110e6fec35035dc9bc4/url HTTP/1.1
User-Agent: selenium/4.1.3 (java windows)
traceparent: 00-13767b42d12b2e53dfbc6fd6b71c596f-bac6d2f883cdff8a-01
Content-Length: 57
Content-Type: application/json; charset=utf-8
host: localhost:4444
accept: */*

Response DefaultHttpResponse(decodeResult: success, version: HTTP/1.1)
HTTP/1.1 200 OK
content-type: application/json; charset=utf-8
cache-control: no-cache
content-length: 14

11:49:47.632 [AsyncHttpClient-1-2] DEBUG org.asynchttpclient.netty.channel.ChannelManager -- Adding key: http://localhost:4444 for channel [id: 0x96cd561f, L:/127.0.0.1:49586 - R:localhost/127.0.0.1:4444]
11:49:47.636 [Forwarding getCurrentUrl on session 9a44ae71c6946110e6fec35035dc9bc4 to remote] DEBUG org.asynchttpclient.netty.request.NettyRequestSender -- Using pooled Channel '[id: 0x96cd561f, L:/127.0.0.1:49586 - R:localhost/127.0.0.1:4444]' for 'GET' to 'http://localhost:4444/wd/hub/session/9a44ae71c6946110e6fec35035dc9bc4/url'
11:49:47.636 [Forwarding getCurrentUrl on session 9a44ae71c6946110e6fec35035dc9bc4 to remote] DEBUG org.asynchttpclient.netty.request.NettyRequestSender -- Using open Channel [id: 0x96cd561f, L:/127.0.0.1:49586 - R:localhost/127.0.0.1:4444] for GET '/wd/hub/session/9a44ae71c6946110e6fec35035dc9bc4/url'
11:49:48.270 [AsyncHttpClient-1-2] DEBUG org.asynchttpclient.netty.handler.HttpHandler -- 

Request DefaultFullHttpRequest(decodeResult: success, version: HTTP/1.1, content: EmptyByteBufBE)
GET /wd/hub/session/9a44ae71c6946110e6fec35035dc9bc4/url HTTP/1.1
User-Agent: selenium/4.1.3 (java windows)
Cache-Control: no-cache
traceparent: 00-10a6162dd2ab2a22c94fa6fef699d563-82aa7a58ba11b129-01
Content-Type: application/json; charset=utf-8
host: localhost:4444
accept: */*

Response DefaultHttpResponse(decodeResult: success, version: HTTP/1.1)
HTTP/1.1 200 OK
content-type: application/json; charset=utf-8
cache-control: no-cache
content-length: 34

11:49:48.270 [AsyncHttpClient-1-2] DEBUG org.asynchttpclient.netty.channel.ChannelManager -- Adding key: http://localhost:4444 for channel [id: 0x96cd561f, L:/127.0.0.1:49586 - R:localhost/127.0.0.1:4444]
11:49:48.274 [Forwarding findElement on session 9a44ae71c6946110e6fec35035dc9bc4 to remote] DEBUG org.asynchttpclient.netty.request.NettyRequestSender -- Using pooled Channel '[id: 0x96cd561f, L:/127.0.0.1:49586 - R:localhost/127.0.0.1:4444]' for 'POST' to 'http://localhost:4444/wd/hub/session/9a44ae71c6946110e6fec35035dc9bc4/element'
11:49:48.274 [Forwarding findElement on session 9a44ae71c6946110e6fec35035dc9bc4 to remote] DEBUG org.asynchttpclient.netty.request.NettyRequestSender -- Using open Channel [id: 0x96cd561f, L:/127.0.0.1:49586 - R:localhost/127.0.0.1:4444] for POST '/wd/hub/session/9a44ae71c6946110e6fec35035dc9bc4/element'
11:49:48.471 [AsyncHttpClient-1-2] DEBUG org.asynchttpclient.netty.handler.HttpHandler -- 

Request DefaultHttpRequest(decodeResult: success, version: HTTP/1.1)
POST /wd/hub/session/9a44ae71c6946110e6fec35035dc9bc4/element HTTP/1.1
User-Agent: selenium/4.1.3 (java windows)
traceparent: 00-46f37518884901efb3a7b1d2ec1afd01-73f059f602278a7b-01
Content-Length: 70
Content-Type: application/json; charset=utf-8
host: localhost:4444
accept: */*

Response DefaultHttpResponse(decodeResult: success, version: HTTP/1.1)
HTTP/1.1 200 OK
content-type: application/json; charset=utf-8
cache-control: no-cache
content-length: 126

11:49:48.471 [AsyncHttpClient-1-2] DEBUG org.asynchttpclient.netty.channel.ChannelManager -- Adding key: http://localhost:4444 for channel [id: 0x96cd561f, L:/127.0.0.1:49586 - R:localhost/127.0.0.1:4444]
11:49:48.492 [Forwarding isElementDisplayed on session 9a44ae71c6946110e6fec35035dc9bc4 to remote] DEBUG org.asynchttpclient.netty.request.NettyRequestSender -- Using pooled Channel '[id: 0x96cd561f, L:/127.0.0.1:49586 - R:localhost/127.0.0.1:4444]' for 'POST' to 'http://localhost:4444/wd/hub/session/9a44ae71c6946110e6fec35035dc9bc4/execute/sync'
11:49:48.492 [Forwarding isElementDisplayed on session 9a44ae71c6946110e6fec35035dc9bc4 to remote] DEBUG org.asynchttpclient.netty.request.NettyRequestSender -- Using open Channel [id: 0x96cd561f, L:/127.0.0.1:49586 - R:localhost/127.0.0.1:4444] for POST '/wd/hub/session/9a44ae71c6946110e6fec35035dc9bc4/execute/sync'
11:49:48.607 [AsyncHttpClient-1-2] DEBUG org.asynchttpclient.netty.handler.HttpHandler -- 

Request DefaultHttpRequest(decodeResult: success, version: HTTP/1.1)
POST /wd/hub/session/9a44ae71c6946110e6fec35035dc9bc4/execute/sync HTTP/1.1
User-Agent: selenium/4.1.3 (java windows)
traceparent: 00-79746a26a43ae9e04efa7819ef5c9c53-768da47017a24e6f-01
Content-Length: 48818
Content-Type: application/json; charset=utf-8
host: localhost:4444
accept: */*

Response DefaultHttpResponse(decodeResult: success, version: HTTP/1.1)
HTTP/1.1 200 OK
content-type: application/json; charset=utf-8
cache-control: no-cache
content-length: 14

11:49:48.608 [AsyncHttpClient-1-2] DEBUG org.asynchttpclient.netty.channel.ChannelManager -- Adding key: http://localhost:4444 for channel [id: 0x96cd561f, L:/127.0.0.1:49586 - R:localhost/127.0.0.1:4444]
11:49:48.613 [Forwarding findElement on session 9a44ae71c6946110e6fec35035dc9bc4 to remote] DEBUG org.asynchttpclient.netty.request.NettyRequestSender -- Using pooled Channel '[id: 0x96cd561f, L:/127.0.0.1:49586 - R:localhost/127.0.0.1:4444]' for 'POST' to 'http://localhost:4444/wd/hub/session/9a44ae71c6946110e6fec35035dc9bc4/element'
11:49:48.614 [Forwarding findElement on session 9a44ae71c6946110e6fec35035dc9bc4 to remote] DEBUG org.asynchttpclient.netty.request.NettyRequestSender -- Using open Channel [id: 0x96cd561f, L:/127.0.0.1:49586 - R:localhost/127.0.0.1:4444] for POST '/wd/hub/session/9a44ae71c6946110e6fec35035dc9bc4/element'
11:49:48.689 [AsyncHttpClient-1-3] DEBUG org.asynchttpclient.netty.handler.HttpHandler -- 

Request DefaultHttpRequest(decodeResult: success, version: HTTP/1.1)
POST /wd/hub/session HTTP/1.1
User-Agent: selenium/4.1.3 (java windows)
traceparent: 00-f8a40a6cb49cbfdc3d0aa8d38138ab9f-43c2a2eb2d62451d-01
Content-Length: 341
Content-Type: application/json; charset=utf-8
host: localhost:4444
accept: */*

Response DefaultHttpResponse(decodeResult: success, version: HTTP/1.1)
HTTP/1.1 200 OK
Cache-Control: no-cache
Content-Type: application/json; charset=utf-8
content-length: 1351

11:49:48.691 [AsyncHttpClient-1-3] DEBUG org.asynchttpclient.netty.channel.ChannelManager -- Adding key: http://localhost:4444 for channel [id: 0x18146819, L:/127.0.0.1:49584 - R:localhost/127.0.0.1:4444]
11:49:48.709 [Forwarding setTimeout on session 89371022bd98743e965a71cbef7a008e to remote] DEBUG org.asynchttpclient.netty.request.NettyRequestSender -- Using pooled Channel '[id: 0x18146819, L:/127.0.0.1:49584 - R:localhost/127.0.0.1:4444]' for 'POST' to 'http://localhost:4444/wd/hub/session/89371022bd98743e965a71cbef7a008e/timeouts'
11:49:48.711 [Forwarding setTimeout on session 89371022bd98743e965a71cbef7a008e to remote] DEBUG org.asynchttpclient.netty.request.NettyRequestSender -- Using open Channel [id: 0x18146819, L:/127.0.0.1:49584 - R:localhost/127.0.0.1:4444] for POST '/wd/hub/session/89371022bd98743e965a71cbef7a008e/timeouts'
11:49:48.827 [AsyncHttpClient-1-3] DEBUG org.asynchttpclient.netty.handler.HttpHandler -- 

Request DefaultHttpRequest(decodeResult: success, version: HTTP/1.1)
POST /wd/hub/session/89371022bd98743e965a71cbef7a008e/timeouts HTTP/1.1
User-Agent: selenium/4.1.3 (java windows)
traceparent: 00-bccf05840e4bbc90154dbb11d7dc0aa7-9ff7c4d0d2493cab-01
Content-Length: 22
Content-Type: application/json; charset=utf-8
host: localhost:4444
accept: */*

Response DefaultHttpResponse(decodeResult: success, version: HTTP/1.1)
HTTP/1.1 200 OK
content-type: application/json; charset=utf-8
cache-control: no-cache
content-length: 14

11:49:48.828 [AsyncHttpClient-1-3] DEBUG org.asynchttpclient.netty.channel.ChannelManager -- Adding key: http://localhost:4444 for channel [id: 0x18146819, L:/127.0.0.1:49584 - R:localhost/127.0.0.1:4444]
11:49:48.831 [Forwarding maximizeCurrentWindow on session 89371022bd98743e965a71cbef7a008e to remote] DEBUG org.asynchttpclient.netty.request.NettyRequestSender -- Using pooled Channel '[id: 0x18146819, L:/127.0.0.1:49584 - R:localhost/127.0.0.1:4444]' for 'POST' to 'http://localhost:4444/wd/hub/session/89371022bd98743e965a71cbef7a008e/window/maximize'
11:49:48.831 [Forwarding maximizeCurrentWindow on session 89371022bd98743e965a71cbef7a008e to remote] DEBUG org.asynchttpclient.netty.request.NettyRequestSender -- Using open Channel [id: 0x18146819, L:/127.0.0.1:49584 - R:localhost/127.0.0.1:4444] for POST '/wd/hub/session/89371022bd98743e965a71cbef7a008e/window/maximize'
11:49:48.874 [AsyncHttpClient-1-2] DEBUG org.asynchttpclient.netty.handler.HttpHandler -- 

Request DefaultHttpRequest(decodeResult: success, version: HTTP/1.1)
POST /wd/hub/session/9a44ae71c6946110e6fec35035dc9bc4/element HTTP/1.1
User-Agent: selenium/4.1.3 (java windows)
traceparent: 00-3f5f8d5d458db25b318f3f3d73a7d527-cab15696179aed5b-01
Content-Length: 70
Content-Type: application/json; charset=utf-8
host: localhost:4444
accept: */*

Response DefaultHttpResponse(decodeResult: success, version: HTTP/1.1)
HTTP/1.1 200 OK
content-type: application/json; charset=utf-8
cache-control: no-cache
content-length: 126

11:49:48.875 [AsyncHttpClient-1-2] DEBUG org.asynchttpclient.netty.channel.ChannelManager -- Adding key: http://localhost:4444 for channel [id: 0x96cd561f, L:/127.0.0.1:49586 - R:localhost/127.0.0.1:4444]
11:49:48.880 [Forwarding clickElement on session 9a44ae71c6946110e6fec35035dc9bc4 to remote] DEBUG org.asynchttpclient.netty.request.NettyRequestSender -- Using pooled Channel '[id: 0x96cd561f, L:/127.0.0.1:49586 - R:localhost/127.0.0.1:4444]' for 'POST' to 'http://localhost:4444/wd/hub/session/9a44ae71c6946110e6fec35035dc9bc4/element/f.50C9010F5691A58DE4FAD67F094DCCEE.d.AE052F043A70A6735098F88E95C45283.e.83/click'
11:49:48.880 [Forwarding clickElement on session 9a44ae71c6946110e6fec35035dc9bc4 to remote] DEBUG org.asynchttpclient.netty.request.NettyRequestSender -- Using open Channel [id: 0x96cd561f, L:/127.0.0.1:49586 - R:localhost/127.0.0.1:4444] for POST '/wd/hub/session/9a44ae71c6946110e6fec35035dc9bc4/element/f.50C9010F5691A58DE4FAD67F094DCCEE.d.AE052F043A70A6735098F88E95C45283.e.83/click'
11:49:50.083 [AsyncHttpClient-1-3] DEBUG org.asynchttpclient.netty.handler.HttpHandler -- 

Request DefaultHttpRequest(decodeResult: success, version: HTTP/1.1)
POST /wd/hub/session/89371022bd98743e965a71cbef7a008e/window/maximize HTTP/1.1
User-Agent: selenium/4.1.3 (java windows)
traceparent: 00-1f39a9b468cd6cbb9a11dab3435dfa1f-ef70450bc5a2b330-01
Content-Length: 3
Content-Type: application/json; charset=utf-8
host: localhost:4444
accept: */*

Response DefaultHttpResponse(decodeResult: success, version: HTTP/1.1)
HTTP/1.1 200 OK
content-type: application/json; charset=utf-8
cache-control: no-cache
content-length: 50

11:49:50.084 [AsyncHttpClient-1-3] DEBUG org.asynchttpclient.netty.channel.ChannelManager -- Adding key: http://localhost:4444 for channel [id: 0x18146819, L:/127.0.0.1:49584 - R:localhost/127.0.0.1:4444]
11:49:50.092 [Forwarding get on session 89371022bd98743e965a71cbef7a008e to remote] DEBUG org.asynchttpclient.netty.request.NettyRequestSender -- Using pooled Channel '[id: 0x18146819, L:/127.0.0.1:49584 - R:localhost/127.0.0.1:4444]' for 'POST' to 'http://localhost:4444/wd/hub/session/89371022bd98743e965a71cbef7a008e/url'
11:49:50.092 [Forwarding get on session 89371022bd98743e965a71cbef7a008e to remote] DEBUG org.asynchttpclient.netty.request.NettyRequestSender -- Using open Channel [id: 0x18146819, L:/127.0.0.1:49584 - R:localhost/127.0.0.1:4444] for POST '/wd/hub/session/89371022bd98743e965a71cbef7a008e/url'
11:49:51.159 [AsyncHttpClient-1-2] DEBUG org.asynchttpclient.netty.handler.HttpHandler -- 

Request DefaultHttpRequest(decodeResult: success, version: HTTP/1.1)
POST /wd/hub/session/9a44ae71c6946110e6fec35035dc9bc4/element/f.50C9010F5691A58DE4FAD67F094DCCEE.d.AE052F043A70A6735098F88E95C45283.e.83/click HTTP/1.1
User-Agent: selenium/4.1.3 (java windows)
traceparent: 00-7b2178c3ddd92f5b7935e59d6fa3bade-2b390e9ffebf424a-01
Content-Length: 88
Content-Type: application/json; charset=utf-8
host: localhost:4444
accept: */*

Response DefaultHttpResponse(decodeResult: success, version: HTTP/1.1)
HTTP/1.1 200 OK
content-type: application/json; charset=utf-8
cache-control: no-cache
content-length: 14

11:49:51.159 [AsyncHttpClient-1-2] DEBUG org.asynchttpclient.netty.channel.ChannelManager -- Adding key: http://localhost:4444 for channel [id: 0x96cd561f, L:/127.0.0.1:49586 - R:localhost/127.0.0.1:4444]
]]></system-out>
    <system-err><![CDATA[Aug 27, 2024 11:49:44 AM org.openqa.selenium.remote.ProtocolHandshake createSession
INFO: Detected dialect: W3C
Aug 27, 2024 11:49:48 AM org.openqa.selenium.remote.ProtocolHandshake createSession
INFO: Detected dialect: W3C
]]></system-err>
  </testcase>
  <testcase name="runScenario[&quot;Verify that Login button show Properly&quot;, &quot;Optional[Verify Brikroy.com Website work properly]&quot;](9)" classname="TestRunner.TestRunner" time="11.152">
    <system-out><![CDATA[11:49:51.365 [Forwarding newSession on session null to remote] DEBUG org.asynchttpclient.netty.request.NettyRequestSender -- Using pooled Channel '[id: 0x96cd561f, L:/127.0.0.1:49586 - R:localhost/127.0.0.1:4444]' for 'POST' to 'http://localhost:4444/wd/hub/session'
11:49:51.365 [Forwarding newSession on session null to remote] DEBUG org.asynchttpclient.netty.request.NettyRequestSender -- Using open Channel [id: 0x96cd561f, L:/127.0.0.1:49586 - R:localhost/127.0.0.1:4444] for POST '/wd/hub/session'
11:49:52.538 [AsyncHttpClient-1-3] DEBUG org.asynchttpclient.netty.handler.HttpHandler -- 

Request DefaultHttpRequest(decodeResult: success, version: HTTP/1.1)
POST /wd/hub/session/89371022bd98743e965a71cbef7a008e/url HTTP/1.1
User-Agent: selenium/4.1.3 (java windows)
traceparent: 00-68c9e6e3c35aa90058d349bdd88c77fe-0426c2df509aec0d-01
Content-Length: 57
Content-Type: application/json; charset=utf-8
host: localhost:4444
accept: */*

Response DefaultHttpResponse(decodeResult: success, version: HTTP/1.1)
HTTP/1.1 200 OK
content-type: application/json; charset=utf-8
cache-control: no-cache
content-length: 14

11:49:52.539 [AsyncHttpClient-1-3] DEBUG org.asynchttpclient.netty.channel.ChannelManager -- Adding key: http://localhost:4444 for channel [id: 0x18146819, L:/127.0.0.1:49584 - R:localhost/127.0.0.1:4444]
11:49:52.541 [Forwarding getCurrentUrl on session 89371022bd98743e965a71cbef7a008e to remote] DEBUG org.asynchttpclient.netty.request.NettyRequestSender -- Using pooled Channel '[id: 0x18146819, L:/127.0.0.1:49584 - R:localhost/127.0.0.1:4444]' for 'GET' to 'http://localhost:4444/wd/hub/session/89371022bd98743e965a71cbef7a008e/url'
11:49:52.542 [Forwarding getCurrentUrl on session 89371022bd98743e965a71cbef7a008e to remote] DEBUG org.asynchttpclient.netty.request.NettyRequestSender -- Using open Channel [id: 0x18146819, L:/127.0.0.1:49584 - R:localhost/127.0.0.1:4444] for GET '/wd/hub/session/89371022bd98743e965a71cbef7a008e/url'
11:49:57.476 [AsyncHttpClient-1-2] DEBUG org.asynchttpclient.netty.handler.HttpHandler -- 

Request DefaultHttpRequest(decodeResult: success, version: HTTP/1.1)
POST /wd/hub/session HTTP/1.1
User-Agent: selenium/4.1.3 (java windows)
traceparent: 00-dcac627a9838c4141c0dee2328efebb0-d5d62f2427cda376-01
Content-Length: 341
Content-Type: application/json; charset=utf-8
host: localhost:4444
accept: */*

Response DefaultHttpResponse(decodeResult: success, version: HTTP/1.1)
HTTP/1.1 200 OK
Cache-Control: no-cache
Content-Type: application/json; charset=utf-8
content-length: 1351

11:49:57.477 [AsyncHttpClient-1-2] DEBUG org.asynchttpclient.netty.channel.ChannelManager -- Adding key: http://localhost:4444 for channel [id: 0x96cd561f, L:/127.0.0.1:49586 - R:localhost/127.0.0.1:4444]
11:49:57.497 [Forwarding setTimeout on session 6f0059f59163dc398dc46ee96ef78996 to remote] DEBUG org.asynchttpclient.netty.request.NettyRequestSender -- Using pooled Channel '[id: 0x96cd561f, L:/127.0.0.1:49586 - R:localhost/127.0.0.1:4444]' for 'POST' to 'http://localhost:4444/wd/hub/session/6f0059f59163dc398dc46ee96ef78996/timeouts'
11:49:57.497 [Forwarding setTimeout on session 6f0059f59163dc398dc46ee96ef78996 to remote] DEBUG org.asynchttpclient.netty.request.NettyRequestSender -- Using open Channel [id: 0x96cd561f, L:/127.0.0.1:49586 - R:localhost/127.0.0.1:4444] for POST '/wd/hub/session/6f0059f59163dc398dc46ee96ef78996/timeouts'
11:49:57.520 [AsyncHttpClient-1-2] DEBUG org.asynchttpclient.netty.handler.HttpHandler -- 

Request DefaultHttpRequest(decodeResult: success, version: HTTP/1.1)
POST /wd/hub/session/6f0059f59163dc398dc46ee96ef78996/timeouts HTTP/1.1
User-Agent: selenium/4.1.3 (java windows)
traceparent: 00-54226bf7599b1b25ab6f39e8ff130e60-b5143894ec399cca-01
Content-Length: 22
Content-Type: application/json; charset=utf-8
host: localhost:4444
accept: */*

Response DefaultHttpResponse(decodeResult: success, version: HTTP/1.1)
HTTP/1.1 200 OK
content-type: application/json; charset=utf-8
cache-control: no-cache
content-length: 14

11:49:57.521 [AsyncHttpClient-1-2] DEBUG org.asynchttpclient.netty.channel.ChannelManager -- Adding key: http://localhost:4444 for channel [id: 0x96cd561f, L:/127.0.0.1:49586 - R:localhost/127.0.0.1:4444]
11:49:57.525 [Forwarding maximizeCurrentWindow on session 6f0059f59163dc398dc46ee96ef78996 to remote] DEBUG org.asynchttpclient.netty.request.NettyRequestSender -- Using pooled Channel '[id: 0x96cd561f, L:/127.0.0.1:49586 - R:localhost/127.0.0.1:4444]' for 'POST' to 'http://localhost:4444/wd/hub/session/6f0059f59163dc398dc46ee96ef78996/window/maximize'
11:49:57.525 [Forwarding maximizeCurrentWindow on session 6f0059f59163dc398dc46ee96ef78996 to remote] DEBUG org.asynchttpclient.netty.request.NettyRequestSender -- Using open Channel [id: 0x96cd561f, L:/127.0.0.1:49586 - R:localhost/127.0.0.1:4444] for POST '/wd/hub/session/6f0059f59163dc398dc46ee96ef78996/window/maximize'
11:49:57.989 [AsyncHttpClient-1-2] DEBUG org.asynchttpclient.netty.handler.HttpHandler -- 

Request DefaultHttpRequest(decodeResult: success, version: HTTP/1.1)
POST /wd/hub/session/6f0059f59163dc398dc46ee96ef78996/window/maximize HTTP/1.1
User-Agent: selenium/4.1.3 (java windows)
traceparent: 00-4fec93edbbd02924cee3a4b5b9af767c-bb1997f429afc8de-01
Content-Length: 3
Content-Type: application/json; charset=utf-8
host: localhost:4444
accept: */*

Response DefaultHttpResponse(decodeResult: success, version: HTTP/1.1)
HTTP/1.1 200 OK
content-type: application/json; charset=utf-8
cache-control: no-cache
content-length: 50

11:49:57.990 [AsyncHttpClient-1-2] DEBUG org.asynchttpclient.netty.channel.ChannelManager -- Adding key: http://localhost:4444 for channel [id: 0x96cd561f, L:/127.0.0.1:49586 - R:localhost/127.0.0.1:4444]
11:49:57.994 [Forwarding get on session 6f0059f59163dc398dc46ee96ef78996 to remote] DEBUG org.asynchttpclient.netty.request.NettyRequestSender -- Using pooled Channel '[id: 0x96cd561f, L:/127.0.0.1:49586 - R:localhost/127.0.0.1:4444]' for 'POST' to 'http://localhost:4444/wd/hub/session/6f0059f59163dc398dc46ee96ef78996/url'
11:49:57.995 [Forwarding get on session 6f0059f59163dc398dc46ee96ef78996 to remote] DEBUG org.asynchttpclient.netty.request.NettyRequestSender -- Using open Channel [id: 0x96cd561f, L:/127.0.0.1:49586 - R:localhost/127.0.0.1:4444] for POST '/wd/hub/session/6f0059f59163dc398dc46ee96ef78996/url'
11:49:59.979 [AsyncHttpClient-1-4] DEBUG org.asynchttpclient.netty.handler.HttpHandler -- 

Request DefaultFullHttpRequest(decodeResult: success, version: HTTP/1.1, content: EmptyByteBufBE)
GET /wd/hub/session/a36ad779f2eb27221a40e2769d4c28ae/url HTTP/1.1
User-Agent: selenium/4.1.3 (java windows)
Cache-Control: no-cache
traceparent: 00-0cc2da6dc86334015405cc766c3ab984-c93b0f3d0ff0a489-01
Content-Type: application/json; charset=utf-8
host: localhost:4444
accept: */*

Response DefaultHttpResponse(decodeResult: success, version: HTTP/1.1)
HTTP/1.1 200 OK
content-type: application/json; charset=utf-8
cache-control: no-cache
content-length: 34

11:49:59.980 [AsyncHttpClient-1-4] DEBUG org.asynchttpclient.netty.channel.ChannelManager -- Adding key: http://localhost:4444 for channel [id: 0x6569de87, L:/127.0.0.1:49585 - R:localhost/127.0.0.1:4444]
11:50:01.051 [AsyncHttpClient-1-1] DEBUG org.asynchttpclient.netty.channel.DefaultChannelPool -- Entry count for : http://localhost:4444 : 1
11:50:02.005 [Forwarding findElement on session a36ad779f2eb27221a40e2769d4c28ae to remote] DEBUG org.asynchttpclient.netty.request.NettyRequestSender -- Using pooled Channel '[id: 0x6569de87, L:/127.0.0.1:49585 - R:localhost/127.0.0.1:4444]' for 'POST' to 'http://localhost:4444/wd/hub/session/a36ad779f2eb27221a40e2769d4c28ae/element'
11:50:02.005 [Forwarding findElement on session a36ad779f2eb27221a40e2769d4c28ae to remote] DEBUG org.asynchttpclient.netty.request.NettyRequestSender -- Using open Channel [id: 0x6569de87, L:/127.0.0.1:49585 - R:localhost/127.0.0.1:4444] for POST '/wd/hub/session/a36ad779f2eb27221a40e2769d4c28ae/element'
11:50:02.143 [AsyncHttpClient-1-4] DEBUG org.asynchttpclient.netty.handler.HttpHandler -- 

Request DefaultHttpRequest(decodeResult: success, version: HTTP/1.1)
POST /wd/hub/session/a36ad779f2eb27221a40e2769d4c28ae/element HTTP/1.1
User-Agent: selenium/4.1.3 (java windows)
traceparent: 00-38ae9af73c54855a0e8c4115c1d26c4b-ad1675057a5a489f-01
Content-Length: 71
Content-Type: application/json; charset=utf-8
host: localhost:4444
accept: */*

Response DefaultHttpResponse(decodeResult: success, version: HTTP/1.1)
HTTP/1.1 200 OK
content-type: application/json; charset=utf-8
cache-control: no-cache
content-length: 126

11:50:02.143 [AsyncHttpClient-1-4] DEBUG org.asynchttpclient.netty.channel.ChannelManager -- Adding key: http://localhost:4444 for channel [id: 0x6569de87, L:/127.0.0.1:49585 - R:localhost/127.0.0.1:4444]
11:50:02.153 [Forwarding isElementDisplayed on session a36ad779f2eb27221a40e2769d4c28ae to remote] DEBUG org.asynchttpclient.netty.request.NettyRequestSender -- Using pooled Channel '[id: 0x6569de87, L:/127.0.0.1:49585 - R:localhost/127.0.0.1:4444]' for 'POST' to 'http://localhost:4444/wd/hub/session/a36ad779f2eb27221a40e2769d4c28ae/execute/sync'
11:50:02.153 [Forwarding isElementDisplayed on session a36ad779f2eb27221a40e2769d4c28ae to remote] DEBUG org.asynchttpclient.netty.request.NettyRequestSender -- Using open Channel [id: 0x6569de87, L:/127.0.0.1:49585 - R:localhost/127.0.0.1:4444] for POST '/wd/hub/session/a36ad779f2eb27221a40e2769d4c28ae/execute/sync'
11:50:02.244 [AsyncHttpClient-1-4] DEBUG org.asynchttpclient.netty.handler.HttpHandler -- 

Request DefaultHttpRequest(decodeResult: success, version: HTTP/1.1)
POST /wd/hub/session/a36ad779f2eb27221a40e2769d4c28ae/execute/sync HTTP/1.1
User-Agent: selenium/4.1.3 (java windows)
traceparent: 00-bb82bf9549d71672d2427eb01775fb56-df6364e18ffded90-01
Content-Length: 48818
Content-Type: application/json; charset=utf-8
host: localhost:4444
accept: */*

Response DefaultHttpResponse(decodeResult: success, version: HTTP/1.1)
HTTP/1.1 200 OK
content-type: application/json; charset=utf-8
cache-control: no-cache
content-length: 14

11:50:02.244 [AsyncHttpClient-1-4] DEBUG org.asynchttpclient.netty.channel.ChannelManager -- Adding key: http://localhost:4444 for channel [id: 0x6569de87, L:/127.0.0.1:49585 - R:localhost/127.0.0.1:4444]
11:50:02.249 [Forwarding findElement on session a36ad779f2eb27221a40e2769d4c28ae to remote] DEBUG org.asynchttpclient.netty.request.NettyRequestSender -- Using pooled Channel '[id: 0x6569de87, L:/127.0.0.1:49585 - R:localhost/127.0.0.1:4444]' for 'POST' to 'http://localhost:4444/wd/hub/session/a36ad779f2eb27221a40e2769d4c28ae/element'
11:50:02.249 [Forwarding findElement on session a36ad779f2eb27221a40e2769d4c28ae to remote] DEBUG org.asynchttpclient.netty.request.NettyRequestSender -- Using open Channel [id: 0x6569de87, L:/127.0.0.1:49585 - R:localhost/127.0.0.1:4444] for POST '/wd/hub/session/a36ad779f2eb27221a40e2769d4c28ae/element'
11:50:02.354 [AsyncHttpClient-1-4] DEBUG org.asynchttpclient.netty.handler.HttpHandler -- 

Request DefaultHttpRequest(decodeResult: success, version: HTTP/1.1)
POST /wd/hub/session/a36ad779f2eb27221a40e2769d4c28ae/element HTTP/1.1
User-Agent: selenium/4.1.3 (java windows)
traceparent: 00-ba6335317d20e666fd39281023332d6b-f86abe5f40f83eba-01
Content-Length: 71
Content-Type: application/json; charset=utf-8
host: localhost:4444
accept: */*

Response DefaultHttpResponse(decodeResult: success, version: HTTP/1.1)
HTTP/1.1 200 OK
content-type: application/json; charset=utf-8
cache-control: no-cache
content-length: 126

11:50:02.355 [AsyncHttpClient-1-4] DEBUG org.asynchttpclient.netty.channel.ChannelManager -- Adding key: http://localhost:4444 for channel [id: 0x6569de87, L:/127.0.0.1:49585 - R:localhost/127.0.0.1:4444]
11:50:02.359 [Forwarding clickElement on session a36ad779f2eb27221a40e2769d4c28ae to remote] DEBUG org.asynchttpclient.netty.request.NettyRequestSender -- Using pooled Channel '[id: 0x6569de87, L:/127.0.0.1:49585 - R:localhost/127.0.0.1:4444]' for 'POST' to 'http://localhost:4444/wd/hub/session/a36ad779f2eb27221a40e2769d4c28ae/element/f.28CDAFB4547036E555200F118FBE4C16.d.F625A605190771B255E681110A0987F9.e.74/click'
11:50:02.360 [Forwarding clickElement on session a36ad779f2eb27221a40e2769d4c28ae to remote] DEBUG org.asynchttpclient.netty.request.NettyRequestSender -- Using open Channel [id: 0x6569de87, L:/127.0.0.1:49585 - R:localhost/127.0.0.1:4444] for POST '/wd/hub/session/a36ad779f2eb27221a40e2769d4c28ae/element/f.28CDAFB4547036E555200F118FBE4C16.d.F625A605190771B255E681110A0987F9.e.74/click'
11:50:02.741 [AsyncHttpClient-1-4] DEBUG org.asynchttpclient.netty.handler.HttpHandler -- 

Request DefaultHttpRequest(decodeResult: success, version: HTTP/1.1)
POST /wd/hub/session/a36ad779f2eb27221a40e2769d4c28ae/element/f.28CDAFB4547036E555200F118FBE4C16.d.F625A605190771B255E681110A0987F9.e.74/click HTTP/1.1
User-Agent: selenium/4.1.3 (java windows)
traceparent: 00-011812101f6352d9ee40cc72f8e53ae7-2978a8bdd77633bb-01
Content-Length: 88
Content-Type: application/json; charset=utf-8
host: localhost:4444
accept: */*

Response DefaultHttpResponse(decodeResult: success, version: HTTP/1.1)
HTTP/1.1 200 OK
content-type: application/json; charset=utf-8
cache-control: no-cache
content-length: 14

11:50:02.742 [AsyncHttpClient-1-4] DEBUG org.asynchttpclient.netty.channel.ChannelManager -- Adding key: http://localhost:4444 for channel [id: 0x6569de87, L:/127.0.0.1:49585 - R:localhost/127.0.0.1:4444]
]]></system-out>
    <system-err><![CDATA[Aug 27, 2024 11:49:57 AM org.openqa.selenium.remote.ProtocolHandshake createSession
INFO: Detected dialect: W3C
]]></system-err>
  </testcase>
  <testcase name="runScenario[&quot;Verify that POST YOUR AD button show Properly&quot;, &quot;Optional[Verify Brikroy.com Website work properly]&quot;](10)" classname="TestRunner.TestRunner" time="7.479">
    <system-out><![CDATA[11:50:02.845 [Forwarding newSession on session null to remote] DEBUG org.asynchttpclient.netty.request.NettyRequestSender -- Using pooled Channel '[id: 0x6569de87, L:/127.0.0.1:49585 - R:localhost/127.0.0.1:4444]' for 'POST' to 'http://localhost:4444/wd/hub/session'
11:50:02.845 [Forwarding newSession on session null to remote] DEBUG org.asynchttpclient.netty.request.NettyRequestSender -- Using open Channel [id: 0x6569de87, L:/127.0.0.1:49585 - R:localhost/127.0.0.1:4444] for POST '/wd/hub/session'
11:50:08.110 [AsyncHttpClient-1-4] DEBUG org.asynchttpclient.netty.handler.HttpHandler -- 

Request DefaultHttpRequest(decodeResult: success, version: HTTP/1.1)
POST /wd/hub/session HTTP/1.1
User-Agent: selenium/4.1.3 (java windows)
traceparent: 00-94258ef3fba139c3c405f5c621c8a778-f3d18b41a40e7273-01
Content-Length: 341
Content-Type: application/json; charset=utf-8
host: localhost:4444
accept: */*

Response DefaultHttpResponse(decodeResult: success, version: HTTP/1.1)
HTTP/1.1 200 OK
Cache-Control: no-cache
Content-Type: application/json; charset=utf-8
content-length: 1349

11:50:08.112 [AsyncHttpClient-1-4] DEBUG org.asynchttpclient.netty.channel.ChannelManager -- Adding key: http://localhost:4444 for channel [id: 0x6569de87, L:/127.0.0.1:49585 - R:localhost/127.0.0.1:4444]
11:50:08.141 [Forwarding setTimeout on session d64f078585cd4c3bc75af45e29fe23c4 to remote] DEBUG org.asynchttpclient.netty.request.NettyRequestSender -- Using pooled Channel '[id: 0x6569de87, L:/127.0.0.1:49585 - R:localhost/127.0.0.1:4444]' for 'POST' to 'http://localhost:4444/wd/hub/session/d64f078585cd4c3bc75af45e29fe23c4/timeouts'
11:50:08.142 [Forwarding setTimeout on session d64f078585cd4c3bc75af45e29fe23c4 to remote] DEBUG org.asynchttpclient.netty.request.NettyRequestSender -- Using open Channel [id: 0x6569de87, L:/127.0.0.1:49585 - R:localhost/127.0.0.1:4444] for POST '/wd/hub/session/d64f078585cd4c3bc75af45e29fe23c4/timeouts'
11:50:08.168 [AsyncHttpClient-1-4] DEBUG org.asynchttpclient.netty.handler.HttpHandler -- 

Request DefaultHttpRequest(decodeResult: success, version: HTTP/1.1)
POST /wd/hub/session/d64f078585cd4c3bc75af45e29fe23c4/timeouts HTTP/1.1
User-Agent: selenium/4.1.3 (java windows)
traceparent: 00-3bf82ef331b386d4ee507404f28a5cac-d71428d22cdc3b5d-01
Content-Length: 22
Content-Type: application/json; charset=utf-8
host: localhost:4444
accept: */*

Response DefaultHttpResponse(decodeResult: success, version: HTTP/1.1)
HTTP/1.1 200 OK
content-type: application/json; charset=utf-8
cache-control: no-cache
content-length: 14

11:50:08.169 [AsyncHttpClient-1-4] DEBUG org.asynchttpclient.netty.channel.ChannelManager -- Adding key: http://localhost:4444 for channel [id: 0x6569de87, L:/127.0.0.1:49585 - R:localhost/127.0.0.1:4444]
11:50:08.173 [Forwarding maximizeCurrentWindow on session d64f078585cd4c3bc75af45e29fe23c4 to remote] DEBUG org.asynchttpclient.netty.request.NettyRequestSender -- Using pooled Channel '[id: 0x6569de87, L:/127.0.0.1:49585 - R:localhost/127.0.0.1:4444]' for 'POST' to 'http://localhost:4444/wd/hub/session/d64f078585cd4c3bc75af45e29fe23c4/window/maximize'
11:50:08.173 [Forwarding maximizeCurrentWindow on session d64f078585cd4c3bc75af45e29fe23c4 to remote] DEBUG org.asynchttpclient.netty.request.NettyRequestSender -- Using open Channel [id: 0x6569de87, L:/127.0.0.1:49585 - R:localhost/127.0.0.1:4444] for POST '/wd/hub/session/d64f078585cd4c3bc75af45e29fe23c4/window/maximize'
11:50:08.450 [AsyncHttpClient-1-4] DEBUG org.asynchttpclient.netty.handler.HttpHandler -- 

Request DefaultHttpRequest(decodeResult: success, version: HTTP/1.1)
POST /wd/hub/session/d64f078585cd4c3bc75af45e29fe23c4/window/maximize HTTP/1.1
User-Agent: selenium/4.1.3 (java windows)
traceparent: 00-8a4e71b8d67187420d62a09a39bc1b27-500e9a0acbe1d493-01
Content-Length: 3
Content-Type: application/json; charset=utf-8
host: localhost:4444
accept: */*

Response DefaultHttpResponse(decodeResult: success, version: HTTP/1.1)
HTTP/1.1 200 OK
content-type: application/json; charset=utf-8
cache-control: no-cache
content-length: 50

11:50:08.452 [AsyncHttpClient-1-4] DEBUG org.asynchttpclient.netty.channel.ChannelManager -- Adding key: http://localhost:4444 for channel [id: 0x6569de87, L:/127.0.0.1:49585 - R:localhost/127.0.0.1:4444]
11:50:08.453 [AsyncHttpClient-1-3] DEBUG org.asynchttpclient.netty.handler.HttpHandler -- 

Request DefaultFullHttpRequest(decodeResult: success, version: HTTP/1.1, content: EmptyByteBufBE)
GET /wd/hub/session/89371022bd98743e965a71cbef7a008e/url HTTP/1.1
User-Agent: selenium/4.1.3 (java windows)
Cache-Control: no-cache
traceparent: 00-a680405232777e5e0d27e53c6a4f6602-d06ac3a0f362c4b5-01
Content-Type: application/json; charset=utf-8
host: localhost:4444
accept: */*

Response DefaultHttpResponse(decodeResult: success, version: HTTP/1.1)
HTTP/1.1 200 OK
content-type: application/json; charset=utf-8
cache-control: no-cache
content-length: 34

11:50:08.454 [AsyncHttpClient-1-3] DEBUG org.asynchttpclient.netty.channel.ChannelManager -- Adding key: http://localhost:4444 for channel [id: 0x18146819, L:/127.0.0.1:49584 - R:localhost/127.0.0.1:4444]
11:50:08.459 [Forwarding get on session d64f078585cd4c3bc75af45e29fe23c4 to remote] DEBUG org.asynchttpclient.netty.request.NettyRequestSender -- Using pooled Channel '[id: 0x18146819, L:/127.0.0.1:49584 - R:localhost/127.0.0.1:4444]' for 'POST' to 'http://localhost:4444/wd/hub/session/d64f078585cd4c3bc75af45e29fe23c4/url'
11:50:08.459 [Forwarding get on session d64f078585cd4c3bc75af45e29fe23c4 to remote] DEBUG org.asynchttpclient.netty.request.NettyRequestSender -- Using open Channel [id: 0x18146819, L:/127.0.0.1:49584 - R:localhost/127.0.0.1:4444] for POST '/wd/hub/session/d64f078585cd4c3bc75af45e29fe23c4/url'
11:50:08.887 [AsyncHttpClient-1-1] DEBUG org.asynchttpclient.netty.channel.DefaultChannelPool -- Entry count for : http://localhost:4444 : 1
11:50:09.957 [AsyncHttpClient-1-1] DEBUG org.asynchttpclient.netty.channel.DefaultChannelPool -- Entry count for : http://localhost:4444 : 1
11:50:10.464 [Forwarding findElement on session 89371022bd98743e965a71cbef7a008e to remote] DEBUG org.asynchttpclient.netty.request.NettyRequestSender -- Using pooled Channel '[id: 0x6569de87, L:/127.0.0.1:49585 - R:localhost/127.0.0.1:4444]' for 'POST' to 'http://localhost:4444/wd/hub/session/89371022bd98743e965a71cbef7a008e/element'
11:50:10.464 [Forwarding findElement on session 89371022bd98743e965a71cbef7a008e to remote] DEBUG org.asynchttpclient.netty.request.NettyRequestSender -- Using open Channel [id: 0x6569de87, L:/127.0.0.1:49585 - R:localhost/127.0.0.1:4444] for POST '/wd/hub/session/89371022bd98743e965a71cbef7a008e/element'
11:50:10.493 [AsyncHttpClient-1-4] DEBUG org.asynchttpclient.netty.handler.HttpHandler -- 

Request DefaultHttpRequest(decodeResult: success, version: HTTP/1.1)
POST /wd/hub/session/89371022bd98743e965a71cbef7a008e/element HTTP/1.1
User-Agent: selenium/4.1.3 (java windows)
traceparent: 00-380bf200eae22760eb1a174eaf6b0086-ca11d385ea115015-01
Content-Length: 89
Content-Type: application/json; charset=utf-8
host: localhost:4444
accept: */*

Response DefaultHttpResponse(decodeResult: success, version: HTTP/1.1)
HTTP/1.1 200 OK
content-type: application/json; charset=utf-8
cache-control: no-cache
content-length: 126

11:50:10.493 [AsyncHttpClient-1-4] DEBUG org.asynchttpclient.netty.channel.ChannelManager -- Adding key: http://localhost:4444 for channel [id: 0x6569de87, L:/127.0.0.1:49585 - R:localhost/127.0.0.1:4444]
11:50:10.498 [Forwarding isElementDisplayed on session 89371022bd98743e965a71cbef7a008e to remote] DEBUG org.asynchttpclient.netty.request.NettyRequestSender -- Using pooled Channel '[id: 0x6569de87, L:/127.0.0.1:49585 - R:localhost/127.0.0.1:4444]' for 'POST' to 'http://localhost:4444/wd/hub/session/89371022bd98743e965a71cbef7a008e/execute/sync'
11:50:10.498 [Forwarding isElementDisplayed on session 89371022bd98743e965a71cbef7a008e to remote] DEBUG org.asynchttpclient.netty.request.NettyRequestSender -- Using open Channel [id: 0x6569de87, L:/127.0.0.1:49585 - R:localhost/127.0.0.1:4444] for POST '/wd/hub/session/89371022bd98743e965a71cbef7a008e/execute/sync'
11:50:10.530 [AsyncHttpClient-1-4] DEBUG org.asynchttpclient.netty.handler.HttpHandler -- 

Request DefaultHttpRequest(decodeResult: success, version: HTTP/1.1)
POST /wd/hub/session/89371022bd98743e965a71cbef7a008e/execute/sync HTTP/1.1
User-Agent: selenium/4.1.3 (java windows)
traceparent: 00-85bbf41877a75ad403d77e59a8472fd9-9bf90af7828ea325-01
Content-Length: 48818
Content-Type: application/json; charset=utf-8
host: localhost:4444
accept: */*

Response DefaultHttpResponse(decodeResult: success, version: HTTP/1.1)
HTTP/1.1 200 OK
content-type: application/json; charset=utf-8
cache-control: no-cache
content-length: 14

11:50:10.530 [AsyncHttpClient-1-4] DEBUG org.asynchttpclient.netty.channel.ChannelManager -- Adding key: http://localhost:4444 for channel [id: 0x6569de87, L:/127.0.0.1:49585 - R:localhost/127.0.0.1:4444]
11:50:10.533 [Forwarding findElement on session 89371022bd98743e965a71cbef7a008e to remote] DEBUG org.asynchttpclient.netty.request.NettyRequestSender -- Using pooled Channel '[id: 0x6569de87, L:/127.0.0.1:49585 - R:localhost/127.0.0.1:4444]' for 'POST' to 'http://localhost:4444/wd/hub/session/89371022bd98743e965a71cbef7a008e/element'
11:50:10.534 [Forwarding findElement on session 89371022bd98743e965a71cbef7a008e to remote] DEBUG org.asynchttpclient.netty.request.NettyRequestSender -- Using open Channel [id: 0x6569de87, L:/127.0.0.1:49585 - R:localhost/127.0.0.1:4444] for POST '/wd/hub/session/89371022bd98743e965a71cbef7a008e/element'
11:50:10.578 [AsyncHttpClient-1-4] DEBUG org.asynchttpclient.netty.handler.HttpHandler -- 

Request DefaultHttpRequest(decodeResult: success, version: HTTP/1.1)
POST /wd/hub/session/89371022bd98743e965a71cbef7a008e/element HTTP/1.1
User-Agent: selenium/4.1.3 (java windows)
traceparent: 00-252e81d0fbad5cdd3f2445a67fc0fc06-7fd4e84060d0f062-01
Content-Length: 89
Content-Type: application/json; charset=utf-8
host: localhost:4444
accept: */*

Response DefaultHttpResponse(decodeResult: success, version: HTTP/1.1)
HTTP/1.1 200 OK
content-type: application/json; charset=utf-8
cache-control: no-cache
content-length: 126

11:50:10.578 [AsyncHttpClient-1-4] DEBUG org.asynchttpclient.netty.channel.ChannelManager -- Adding key: http://localhost:4444 for channel [id: 0x6569de87, L:/127.0.0.1:49585 - R:localhost/127.0.0.1:4444]
11:50:10.580 [Forwarding clickElement on session 89371022bd98743e965a71cbef7a008e to remote] DEBUG org.asynchttpclient.netty.request.NettyRequestSender -- Using pooled Channel '[id: 0x6569de87, L:/127.0.0.1:49585 - R:localhost/127.0.0.1:4444]' for 'POST' to 'http://localhost:4444/wd/hub/session/89371022bd98743e965a71cbef7a008e/element/f.01992B0882D412C6E36C8A647819C61B.d.BCC75A29868D3F6732ADC966ECF2BBE4.e.83/click'
11:50:10.580 [Forwarding clickElement on session 89371022bd98743e965a71cbef7a008e to remote] DEBUG org.asynchttpclient.netty.request.NettyRequestSender -- Using open Channel [id: 0x6569de87, L:/127.0.0.1:49585 - R:localhost/127.0.0.1:4444] for POST '/wd/hub/session/89371022bd98743e965a71cbef7a008e/element/f.01992B0882D412C6E36C8A647819C61B.d.BCC75A29868D3F6732ADC966ECF2BBE4.e.83/click'
11:50:10.782 [AsyncHttpClient-1-4] DEBUG org.asynchttpclient.netty.handler.HttpHandler -- 

Request DefaultHttpRequest(decodeResult: success, version: HTTP/1.1)
POST /wd/hub/session/89371022bd98743e965a71cbef7a008e/element/f.01992B0882D412C6E36C8A647819C61B.d.BCC75A29868D3F6732ADC966ECF2BBE4.e.83/click HTTP/1.1
User-Agent: selenium/4.1.3 (java windows)
traceparent: 00-99f11d03820ae0f1393284a8dc476237-84b31e8c75249f42-01
Content-Length: 88
Content-Type: application/json; charset=utf-8
host: localhost:4444
accept: */*

Response DefaultHttpResponse(decodeResult: success, version: HTTP/1.1)
HTTP/1.1 200 OK
content-type: application/json; charset=utf-8
cache-control: no-cache
content-length: 14

11:50:10.782 [AsyncHttpClient-1-4] DEBUG org.asynchttpclient.netty.channel.ChannelManager -- Adding key: http://localhost:4444 for channel [id: 0x6569de87, L:/127.0.0.1:49585 - R:localhost/127.0.0.1:4444]
]]></system-out>
    <system-err><![CDATA[Aug 27, 2024 11:50:08 AM org.openqa.selenium.remote.ProtocolHandshake createSession
INFO: Detected dialect: W3C
]]></system-err>
  </testcase>
  <testcase name="runScenario[&quot;Verify that Search bar show Properly&quot;, &quot;Optional[Verify Brikroy icon work properly_2]&quot;](11)" classname="TestRunner.TestRunner" time="31.569">
    <system-out><![CDATA[11:50:10.831 [Forwarding newSession on session null to remote] DEBUG org.asynchttpclient.netty.request.NettyRequestSender -- Using pooled Channel '[id: 0x6569de87, L:/127.0.0.1:49585 - R:localhost/127.0.0.1:4444]' for 'POST' to 'http://localhost:4444/wd/hub/session'
11:50:10.832 [Forwarding newSession on session null to remote] DEBUG org.asynchttpclient.netty.request.NettyRequestSender -- Using open Channel [id: 0x6569de87, L:/127.0.0.1:49585 - R:localhost/127.0.0.1:4444] for POST '/wd/hub/session'
11:50:13.880 [AsyncHttpClient-1-4] DEBUG org.asynchttpclient.netty.handler.HttpHandler -- 

Request DefaultHttpRequest(decodeResult: success, version: HTTP/1.1)
POST /wd/hub/session HTTP/1.1
User-Agent: selenium/4.1.3 (java windows)
traceparent: 00-8619e41883869c07dd61c9b4fac5f238-9bd63f11914e77f9-01
Content-Length: 341
Content-Type: application/json; charset=utf-8
host: localhost:4444
accept: */*

Response DefaultHttpResponse(decodeResult: success, version: HTTP/1.1)
HTTP/1.1 200 OK
Cache-Control: no-cache
Content-Type: application/json; charset=utf-8
content-length: 1351

11:50:13.881 [AsyncHttpClient-1-4] DEBUG org.asynchttpclient.netty.channel.ChannelManager -- Adding key: http://localhost:4444 for channel [id: 0x6569de87, L:/127.0.0.1:49585 - R:localhost/127.0.0.1:4444]
11:50:13.898 [Forwarding setTimeout on session bcfe8807f9e37c7836f7767dd8bb4bf0 to remote] DEBUG org.asynchttpclient.netty.request.NettyRequestSender -- Using pooled Channel '[id: 0x6569de87, L:/127.0.0.1:49585 - R:localhost/127.0.0.1:4444]' for 'POST' to 'http://localhost:4444/wd/hub/session/bcfe8807f9e37c7836f7767dd8bb4bf0/timeouts'
11:50:13.898 [Forwarding setTimeout on session bcfe8807f9e37c7836f7767dd8bb4bf0 to remote] DEBUG org.asynchttpclient.netty.request.NettyRequestSender -- Using open Channel [id: 0x6569de87, L:/127.0.0.1:49585 - R:localhost/127.0.0.1:4444] for POST '/wd/hub/session/bcfe8807f9e37c7836f7767dd8bb4bf0/timeouts'
11:50:14.042 [AsyncHttpClient-1-4] DEBUG org.asynchttpclient.netty.handler.HttpHandler -- 

Request DefaultHttpRequest(decodeResult: success, version: HTTP/1.1)
POST /wd/hub/session/bcfe8807f9e37c7836f7767dd8bb4bf0/timeouts HTTP/1.1
User-Agent: selenium/4.1.3 (java windows)
traceparent: 00-ce349aa4520c7557704ad79d63e70026-132e1fc4aaccb744-01
Content-Length: 22
Content-Type: application/json; charset=utf-8
host: localhost:4444
accept: */*

Response DefaultHttpResponse(decodeResult: success, version: HTTP/1.1)
HTTP/1.1 200 OK
content-type: application/json; charset=utf-8
cache-control: no-cache
content-length: 14

11:50:14.042 [AsyncHttpClient-1-4] DEBUG org.asynchttpclient.netty.channel.ChannelManager -- Adding key: http://localhost:4444 for channel [id: 0x6569de87, L:/127.0.0.1:49585 - R:localhost/127.0.0.1:4444]
11:50:14.045 [Forwarding maximizeCurrentWindow on session bcfe8807f9e37c7836f7767dd8bb4bf0 to remote] DEBUG org.asynchttpclient.netty.request.NettyRequestSender -- Using pooled Channel '[id: 0x6569de87, L:/127.0.0.1:49585 - R:localhost/127.0.0.1:4444]' for 'POST' to 'http://localhost:4444/wd/hub/session/bcfe8807f9e37c7836f7767dd8bb4bf0/window/maximize'
11:50:14.046 [Forwarding maximizeCurrentWindow on session bcfe8807f9e37c7836f7767dd8bb4bf0 to remote] DEBUG org.asynchttpclient.netty.request.NettyRequestSender -- Using open Channel [id: 0x6569de87, L:/127.0.0.1:49585 - R:localhost/127.0.0.1:4444] for POST '/wd/hub/session/bcfe8807f9e37c7836f7767dd8bb4bf0/window/maximize'
11:50:14.151 [AsyncHttpClient-1-4] DEBUG org.asynchttpclient.netty.handler.HttpHandler -- 

Request DefaultHttpRequest(decodeResult: success, version: HTTP/1.1)
POST /wd/hub/session/bcfe8807f9e37c7836f7767dd8bb4bf0/window/maximize HTTP/1.1
User-Agent: selenium/4.1.3 (java windows)
traceparent: 00-c472850e8cab1d9a0185d42911723840-2b053abd3977daac-01
Content-Length: 3
Content-Type: application/json; charset=utf-8
host: localhost:4444
accept: */*

Response DefaultHttpResponse(decodeResult: success, version: HTTP/1.1)
HTTP/1.1 200 OK
content-type: application/json; charset=utf-8
cache-control: no-cache
content-length: 50

11:50:14.151 [AsyncHttpClient-1-4] DEBUG org.asynchttpclient.netty.channel.ChannelManager -- Adding key: http://localhost:4444 for channel [id: 0x6569de87, L:/127.0.0.1:49585 - R:localhost/127.0.0.1:4444]
11:50:14.155 [Forwarding get on session bcfe8807f9e37c7836f7767dd8bb4bf0 to remote] DEBUG org.asynchttpclient.netty.request.NettyRequestSender -- Using pooled Channel '[id: 0x6569de87, L:/127.0.0.1:49585 - R:localhost/127.0.0.1:4444]' for 'POST' to 'http://localhost:4444/wd/hub/session/bcfe8807f9e37c7836f7767dd8bb4bf0/url'
11:50:14.155 [Forwarding get on session bcfe8807f9e37c7836f7767dd8bb4bf0 to remote] DEBUG org.asynchttpclient.netty.request.NettyRequestSender -- Using open Channel [id: 0x6569de87, L:/127.0.0.1:49585 - R:localhost/127.0.0.1:4444] for POST '/wd/hub/session/bcfe8807f9e37c7836f7767dd8bb4bf0/url'
11:50:19.019 [AsyncHttpClient-1-4] DEBUG org.asynchttpclient.netty.handler.HttpHandler -- 

Request DefaultHttpRequest(decodeResult: success, version: HTTP/1.1)
POST /wd/hub/session/bcfe8807f9e37c7836f7767dd8bb4bf0/url HTTP/1.1
User-Agent: selenium/4.1.3 (java windows)
traceparent: 00-ed026a0fda0a212cd7617cb1608a108c-cf328f2f9828b810-01
Content-Length: 57
Content-Type: application/json; charset=utf-8
host: localhost:4444
accept: */*

Response DefaultHttpResponse(decodeResult: success, version: HTTP/1.1)
HTTP/1.1 200 OK
content-type: application/json; charset=utf-8
cache-control: no-cache
content-length: 14

11:50:19.022 [AsyncHttpClient-1-4] DEBUG org.asynchttpclient.netty.channel.ChannelManager -- Adding key: http://localhost:4444 for channel [id: 0x6569de87, L:/127.0.0.1:49585 - R:localhost/127.0.0.1:4444]
11:50:19.026 [Forwarding getCurrentUrl on session bcfe8807f9e37c7836f7767dd8bb4bf0 to remote] DEBUG org.asynchttpclient.netty.request.NettyRequestSender -- Using pooled Channel '[id: 0x6569de87, L:/127.0.0.1:49585 - R:localhost/127.0.0.1:4444]' for 'GET' to 'http://localhost:4444/wd/hub/session/bcfe8807f9e37c7836f7767dd8bb4bf0/url'
11:50:19.027 [Forwarding getCurrentUrl on session bcfe8807f9e37c7836f7767dd8bb4bf0 to remote] DEBUG org.asynchttpclient.netty.request.NettyRequestSender -- Using open Channel [id: 0x6569de87, L:/127.0.0.1:49585 - R:localhost/127.0.0.1:4444] for GET '/wd/hub/session/bcfe8807f9e37c7836f7767dd8bb4bf0/url'
11:50:27.094 [AsyncHttpClient-1-2] DEBUG org.asynchttpclient.netty.handler.HttpHandler -- 

Request DefaultHttpRequest(decodeResult: success, version: HTTP/1.1)
POST /wd/hub/session/6f0059f59163dc398dc46ee96ef78996/url HTTP/1.1
User-Agent: selenium/4.1.3 (java windows)
traceparent: 00-5b61e98742ea81c04f7063dbfab64626-fb6d781e30015b41-01
Content-Length: 57
Content-Type: application/json; charset=utf-8
host: localhost:4444
accept: */*

Response DefaultHttpResponse(decodeResult: success, version: HTTP/1.1)
HTTP/1.1 200 OK
content-type: application/json; charset=utf-8
cache-control: no-cache
content-length: 14

11:50:27.095 [AsyncHttpClient-1-2] DEBUG org.asynchttpclient.netty.channel.ChannelManager -- Adding key: http://localhost:4444 for channel [id: 0x96cd561f, L:/127.0.0.1:49586 - R:localhost/127.0.0.1:4444]
11:50:27.098 [Forwarding getCurrentUrl on session 6f0059f59163dc398dc46ee96ef78996 to remote] DEBUG org.asynchttpclient.netty.request.NettyRequestSender -- Using pooled Channel '[id: 0x96cd561f, L:/127.0.0.1:49586 - R:localhost/127.0.0.1:4444]' for 'GET' to 'http://localhost:4444/wd/hub/session/6f0059f59163dc398dc46ee96ef78996/url'
11:50:27.098 [Forwarding getCurrentUrl on session 6f0059f59163dc398dc46ee96ef78996 to remote] DEBUG org.asynchttpclient.netty.request.NettyRequestSender -- Using open Channel [id: 0x96cd561f, L:/127.0.0.1:49586 - R:localhost/127.0.0.1:4444] for GET '/wd/hub/session/6f0059f59163dc398dc46ee96ef78996/url'
11:50:27.566 [AsyncHttpClient-1-2] DEBUG org.asynchttpclient.netty.handler.HttpHandler -- 

Request DefaultFullHttpRequest(decodeResult: success, version: HTTP/1.1, content: EmptyByteBufBE)
GET /wd/hub/session/6f0059f59163dc398dc46ee96ef78996/url HTTP/1.1
User-Agent: selenium/4.1.3 (java windows)
Cache-Control: no-cache
traceparent: 00-878949b8207be18df5be70fd2c084d87-7d0669e5d867bc35-01
Content-Type: application/json; charset=utf-8
host: localhost:4444
accept: */*

Response DefaultHttpResponse(decodeResult: success, version: HTTP/1.1)
HTTP/1.1 200 OK
content-type: application/json; charset=utf-8
cache-control: no-cache
content-length: 34

11:50:27.567 [AsyncHttpClient-1-2] DEBUG org.asynchttpclient.netty.channel.ChannelManager -- Adding key: http://localhost:4444 for channel [id: 0x96cd561f, L:/127.0.0.1:49586 - R:localhost/127.0.0.1:4444]
11:50:27.597 [AsyncHttpClient-1-1] DEBUG org.asynchttpclient.netty.channel.DefaultChannelPool -- Entry count for : http://localhost:4444 : 1
11:50:28.764 [AsyncHttpClient-1-1] DEBUG org.asynchttpclient.netty.channel.DefaultChannelPool -- Entry count for : http://localhost:4444 : 1
11:50:29.586 [Forwarding findElement on session 6f0059f59163dc398dc46ee96ef78996 to remote] DEBUG org.asynchttpclient.netty.request.NettyRequestSender -- Using pooled Channel '[id: 0x96cd561f, L:/127.0.0.1:49586 - R:localhost/127.0.0.1:4444]' for 'POST' to 'http://localhost:4444/wd/hub/session/6f0059f59163dc398dc46ee96ef78996/element'
11:50:29.586 [Forwarding findElement on session 6f0059f59163dc398dc46ee96ef78996 to remote] DEBUG org.asynchttpclient.netty.request.NettyRequestSender -- Using open Channel [id: 0x96cd561f, L:/127.0.0.1:49586 - R:localhost/127.0.0.1:4444] for POST '/wd/hub/session/6f0059f59163dc398dc46ee96ef78996/element'
11:50:39.305 [AsyncHttpClient-1-2] DEBUG org.asynchttpclient.netty.handler.HttpHandler -- 

Request DefaultHttpRequest(decodeResult: success, version: HTTP/1.1)
POST /wd/hub/session/6f0059f59163dc398dc46ee96ef78996/element HTTP/1.1
User-Agent: selenium/4.1.3 (java windows)
traceparent: 00-e32af0f3a74fc92c43ae38e0307a42cf-2afc88a0537c7d42-01
Content-Length: 70
Content-Type: application/json; charset=utf-8
host: localhost:4444
accept: */*

Response DefaultHttpResponse(decodeResult: success, version: HTTP/1.1)
HTTP/1.1 200 OK
content-type: application/json; charset=utf-8
cache-control: no-cache
content-length: 126

11:50:39.306 [AsyncHttpClient-1-2] DEBUG org.asynchttpclient.netty.channel.ChannelManager -- Adding key: http://localhost:4444 for channel [id: 0x96cd561f, L:/127.0.0.1:49586 - R:localhost/127.0.0.1:4444]
11:50:39.322 [Forwarding isElementDisplayed on session 6f0059f59163dc398dc46ee96ef78996 to remote] DEBUG org.asynchttpclient.netty.request.NettyRequestSender -- Using pooled Channel '[id: 0x96cd561f, L:/127.0.0.1:49586 - R:localhost/127.0.0.1:4444]' for 'POST' to 'http://localhost:4444/wd/hub/session/6f0059f59163dc398dc46ee96ef78996/execute/sync'
11:50:39.323 [Forwarding isElementDisplayed on session 6f0059f59163dc398dc46ee96ef78996 to remote] DEBUG org.asynchttpclient.netty.request.NettyRequestSender -- Using open Channel [id: 0x96cd561f, L:/127.0.0.1:49586 - R:localhost/127.0.0.1:4444] for POST '/wd/hub/session/6f0059f59163dc398dc46ee96ef78996/execute/sync'
11:50:39.459 [AsyncHttpClient-1-2] DEBUG org.asynchttpclient.netty.handler.HttpHandler -- 

Request DefaultHttpRequest(decodeResult: success, version: HTTP/1.1)
POST /wd/hub/session/6f0059f59163dc398dc46ee96ef78996/execute/sync HTTP/1.1
User-Agent: selenium/4.1.3 (java windows)
traceparent: 00-1779d7f62c74f13518040a49090a9ecb-8525e3ad5a7bfcfa-01
Content-Length: 48818
Content-Type: application/json; charset=utf-8
host: localhost:4444
accept: */*

Response DefaultHttpResponse(decodeResult: success, version: HTTP/1.1)
HTTP/1.1 200 OK
content-type: application/json; charset=utf-8
cache-control: no-cache
content-length: 14

11:50:39.461 [AsyncHttpClient-1-2] DEBUG org.asynchttpclient.netty.channel.ChannelManager -- Adding key: http://localhost:4444 for channel [id: 0x96cd561f, L:/127.0.0.1:49586 - R:localhost/127.0.0.1:4444]
11:50:39.474 [Forwarding findElement on session 6f0059f59163dc398dc46ee96ef78996 to remote] DEBUG org.asynchttpclient.netty.request.NettyRequestSender -- Using pooled Channel '[id: 0x96cd561f, L:/127.0.0.1:49586 - R:localhost/127.0.0.1:4444]' for 'POST' to 'http://localhost:4444/wd/hub/session/6f0059f59163dc398dc46ee96ef78996/element'
11:50:39.474 [Forwarding findElement on session 6f0059f59163dc398dc46ee96ef78996 to remote] DEBUG org.asynchttpclient.netty.request.NettyRequestSender -- Using open Channel [id: 0x96cd561f, L:/127.0.0.1:49586 - R:localhost/127.0.0.1:4444] for POST '/wd/hub/session/6f0059f59163dc398dc46ee96ef78996/element'
11:50:39.635 [AsyncHttpClient-1-2] DEBUG org.asynchttpclient.netty.handler.HttpHandler -- 

Request DefaultHttpRequest(decodeResult: success, version: HTTP/1.1)
POST /wd/hub/session/6f0059f59163dc398dc46ee96ef78996/element HTTP/1.1
User-Agent: selenium/4.1.3 (java windows)
traceparent: 00-ef53925c1dcff73a9958f1fa22d24de2-23e3d70f2941e507-01
Content-Length: 70
Content-Type: application/json; charset=utf-8
host: localhost:4444
accept: */*

Response DefaultHttpResponse(decodeResult: success, version: HTTP/1.1)
HTTP/1.1 200 OK
content-type: application/json; charset=utf-8
cache-control: no-cache
content-length: 126

11:50:39.640 [AsyncHttpClient-1-2] DEBUG org.asynchttpclient.netty.channel.ChannelManager -- Adding key: http://localhost:4444 for channel [id: 0x96cd561f, L:/127.0.0.1:49586 - R:localhost/127.0.0.1:4444]
11:50:39.654 [Forwarding clickElement on session 6f0059f59163dc398dc46ee96ef78996 to remote] DEBUG org.asynchttpclient.netty.request.NettyRequestSender -- Using pooled Channel '[id: 0x96cd561f, L:/127.0.0.1:49586 - R:localhost/127.0.0.1:4444]' for 'POST' to 'http://localhost:4444/wd/hub/session/6f0059f59163dc398dc46ee96ef78996/element/f.92507AAB314A6F7AC4B9953A36AE7C20.d.132D456846F11F307CD0D3457B888ECB.e.57/click'
11:50:39.654 [Forwarding clickElement on session 6f0059f59163dc398dc46ee96ef78996 to remote] DEBUG org.asynchttpclient.netty.request.NettyRequestSender -- Using open Channel [id: 0x96cd561f, L:/127.0.0.1:49586 - R:localhost/127.0.0.1:4444] for POST '/wd/hub/session/6f0059f59163dc398dc46ee96ef78996/element/f.92507AAB314A6F7AC4B9953A36AE7C20.d.132D456846F11F307CD0D3457B888ECB.e.57/click'
11:50:40.195 [AsyncHttpClient-1-2] DEBUG org.asynchttpclient.netty.handler.HttpHandler -- 

Request DefaultHttpRequest(decodeResult: success, version: HTTP/1.1)
POST /wd/hub/session/6f0059f59163dc398dc46ee96ef78996/element/f.92507AAB314A6F7AC4B9953A36AE7C20.d.132D456846F11F307CD0D3457B888ECB.e.57/click HTTP/1.1
User-Agent: selenium/4.1.3 (java windows)
traceparent: 00-23c9b808575a67f197c7a79b728d0efb-b9b161fb1f018a44-01
Content-Length: 88
Content-Type: application/json; charset=utf-8
host: localhost:4444
accept: */*

Response DefaultHttpResponse(decodeResult: success, version: HTTP/1.1)
HTTP/1.1 200 OK
content-type: application/json; charset=utf-8
cache-control: no-cache
content-length: 14

11:50:40.196 [AsyncHttpClient-1-2] DEBUG org.asynchttpclient.netty.channel.ChannelManager -- Adding key: http://localhost:4444 for channel [id: 0x96cd561f, L:/127.0.0.1:49586 - R:localhost/127.0.0.1:4444]
]]></system-out>
    <system-err><![CDATA[Aug 27, 2024 11:50:13 AM org.openqa.selenium.remote.ProtocolHandshake createSession
INFO: Detected dialect: W3C
]]></system-err>
  </testcase>
  <testcase name="runScenario[&quot;Verify that Language button show Properly&quot;, &quot;Optional[Verify Brikroy icon work properly_2]&quot;](12)" classname="TestRunner.TestRunner" time="87.56">
    <system-out><![CDATA[11:50:40.352 [Forwarding newSession on session null to remote] DEBUG org.asynchttpclient.netty.request.NettyRequestSender -- Using pooled Channel '[id: 0x96cd561f, L:/127.0.0.1:49586 - R:localhost/127.0.0.1:4444]' for 'POST' to 'http://localhost:4444/wd/hub/session'
11:50:40.353 [Forwarding newSession on session null to remote] DEBUG org.asynchttpclient.netty.request.NettyRequestSender -- Using open Channel [id: 0x96cd561f, L:/127.0.0.1:49586 - R:localhost/127.0.0.1:4444] for POST '/wd/hub/session'
11:50:43.333 [AsyncHttpClient-1-4] DEBUG org.asynchttpclient.netty.handler.HttpHandler -- 

Request DefaultFullHttpRequest(decodeResult: success, version: HTTP/1.1, content: EmptyByteBufBE)
GET /wd/hub/session/bcfe8807f9e37c7836f7767dd8bb4bf0/url HTTP/1.1
User-Agent: selenium/4.1.3 (java windows)
Cache-Control: no-cache
traceparent: 00-3774f30b957e441b0a0981d3615f564d-b91f727fb18705ce-01
Content-Type: application/json; charset=utf-8
host: localhost:4444
accept: */*

Response DefaultHttpResponse(decodeResult: success, version: HTTP/1.1)
HTTP/1.1 200 OK
content-type: application/json; charset=utf-8
cache-control: no-cache
content-length: 34

11:50:43.334 [AsyncHttpClient-1-4] DEBUG org.asynchttpclient.netty.channel.ChannelManager -- Adding key: http://localhost:4444 for channel [id: 0x6569de87, L:/127.0.0.1:49585 - R:localhost/127.0.0.1:4444]
11:50:43.359 [AsyncHttpClient-1-1] DEBUG org.asynchttpclient.netty.channel.DefaultChannelPool -- Entry count for : http://localhost:4444 : 1
11:50:44.485 [AsyncHttpClient-1-1] DEBUG org.asynchttpclient.netty.channel.DefaultChannelPool -- Entry count for : http://localhost:4444 : 1
11:50:45.364 [Forwarding findElement on session bcfe8807f9e37c7836f7767dd8bb4bf0 to remote] DEBUG org.asynchttpclient.netty.request.NettyRequestSender -- Using pooled Channel '[id: 0x6569de87, L:/127.0.0.1:49585 - R:localhost/127.0.0.1:4444]' for 'POST' to 'http://localhost:4444/wd/hub/session/bcfe8807f9e37c7836f7767dd8bb4bf0/element'
11:50:45.364 [Forwarding findElement on session bcfe8807f9e37c7836f7767dd8bb4bf0 to remote] DEBUG org.asynchttpclient.netty.request.NettyRequestSender -- Using open Channel [id: 0x6569de87, L:/127.0.0.1:49585 - R:localhost/127.0.0.1:4444] for POST '/wd/hub/session/bcfe8807f9e37c7836f7767dd8bb4bf0/element'
11:50:50.734 [AsyncHttpClient-1-2] DEBUG org.asynchttpclient.netty.handler.HttpHandler -- 

Request DefaultHttpRequest(decodeResult: success, version: HTTP/1.1)
POST /wd/hub/session HTTP/1.1
User-Agent: selenium/4.1.3 (java windows)
traceparent: 00-67679442a7cb6a07720bd8cd9b8def31-58d28fe39144a12a-01
Content-Length: 341
Content-Type: application/json; charset=utf-8
host: localhost:4444
accept: */*

Response DefaultHttpResponse(decodeResult: success, version: HTTP/1.1)
HTTP/1.1 200 OK
Cache-Control: no-cache
Content-Type: application/json; charset=utf-8
content-length: 1350

11:50:50.738 [AsyncHttpClient-1-2] DEBUG org.asynchttpclient.netty.channel.ChannelManager -- Adding key: http://localhost:4444 for channel [id: 0x96cd561f, L:/127.0.0.1:49586 - R:localhost/127.0.0.1:4444]
11:50:50.811 [Forwarding setTimeout on session 7522f5eeb1a198ce943c3adb150de040 to remote] DEBUG org.asynchttpclient.netty.request.NettyRequestSender -- Using pooled Channel '[id: 0x96cd561f, L:/127.0.0.1:49586 - R:localhost/127.0.0.1:4444]' for 'POST' to 'http://localhost:4444/wd/hub/session/7522f5eeb1a198ce943c3adb150de040/timeouts'
11:50:50.811 [Forwarding setTimeout on session 7522f5eeb1a198ce943c3adb150de040 to remote] DEBUG org.asynchttpclient.netty.request.NettyRequestSender -- Using open Channel [id: 0x96cd561f, L:/127.0.0.1:49586 - R:localhost/127.0.0.1:4444] for POST '/wd/hub/session/7522f5eeb1a198ce943c3adb150de040/timeouts'
11:50:50.849 [AsyncHttpClient-1-2] DEBUG org.asynchttpclient.netty.handler.HttpHandler -- 

Request DefaultHttpRequest(decodeResult: success, version: HTTP/1.1)
POST /wd/hub/session/7522f5eeb1a198ce943c3adb150de040/timeouts HTTP/1.1
User-Agent: selenium/4.1.3 (java windows)
traceparent: 00-fdc9a9f262df7f6b6c95fa6b89d06451-2b8e62aa311b2b67-01
Content-Length: 22
Content-Type: application/json; charset=utf-8
host: localhost:4444
accept: */*

Response DefaultHttpResponse(decodeResult: success, version: HTTP/1.1)
HTTP/1.1 200 OK
content-type: application/json; charset=utf-8
cache-control: no-cache
content-length: 14

11:50:50.852 [AsyncHttpClient-1-2] DEBUG org.asynchttpclient.netty.channel.ChannelManager -- Adding key: http://localhost:4444 for channel [id: 0x96cd561f, L:/127.0.0.1:49586 - R:localhost/127.0.0.1:4444]
11:50:50.875 [Forwarding maximizeCurrentWindow on session 7522f5eeb1a198ce943c3adb150de040 to remote] DEBUG org.asynchttpclient.netty.request.NettyRequestSender -- Using pooled Channel '[id: 0x96cd561f, L:/127.0.0.1:49586 - R:localhost/127.0.0.1:4444]' for 'POST' to 'http://localhost:4444/wd/hub/session/7522f5eeb1a198ce943c3adb150de040/window/maximize'
11:50:50.876 [Forwarding maximizeCurrentWindow on session 7522f5eeb1a198ce943c3adb150de040 to remote] DEBUG org.asynchttpclient.netty.request.NettyRequestSender -- Using open Channel [id: 0x96cd561f, L:/127.0.0.1:49586 - R:localhost/127.0.0.1:4444] for POST '/wd/hub/session/7522f5eeb1a198ce943c3adb150de040/window/maximize'
11:50:51.676 [AsyncHttpClient-1-2] DEBUG org.asynchttpclient.netty.handler.HttpHandler -- 

Request DefaultHttpRequest(decodeResult: success, version: HTTP/1.1)
POST /wd/hub/session/7522f5eeb1a198ce943c3adb150de040/window/maximize HTTP/1.1
User-Agent: selenium/4.1.3 (java windows)
traceparent: 00-8a53e4fea293424762da07ffb2129c7f-cace3f150dbee017-01
Content-Length: 3
Content-Type: application/json; charset=utf-8
host: localhost:4444
accept: */*

Response DefaultHttpResponse(decodeResult: success, version: HTTP/1.1)
HTTP/1.1 200 OK
content-type: application/json; charset=utf-8
cache-control: no-cache
content-length: 50

11:50:51.677 [AsyncHttpClient-1-2] DEBUG org.asynchttpclient.netty.channel.ChannelManager -- Adding key: http://localhost:4444 for channel [id: 0x96cd561f, L:/127.0.0.1:49586 - R:localhost/127.0.0.1:4444]
11:50:51.686 [Forwarding get on session 7522f5eeb1a198ce943c3adb150de040 to remote] DEBUG org.asynchttpclient.netty.request.NettyRequestSender -- Using pooled Channel '[id: 0x96cd561f, L:/127.0.0.1:49586 - R:localhost/127.0.0.1:4444]' for 'POST' to 'http://localhost:4444/wd/hub/session/7522f5eeb1a198ce943c3adb150de040/url'
11:50:51.687 [Forwarding get on session 7522f5eeb1a198ce943c3adb150de040 to remote] DEBUG org.asynchttpclient.netty.request.NettyRequestSender -- Using open Channel [id: 0x96cd561f, L:/127.0.0.1:49586 - R:localhost/127.0.0.1:4444] for POST '/wd/hub/session/7522f5eeb1a198ce943c3adb150de040/url'
11:51:37.401 [AsyncHttpClient-1-4] DEBUG org.asynchttpclient.netty.handler.HttpHandler -- 

Request DefaultHttpRequest(decodeResult: success, version: HTTP/1.1)
POST /wd/hub/session/bcfe8807f9e37c7836f7767dd8bb4bf0/element HTTP/1.1
User-Agent: selenium/4.1.3 (java windows)
traceparent: 00-c871481efb03118ba28b777469cabcfa-1721f74a8e4660a1-01
Content-Length: 91
Content-Type: application/json; charset=utf-8
host: localhost:4444
accept: */*

Response DefaultHttpResponse(decodeResult: success, version: HTTP/1.1)
HTTP/1.1 200 OK
content-type: application/json; charset=utf-8
cache-control: no-cache
content-length: 126

11:51:37.403 [AsyncHttpClient-1-4] DEBUG org.asynchttpclient.netty.channel.ChannelManager -- Adding key: http://localhost:4444 for channel [id: 0x6569de87, L:/127.0.0.1:49585 - R:localhost/127.0.0.1:4444]
11:51:37.436 [Forwarding isElementDisplayed on session bcfe8807f9e37c7836f7767dd8bb4bf0 to remote] DEBUG org.asynchttpclient.netty.request.NettyRequestSender -- Using pooled Channel '[id: 0x6569de87, L:/127.0.0.1:49585 - R:localhost/127.0.0.1:4444]' for 'POST' to 'http://localhost:4444/wd/hub/session/bcfe8807f9e37c7836f7767dd8bb4bf0/execute/sync'
11:51:37.436 [Forwarding isElementDisplayed on session bcfe8807f9e37c7836f7767dd8bb4bf0 to remote] DEBUG org.asynchttpclient.netty.request.NettyRequestSender -- Using open Channel [id: 0x6569de87, L:/127.0.0.1:49585 - R:localhost/127.0.0.1:4444] for POST '/wd/hub/session/bcfe8807f9e37c7836f7767dd8bb4bf0/execute/sync'
11:51:38.268 [AsyncHttpClient-1-4] DEBUG org.asynchttpclient.netty.handler.HttpHandler -- 

Request DefaultHttpRequest(decodeResult: success, version: HTTP/1.1)
POST /wd/hub/session/bcfe8807f9e37c7836f7767dd8bb4bf0/execute/sync HTTP/1.1
User-Agent: selenium/4.1.3 (java windows)
traceparent: 00-7923f83ebfdd36f2dfba9a512a192e55-751def735ebb63d1-01
Content-Length: 48818
Content-Type: application/json; charset=utf-8
host: localhost:4444
accept: */*

Response DefaultHttpResponse(decodeResult: success, version: HTTP/1.1)
HTTP/1.1 200 OK
content-type: application/json; charset=utf-8
cache-control: no-cache
content-length: 14

11:51:38.270 [AsyncHttpClient-1-4] DEBUG org.asynchttpclient.netty.channel.ChannelManager -- Adding key: http://localhost:4444 for channel [id: 0x6569de87, L:/127.0.0.1:49585 - R:localhost/127.0.0.1:4444]
11:51:38.287 [Forwarding findElement on session bcfe8807f9e37c7836f7767dd8bb4bf0 to remote] DEBUG org.asynchttpclient.netty.request.NettyRequestSender -- Using pooled Channel '[id: 0x6569de87, L:/127.0.0.1:49585 - R:localhost/127.0.0.1:4444]' for 'POST' to 'http://localhost:4444/wd/hub/session/bcfe8807f9e37c7836f7767dd8bb4bf0/element'
11:51:38.287 [Forwarding findElement on session bcfe8807f9e37c7836f7767dd8bb4bf0 to remote] DEBUG org.asynchttpclient.netty.request.NettyRequestSender -- Using open Channel [id: 0x6569de87, L:/127.0.0.1:49585 - R:localhost/127.0.0.1:4444] for POST '/wd/hub/session/bcfe8807f9e37c7836f7767dd8bb4bf0/element'
11:51:39.150 [AsyncHttpClient-1-4] DEBUG org.asynchttpclient.netty.handler.HttpHandler -- 

Request DefaultHttpRequest(decodeResult: success, version: HTTP/1.1)
POST /wd/hub/session/bcfe8807f9e37c7836f7767dd8bb4bf0/element HTTP/1.1
User-Agent: selenium/4.1.3 (java windows)
traceparent: 00-2a3b5cc74556dffbbffee6822382a2f4-37b29c0d35b74b83-01
Content-Length: 91
Content-Type: application/json; charset=utf-8
host: localhost:4444
accept: */*

Response DefaultHttpResponse(decodeResult: success, version: HTTP/1.1)
HTTP/1.1 200 OK
content-type: application/json; charset=utf-8
cache-control: no-cache
content-length: 126

11:51:39.154 [AsyncHttpClient-1-4] DEBUG org.asynchttpclient.netty.channel.ChannelManager -- Adding key: http://localhost:4444 for channel [id: 0x6569de87, L:/127.0.0.1:49585 - R:localhost/127.0.0.1:4444]
11:51:39.168 [Forwarding clickElement on session bcfe8807f9e37c7836f7767dd8bb4bf0 to remote] DEBUG org.asynchttpclient.netty.request.NettyRequestSender -- Using pooled Channel '[id: 0x6569de87, L:/127.0.0.1:49585 - R:localhost/127.0.0.1:4444]' for 'POST' to 'http://localhost:4444/wd/hub/session/bcfe8807f9e37c7836f7767dd8bb4bf0/element/f.B29425706E66543375A891C81FB0CB51.d.C58B2219DD827C5094CC30455E9DAF4E.e.83/click'
11:51:39.170 [Forwarding clickElement on session bcfe8807f9e37c7836f7767dd8bb4bf0 to remote] DEBUG org.asynchttpclient.netty.request.NettyRequestSender -- Using open Channel [id: 0x6569de87, L:/127.0.0.1:49585 - R:localhost/127.0.0.1:4444] for POST '/wd/hub/session/bcfe8807f9e37c7836f7767dd8bb4bf0/element/f.B29425706E66543375A891C81FB0CB51.d.C58B2219DD827C5094CC30455E9DAF4E.e.83/click'
11:51:48.586 [AsyncHttpClient-1-4] DEBUG org.asynchttpclient.netty.handler.HttpHandler -- 

Request DefaultHttpRequest(decodeResult: success, version: HTTP/1.1)
POST /wd/hub/session/bcfe8807f9e37c7836f7767dd8bb4bf0/element/f.B29425706E66543375A891C81FB0CB51.d.C58B2219DD827C5094CC30455E9DAF4E.e.83/click HTTP/1.1
User-Agent: selenium/4.1.3 (java windows)
traceparent: 00-bed7352d351669f830b6a827ad6492fb-5091b1f922ced56c-01
Content-Length: 88
Content-Type: application/json; charset=utf-8
host: localhost:4444
accept: */*

Response DefaultHttpResponse(decodeResult: success, version: HTTP/1.1)
HTTP/1.1 200 OK
content-type: application/json; charset=utf-8
cache-control: no-cache
content-length: 14

11:51:48.588 [AsyncHttpClient-1-4] DEBUG org.asynchttpclient.netty.channel.ChannelManager -- Adding key: http://localhost:4444 for channel [id: 0x6569de87, L:/127.0.0.1:49585 - R:localhost/127.0.0.1:4444]
]]></system-out>
    <system-err><![CDATA[Aug 27, 2024 11:50:50 AM org.openqa.selenium.remote.ProtocolHandshake createSession
INFO: Detected dialect: W3C
]]></system-err>
  </testcase>
  <testcase name="runScenario[&quot;Verify that Location button show Properly&quot;, &quot;Optional[Verify Brikroy icon work properly_2]&quot;](13)" classname="TestRunner.TestRunner" time="117.011">
    <system-out><![CDATA[11:51:49.865 [AsyncHttpClient-1-1] DEBUG org.asynchttpclient.netty.channel.DefaultChannelPool -- Entry count for : http://localhost:4444 : 1
11:51:51.053 [AsyncHttpClient-1-1] DEBUG org.asynchttpclient.netty.channel.DefaultChannelPool -- Entry count for : http://localhost:4444 : 1
11:51:52.152 [AsyncHttpClient-1-1] DEBUG org.asynchttpclient.netty.channel.DefaultChannelPool -- Entry count for : http://localhost:4444 : 1
11:51:53.435 [AsyncHttpClient-1-1] DEBUG org.asynchttpclient.netty.channel.DefaultChannelPool -- Entry count for : http://localhost:4444 : 1
11:51:54.457 [AsyncHttpClient-1-1] DEBUG org.asynchttpclient.netty.channel.DefaultChannelPool -- Entry count for : http://localhost:4444 : 1
11:51:55.648 [AsyncHttpClient-1-1] DEBUG org.asynchttpclient.netty.channel.DefaultChannelPool -- Entry count for : http://localhost:4444 : 1
11:51:56.755 [AsyncHttpClient-1-1] DEBUG org.asynchttpclient.netty.channel.DefaultChannelPool -- Entry count for : http://localhost:4444 : 1
11:51:57.883 [AsyncHttpClient-1-1] DEBUG org.asynchttpclient.netty.channel.DefaultChannelPool -- Entry count for : http://localhost:4444 : 1
11:51:59.176 [AsyncHttpClient-1-1] DEBUG org.asynchttpclient.netty.channel.DefaultChannelPool -- Entry count for : http://localhost:4444 : 1
11:52:00.252 [AsyncHttpClient-1-1] DEBUG org.asynchttpclient.netty.channel.DefaultChannelPool -- Entry count for : http://localhost:4444 : 1
11:52:01.360 [AsyncHttpClient-1-1] DEBUG org.asynchttpclient.netty.channel.DefaultChannelPool -- Entry count for : http://localhost:4444 : 1
11:52:02.452 [AsyncHttpClient-1-1] DEBUG org.asynchttpclient.netty.channel.DefaultChannelPool -- Entry count for : http://localhost:4444 : 1
11:52:03.679 [AsyncHttpClient-1-1] DEBUG org.asynchttpclient.netty.channel.DefaultChannelPool -- Entry count for : http://localhost:4444 : 1
11:52:05.105 [AsyncHttpClient-1-1] DEBUG org.asynchttpclient.netty.channel.DefaultChannelPool -- Entry count for : http://localhost:4444 : 1
11:52:06.204 [AsyncHttpClient-1-1] DEBUG org.asynchttpclient.netty.channel.DefaultChannelPool -- Entry count for : http://localhost:4444 : 1
11:52:07.304 [AsyncHttpClient-1-1] DEBUG org.asynchttpclient.netty.channel.DefaultChannelPool -- Entry count for : http://localhost:4444 : 1
11:52:08.467 [AsyncHttpClient-1-1] DEBUG org.asynchttpclient.netty.channel.DefaultChannelPool -- Entry count for : http://localhost:4444 : 1
11:52:09.556 [AsyncHttpClient-1-1] DEBUG org.asynchttpclient.netty.channel.DefaultChannelPool -- Entry count for : http://localhost:4444 : 1
11:52:10.664 [AsyncHttpClient-1-1] DEBUG org.asynchttpclient.netty.channel.DefaultChannelPool -- Entry count for : http://localhost:4444 : 1
11:52:11.751 [AsyncHttpClient-1-1] DEBUG org.asynchttpclient.netty.channel.DefaultChannelPool -- Entry count for : http://localhost:4444 : 1
11:52:13.205 [AsyncHttpClient-1-1] DEBUG org.asynchttpclient.netty.channel.DefaultChannelPool -- Entry count for : http://localhost:4444 : 1
11:52:14.253 [AsyncHttpClient-1-1] DEBUG org.asynchttpclient.netty.channel.DefaultChannelPool -- Entry count for : http://localhost:4444 : 1
11:52:15.370 [AsyncHttpClient-1-1] DEBUG org.asynchttpclient.netty.channel.DefaultChannelPool -- Entry count for : http://localhost:4444 : 1
11:52:16.464 [AsyncHttpClient-1-1] DEBUG org.asynchttpclient.netty.channel.DefaultChannelPool -- Entry count for : http://localhost:4444 : 1
11:52:17.570 [AsyncHttpClient-1-1] DEBUG org.asynchttpclient.netty.channel.DefaultChannelPool -- Entry count for : http://localhost:4444 : 1
11:52:18.663 [AsyncHttpClient-1-1] DEBUG org.asynchttpclient.netty.channel.DefaultChannelPool -- Entry count for : http://localhost:4444 : 1
11:52:19.793 [AsyncHttpClient-1-1] DEBUG org.asynchttpclient.netty.channel.DefaultChannelPool -- Entry count for : http://localhost:4444 : 1
11:52:20.851 [AsyncHttpClient-1-1] DEBUG org.asynchttpclient.netty.channel.DefaultChannelPool -- Entry count for : http://localhost:4444 : 1
11:52:21.969 [AsyncHttpClient-1-1] DEBUG org.asynchttpclient.netty.channel.DefaultChannelPool -- Entry count for : http://localhost:4444 : 1
11:52:23.110 [AsyncHttpClient-1-1] DEBUG org.asynchttpclient.netty.channel.DefaultChannelPool -- Entry count for : http://localhost:4444 : 1
11:52:24.182 [AsyncHttpClient-1-1] DEBUG org.asynchttpclient.netty.channel.DefaultChannelPool -- Entry count for : http://localhost:4444 : 1
11:52:25.252 [AsyncHttpClient-1-1] DEBUG org.asynchttpclient.netty.channel.DefaultChannelPool -- Entry count for : http://localhost:4444 : 1
11:52:25.933 [AsyncHttpClient-1-3] DEBUG org.asynchttpclient.netty.handler.HttpHandler -- 

Request DefaultHttpRequest(decodeResult: success, version: HTTP/1.1)
POST /wd/hub/session/d64f078585cd4c3bc75af45e29fe23c4/url HTTP/1.1
User-Agent: selenium/4.1.3 (java windows)
traceparent: 00-0c8af8cba037f87717ec512e589c8844-cb4bd8aa19952f9e-01
Content-Length: 57
Content-Type: application/json; charset=utf-8
host: localhost:4444
accept: */*

Response DefaultHttpResponse(decodeResult: success, version: HTTP/1.1)
HTTP/1.1 200 OK
content-type: application/json; charset=utf-8
cache-control: no-cache
content-length: 14

11:52:25.934 [AsyncHttpClient-1-3] DEBUG org.asynchttpclient.netty.channel.ChannelManager -- Adding key: http://localhost:4444 for channel [id: 0x18146819, L:/127.0.0.1:49584 - R:localhost/127.0.0.1:4444]
11:52:25.942 [Forwarding getCurrentUrl on session d64f078585cd4c3bc75af45e29fe23c4 to remote] DEBUG org.asynchttpclient.netty.request.NettyRequestSender -- Using pooled Channel '[id: 0x18146819, L:/127.0.0.1:49584 - R:localhost/127.0.0.1:4444]' for 'GET' to 'http://localhost:4444/wd/hub/session/d64f078585cd4c3bc75af45e29fe23c4/url'
11:52:25.942 [Forwarding getCurrentUrl on session d64f078585cd4c3bc75af45e29fe23c4 to remote] DEBUG org.asynchttpclient.netty.request.NettyRequestSender -- Using open Channel [id: 0x18146819, L:/127.0.0.1:49584 - R:localhost/127.0.0.1:4444] for GET '/wd/hub/session/d64f078585cd4c3bc75af45e29fe23c4/url'
11:52:26.142 [AsyncHttpClient-1-3] DEBUG org.asynchttpclient.netty.handler.HttpHandler -- 

Request DefaultFullHttpRequest(decodeResult: success, version: HTTP/1.1, content: EmptyByteBufBE)
GET /wd/hub/session/d64f078585cd4c3bc75af45e29fe23c4/url HTTP/1.1
User-Agent: selenium/4.1.3 (java windows)
Cache-Control: no-cache
traceparent: 00-1e8ca1983186047c5fc93986d28bca6c-760eda6cf5e1af93-01
Content-Type: application/json; charset=utf-8
host: localhost:4444
accept: */*

Response DefaultHttpResponse(decodeResult: success, version: HTTP/1.1)
HTTP/1.1 200 OK
content-type: application/json; charset=utf-8
cache-control: no-cache
content-length: 34

11:52:26.144 [AsyncHttpClient-1-3] DEBUG org.asynchttpclient.netty.channel.ChannelManager -- Adding key: http://localhost:4444 for channel [id: 0x18146819, L:/127.0.0.1:49584 - R:localhost/127.0.0.1:4444]
11:52:26.350 [AsyncHttpClient-1-1] DEBUG org.asynchttpclient.netty.channel.DefaultChannelPool -- Entry count for : http://localhost:4444 : 2
11:52:27.461 [AsyncHttpClient-1-1] DEBUG org.asynchttpclient.netty.channel.DefaultChannelPool -- Entry count for : http://localhost:4444 : 2
11:52:27.494 [AsyncHttpClient-1-2] DEBUG org.asynchttpclient.netty.handler.HttpHandler -- 

Request DefaultHttpRequest(decodeResult: success, version: HTTP/1.1)
POST /wd/hub/session/7522f5eeb1a198ce943c3adb150de040/url HTTP/1.1
User-Agent: selenium/4.1.3 (java windows)
traceparent: 00-7aa2b6f10a5be0b8c43144ece3eb9c7c-7804a28c6fed5e4d-01
Content-Length: 57
Content-Type: application/json; charset=utf-8
host: localhost:4444
accept: */*

Response DefaultHttpResponse(decodeResult: success, version: HTTP/1.1)
HTTP/1.1 200 OK
content-type: application/json; charset=utf-8
cache-control: no-cache
content-length: 14

11:52:27.495 [AsyncHttpClient-1-2] DEBUG org.asynchttpclient.netty.channel.ChannelManager -- Adding key: http://localhost:4444 for channel [id: 0x96cd561f, L:/127.0.0.1:49586 - R:localhost/127.0.0.1:4444]
11:52:27.501 [Forwarding getCurrentUrl on session 7522f5eeb1a198ce943c3adb150de040 to remote] DEBUG org.asynchttpclient.netty.request.NettyRequestSender -- Using pooled Channel '[id: 0x96cd561f, L:/127.0.0.1:49586 - R:localhost/127.0.0.1:4444]' for 'GET' to 'http://localhost:4444/wd/hub/session/7522f5eeb1a198ce943c3adb150de040/url'
11:52:27.502 [Forwarding getCurrentUrl on session 7522f5eeb1a198ce943c3adb150de040 to remote] DEBUG org.asynchttpclient.netty.request.NettyRequestSender -- Using open Channel [id: 0x96cd561f, L:/127.0.0.1:49586 - R:localhost/127.0.0.1:4444] for GET '/wd/hub/session/7522f5eeb1a198ce943c3adb150de040/url'
11:52:27.631 [AsyncHttpClient-1-2] DEBUG org.asynchttpclient.netty.handler.HttpHandler -- 

Request DefaultFullHttpRequest(decodeResult: success, version: HTTP/1.1, content: EmptyByteBufBE)
GET /wd/hub/session/7522f5eeb1a198ce943c3adb150de040/url HTTP/1.1
User-Agent: selenium/4.1.3 (java windows)
Cache-Control: no-cache
traceparent: 00-035949f0cc1fb6690908ddf4547330e3-c7b9e99b8e9bf283-01
Content-Type: application/json; charset=utf-8
host: localhost:4444
accept: */*

Response DefaultHttpResponse(decodeResult: success, version: HTTP/1.1)
HTTP/1.1 200 OK
content-type: application/json; charset=utf-8
cache-control: no-cache
content-length: 34

11:52:27.632 [AsyncHttpClient-1-2] DEBUG org.asynchttpclient.netty.channel.ChannelManager -- Adding key: http://localhost:4444 for channel [id: 0x96cd561f, L:/127.0.0.1:49586 - R:localhost/127.0.0.1:4444]
11:52:28.182 [Forwarding findElement on session d64f078585cd4c3bc75af45e29fe23c4 to remote] DEBUG org.asynchttpclient.netty.request.NettyRequestSender -- Using pooled Channel '[id: 0x96cd561f, L:/127.0.0.1:49586 - R:localhost/127.0.0.1:4444]' for 'POST' to 'http://localhost:4444/wd/hub/session/d64f078585cd4c3bc75af45e29fe23c4/element'
11:52:28.183 [Forwarding findElement on session d64f078585cd4c3bc75af45e29fe23c4 to remote] DEBUG org.asynchttpclient.netty.request.NettyRequestSender -- Using open Channel [id: 0x96cd561f, L:/127.0.0.1:49586 - R:localhost/127.0.0.1:4444] for POST '/wd/hub/session/d64f078585cd4c3bc75af45e29fe23c4/element'
11:52:28.319 [AsyncHttpClient-1-2] DEBUG org.asynchttpclient.netty.handler.HttpHandler -- 

Request DefaultHttpRequest(decodeResult: success, version: HTTP/1.1)
POST /wd/hub/session/d64f078585cd4c3bc75af45e29fe23c4/element HTTP/1.1
User-Agent: selenium/4.1.3 (java windows)
traceparent: 00-a919634f404302be9cd3ceba63086aa3-9d779733ca9a7915-01
Content-Length: 70
Content-Type: application/json; charset=utf-8
host: localhost:4444
accept: */*

Response DefaultHttpResponse(decodeResult: success, version: HTTP/1.1)
HTTP/1.1 200 OK
content-type: application/json; charset=utf-8
cache-control: no-cache
content-length: 126

11:52:28.320 [AsyncHttpClient-1-2] DEBUG org.asynchttpclient.netty.channel.ChannelManager -- Adding key: http://localhost:4444 for channel [id: 0x96cd561f, L:/127.0.0.1:49586 - R:localhost/127.0.0.1:4444]
11:52:28.340 [Forwarding isElementDisplayed on session d64f078585cd4c3bc75af45e29fe23c4 to remote] DEBUG org.asynchttpclient.netty.request.NettyRequestSender -- Using pooled Channel '[id: 0x96cd561f, L:/127.0.0.1:49586 - R:localhost/127.0.0.1:4444]' for 'POST' to 'http://localhost:4444/wd/hub/session/d64f078585cd4c3bc75af45e29fe23c4/execute/sync'
11:52:28.341 [Forwarding isElementDisplayed on session d64f078585cd4c3bc75af45e29fe23c4 to remote] DEBUG org.asynchttpclient.netty.request.NettyRequestSender -- Using open Channel [id: 0x96cd561f, L:/127.0.0.1:49586 - R:localhost/127.0.0.1:4444] for POST '/wd/hub/session/d64f078585cd4c3bc75af45e29fe23c4/execute/sync'
11:52:28.572 [AsyncHttpClient-1-1] DEBUG org.asynchttpclient.netty.channel.DefaultChannelPool -- Entry count for : http://localhost:4444 : 2
11:52:28.849 [AsyncHttpClient-1-2] DEBUG org.asynchttpclient.netty.handler.HttpHandler -- 

Request DefaultHttpRequest(decodeResult: success, version: HTTP/1.1)
POST /wd/hub/session/d64f078585cd4c3bc75af45e29fe23c4/execute/sync HTTP/1.1
User-Agent: selenium/4.1.3 (java windows)
traceparent: 00-19882116210e41099f88b068b074e657-0097f668c06491c2-01
Content-Length: 48818
Content-Type: application/json; charset=utf-8
host: localhost:4444
accept: */*

Response DefaultHttpResponse(decodeResult: success, version: HTTP/1.1)
HTTP/1.1 200 OK
content-type: application/json; charset=utf-8
cache-control: no-cache
content-length: 14

11:52:28.850 [AsyncHttpClient-1-2] DEBUG org.asynchttpclient.netty.channel.ChannelManager -- Adding key: http://localhost:4444 for channel [id: 0x96cd561f, L:/127.0.0.1:49586 - R:localhost/127.0.0.1:4444]
11:52:28.863 [Forwarding findElement on session d64f078585cd4c3bc75af45e29fe23c4 to remote] DEBUG org.asynchttpclient.netty.request.NettyRequestSender -- Using pooled Channel '[id: 0x96cd561f, L:/127.0.0.1:49586 - R:localhost/127.0.0.1:4444]' for 'POST' to 'http://localhost:4444/wd/hub/session/d64f078585cd4c3bc75af45e29fe23c4/element'
11:52:28.863 [Forwarding findElement on session d64f078585cd4c3bc75af45e29fe23c4 to remote] DEBUG org.asynchttpclient.netty.request.NettyRequestSender -- Using open Channel [id: 0x96cd561f, L:/127.0.0.1:49586 - R:localhost/127.0.0.1:4444] for POST '/wd/hub/session/d64f078585cd4c3bc75af45e29fe23c4/element'
11:52:29.003 [AsyncHttpClient-1-2] DEBUG org.asynchttpclient.netty.handler.HttpHandler -- 

Request DefaultHttpRequest(decodeResult: success, version: HTTP/1.1)
POST /wd/hub/session/d64f078585cd4c3bc75af45e29fe23c4/element HTTP/1.1
User-Agent: selenium/4.1.3 (java windows)
traceparent: 00-a1add87d850fc62f15260cf531dd43d1-f3d1259c341802ba-01
Content-Length: 70
Content-Type: application/json; charset=utf-8
host: localhost:4444
accept: */*

Response DefaultHttpResponse(decodeResult: success, version: HTTP/1.1)
HTTP/1.1 200 OK
content-type: application/json; charset=utf-8
cache-control: no-cache
content-length: 126

11:52:29.005 [AsyncHttpClient-1-2] DEBUG org.asynchttpclient.netty.channel.ChannelManager -- Adding key: http://localhost:4444 for channel [id: 0x96cd561f, L:/127.0.0.1:49586 - R:localhost/127.0.0.1:4444]
11:52:29.013 [Forwarding clickElement on session d64f078585cd4c3bc75af45e29fe23c4 to remote] DEBUG org.asynchttpclient.netty.request.NettyRequestSender -- Using pooled Channel '[id: 0x96cd561f, L:/127.0.0.1:49586 - R:localhost/127.0.0.1:4444]' for 'POST' to 'http://localhost:4444/wd/hub/session/d64f078585cd4c3bc75af45e29fe23c4/element/f.13C036E34C4D2E2B6250A0E56C42F8B3.d.B5D4CADC7AE5F93E898441B9DC917BDA.e.78/click'
11:52:29.013 [Forwarding clickElement on session d64f078585cd4c3bc75af45e29fe23c4 to remote] DEBUG org.asynchttpclient.netty.request.NettyRequestSender -- Using open Channel [id: 0x96cd561f, L:/127.0.0.1:49586 - R:localhost/127.0.0.1:4444] for POST '/wd/hub/session/d64f078585cd4c3bc75af45e29fe23c4/element/f.13C036E34C4D2E2B6250A0E56C42F8B3.d.B5D4CADC7AE5F93E898441B9DC917BDA.e.78/click'
11:52:29.652 [AsyncHttpClient-1-1] DEBUG org.asynchttpclient.netty.channel.DefaultChannelPool -- Entry count for : http://localhost:4444 : 2
11:52:29.675 [Forwarding findElement on session 7522f5eeb1a198ce943c3adb150de040 to remote] DEBUG org.asynchttpclient.netty.request.NettyRequestSender -- Using pooled Channel '[id: 0x18146819, L:/127.0.0.1:49584 - R:localhost/127.0.0.1:4444]' for 'POST' to 'http://localhost:4444/wd/hub/session/7522f5eeb1a198ce943c3adb150de040/element'
11:52:29.675 [Forwarding findElement on session 7522f5eeb1a198ce943c3adb150de040 to remote] DEBUG org.asynchttpclient.netty.request.NettyRequestSender -- Using open Channel [id: 0x18146819, L:/127.0.0.1:49584 - R:localhost/127.0.0.1:4444] for POST '/wd/hub/session/7522f5eeb1a198ce943c3adb150de040/element'
11:52:30.131 [AsyncHttpClient-1-2] DEBUG org.asynchttpclient.netty.handler.HttpHandler -- 

Request DefaultHttpRequest(decodeResult: success, version: HTTP/1.1)
POST /wd/hub/session/d64f078585cd4c3bc75af45e29fe23c4/element/f.13C036E34C4D2E2B6250A0E56C42F8B3.d.B5D4CADC7AE5F93E898441B9DC917BDA.e.78/click HTTP/1.1
User-Agent: selenium/4.1.3 (java windows)
traceparent: 00-4cc6966210d34c5d935b851190053f2c-dc7c48f408ae74b3-01
Content-Length: 88
Content-Type: application/json; charset=utf-8
host: localhost:4444
accept: */*

Response DefaultHttpResponse(decodeResult: success, version: HTTP/1.1)
HTTP/1.1 200 OK
content-type: application/json; charset=utf-8
cache-control: no-cache
content-length: 14

11:52:30.132 [AsyncHttpClient-1-2] DEBUG org.asynchttpclient.netty.channel.ChannelManager -- Adding key: http://localhost:4444 for channel [id: 0x96cd561f, L:/127.0.0.1:49586 - R:localhost/127.0.0.1:4444]
11:52:30.320 [AsyncHttpClient-1-3] DEBUG org.asynchttpclient.netty.handler.HttpHandler -- 

Request DefaultHttpRequest(decodeResult: success, version: HTTP/1.1)
POST /wd/hub/session/7522f5eeb1a198ce943c3adb150de040/element HTTP/1.1
User-Agent: selenium/4.1.3 (java windows)
traceparent: 00-3949b3440097aa3ee60e906974b819da-6cb4f72d0db3374b-01
Content-Length: 92
Content-Type: application/json; charset=utf-8
host: localhost:4444
accept: */*

Response DefaultHttpResponse(decodeResult: success, version: HTTP/1.1)
HTTP/1.1 200 OK
content-type: application/json; charset=utf-8
cache-control: no-cache
content-length: 126

11:52:30.321 [AsyncHttpClient-1-3] DEBUG org.asynchttpclient.netty.channel.ChannelManager -- Adding key: http://localhost:4444 for channel [id: 0x18146819, L:/127.0.0.1:49584 - R:localhost/127.0.0.1:4444]
11:52:30.343 [Forwarding isElementDisplayed on session 7522f5eeb1a198ce943c3adb150de040 to remote] DEBUG org.asynchttpclient.netty.request.NettyRequestSender -- Using pooled Channel '[id: 0x18146819, L:/127.0.0.1:49584 - R:localhost/127.0.0.1:4444]' for 'POST' to 'http://localhost:4444/wd/hub/session/7522f5eeb1a198ce943c3adb150de040/execute/sync'
11:52:30.343 [Forwarding isElementDisplayed on session 7522f5eeb1a198ce943c3adb150de040 to remote] DEBUG org.asynchttpclient.netty.request.NettyRequestSender -- Using open Channel [id: 0x18146819, L:/127.0.0.1:49584 - R:localhost/127.0.0.1:4444] for POST '/wd/hub/session/7522f5eeb1a198ce943c3adb150de040/execute/sync'
11:52:30.483 [AsyncHttpClient-1-3] DEBUG org.asynchttpclient.netty.handler.HttpHandler -- 

Request DefaultHttpRequest(decodeResult: success, version: HTTP/1.1)
POST /wd/hub/session/7522f5eeb1a198ce943c3adb150de040/execute/sync HTTP/1.1
User-Agent: selenium/4.1.3 (java windows)
traceparent: 00-fab5699709b8a7d29d53915a5aa4ea45-10e4db3cefdf9ee1-01
Content-Length: 48818
Content-Type: application/json; charset=utf-8
host: localhost:4444
accept: */*

Response DefaultHttpResponse(decodeResult: success, version: HTTP/1.1)
HTTP/1.1 200 OK
content-type: application/json; charset=utf-8
cache-control: no-cache
content-length: 14

11:52:30.484 [AsyncHttpClient-1-3] DEBUG org.asynchttpclient.netty.channel.ChannelManager -- Adding key: http://localhost:4444 for channel [id: 0x18146819, L:/127.0.0.1:49584 - R:localhost/127.0.0.1:4444]
11:52:30.493 [Forwarding findElement on session 7522f5eeb1a198ce943c3adb150de040 to remote] DEBUG org.asynchttpclient.netty.request.NettyRequestSender -- Using pooled Channel '[id: 0x18146819, L:/127.0.0.1:49584 - R:localhost/127.0.0.1:4444]' for 'POST' to 'http://localhost:4444/wd/hub/session/7522f5eeb1a198ce943c3adb150de040/element'
11:52:30.493 [Forwarding findElement on session 7522f5eeb1a198ce943c3adb150de040 to remote] DEBUG org.asynchttpclient.netty.request.NettyRequestSender -- Using open Channel [id: 0x18146819, L:/127.0.0.1:49584 - R:localhost/127.0.0.1:4444] for POST '/wd/hub/session/7522f5eeb1a198ce943c3adb150de040/element'
11:52:30.562 [AsyncHttpClient-1-3] DEBUG org.asynchttpclient.netty.handler.HttpHandler -- 

Request DefaultHttpRequest(decodeResult: success, version: HTTP/1.1)
POST /wd/hub/session/7522f5eeb1a198ce943c3adb150de040/element HTTP/1.1
User-Agent: selenium/4.1.3 (java windows)
traceparent: 00-665b5e609a082c1c0a0448b5c05452ef-bf4320e613c03dec-01
Content-Length: 92
Content-Type: application/json; charset=utf-8
host: localhost:4444
accept: */*

Response DefaultHttpResponse(decodeResult: success, version: HTTP/1.1)
HTTP/1.1 200 OK
content-type: application/json; charset=utf-8
cache-control: no-cache
content-length: 126

11:52:30.563 [AsyncHttpClient-1-3] DEBUG org.asynchttpclient.netty.channel.ChannelManager -- Adding key: http://localhost:4444 for channel [id: 0x18146819, L:/127.0.0.1:49584 - R:localhost/127.0.0.1:4444]
11:52:30.570 [Forwarding clickElement on session 7522f5eeb1a198ce943c3adb150de040 to remote] DEBUG org.asynchttpclient.netty.request.NettyRequestSender -- Using pooled Channel '[id: 0x18146819, L:/127.0.0.1:49584 - R:localhost/127.0.0.1:4444]' for 'POST' to 'http://localhost:4444/wd/hub/session/7522f5eeb1a198ce943c3adb150de040/element/f.C158814A9D547169A37D08F99B4B19CE.d.8D24FC97770AAF3413D11F4DDE66A07D.e.69/click'
11:52:30.570 [Forwarding clickElement on session 7522f5eeb1a198ce943c3adb150de040 to remote] DEBUG org.asynchttpclient.netty.request.NettyRequestSender -- Using open Channel [id: 0x18146819, L:/127.0.0.1:49584 - R:localhost/127.0.0.1:4444] for POST '/wd/hub/session/7522f5eeb1a198ce943c3adb150de040/element/f.C158814A9D547169A37D08F99B4B19CE.d.8D24FC97770AAF3413D11F4DDE66A07D.e.69/click'
11:52:30.751 [AsyncHttpClient-1-1] DEBUG org.asynchttpclient.netty.channel.DefaultChannelPool -- Entry count for : http://localhost:4444 : 2
11:52:31.149 [Forwarding findElement on session d64f078585cd4c3bc75af45e29fe23c4 to remote] DEBUG org.asynchttpclient.netty.request.NettyRequestSender -- Using pooled Channel '[id: 0x96cd561f, L:/127.0.0.1:49586 - R:localhost/127.0.0.1:4444]' for 'POST' to 'http://localhost:4444/wd/hub/session/d64f078585cd4c3bc75af45e29fe23c4/element'
11:52:31.149 [Forwarding findElement on session d64f078585cd4c3bc75af45e29fe23c4 to remote] DEBUG org.asynchttpclient.netty.request.NettyRequestSender -- Using open Channel [id: 0x96cd561f, L:/127.0.0.1:49586 - R:localhost/127.0.0.1:4444] for POST '/wd/hub/session/d64f078585cd4c3bc75af45e29fe23c4/element'
11:52:31.241 [AsyncHttpClient-1-2] DEBUG org.asynchttpclient.netty.handler.HttpHandler -- 

Request DefaultHttpRequest(decodeResult: success, version: HTTP/1.1)
POST /wd/hub/session/d64f078585cd4c3bc75af45e29fe23c4/element HTTP/1.1
User-Agent: selenium/4.1.3 (java windows)
traceparent: 00-0dc8ae4cee64c2e617753fe55495da22-30dc72d9295fd4d6-01
Content-Length: 70
Content-Type: application/json; charset=utf-8
host: localhost:4444
accept: */*

Response DefaultHttpResponse(decodeResult: success, version: HTTP/1.1)
HTTP/1.1 200 OK
content-type: application/json; charset=utf-8
cache-control: no-cache
content-length: 126

11:52:31.242 [AsyncHttpClient-1-2] DEBUG org.asynchttpclient.netty.channel.ChannelManager -- Adding key: http://localhost:4444 for channel [id: 0x96cd561f, L:/127.0.0.1:49586 - R:localhost/127.0.0.1:4444]
11:52:31.260 [Forwarding sendKeysToElement on session d64f078585cd4c3bc75af45e29fe23c4 to remote] DEBUG org.asynchttpclient.netty.request.NettyRequestSender -- Using pooled Channel '[id: 0x96cd561f, L:/127.0.0.1:49586 - R:localhost/127.0.0.1:4444]' for 'POST' to 'http://localhost:4444/wd/hub/session/d64f078585cd4c3bc75af45e29fe23c4/element/f.13C036E34C4D2E2B6250A0E56C42F8B3.d.B5D4CADC7AE5F93E898441B9DC917BDA.e.78/value'
11:52:31.260 [Forwarding sendKeysToElement on session d64f078585cd4c3bc75af45e29fe23c4 to remote] DEBUG org.asynchttpclient.netty.request.NettyRequestSender -- Using open Channel [id: 0x96cd561f, L:/127.0.0.1:49586 - R:localhost/127.0.0.1:4444] for POST '/wd/hub/session/d64f078585cd4c3bc75af45e29fe23c4/element/f.13C036E34C4D2E2B6250A0E56C42F8B3.d.B5D4CADC7AE5F93E898441B9DC917BDA.e.78/value'
11:52:31.342 [AsyncHttpClient-1-3] DEBUG org.asynchttpclient.netty.handler.HttpHandler -- 

Request DefaultHttpRequest(decodeResult: success, version: HTTP/1.1)
POST /wd/hub/session/7522f5eeb1a198ce943c3adb150de040/element/f.C158814A9D547169A37D08F99B4B19CE.d.8D24FC97770AAF3413D11F4DDE66A07D.e.69/click HTTP/1.1
User-Agent: selenium/4.1.3 (java windows)
traceparent: 00-b76bf75d96b23133234a45267cc6c806-0c7048e2c15c8195-01
Content-Length: 88
Content-Type: application/json; charset=utf-8
host: localhost:4444
accept: */*

Response DefaultHttpResponse(decodeResult: success, version: HTTP/1.1)
HTTP/1.1 200 OK
content-type: application/json; charset=utf-8
cache-control: no-cache
content-length: 14

11:52:31.344 [AsyncHttpClient-1-3] DEBUG org.asynchttpclient.netty.channel.ChannelManager -- Adding key: http://localhost:4444 for channel [id: 0x18146819, L:/127.0.0.1:49584 - R:localhost/127.0.0.1:4444]
]]></system-out>
  </testcase>
  <testcase name="runScenario[&quot;Verify that Search option work Properly&quot;, &quot;Optional[Verify Brikroy icon work properly_2]&quot;](14)" classname="TestRunner.TestRunner" time="119.533">
    <system-out><![CDATA[11:52:31.863 [AsyncHttpClient-1-1] DEBUG org.asynchttpclient.netty.channel.DefaultChannelPool -- Entry count for : http://localhost:4444 : 2
11:52:31.990 [AsyncHttpClient-1-2] DEBUG org.asynchttpclient.netty.handler.HttpHandler -- 

Request DefaultHttpRequest(decodeResult: success, version: HTTP/1.1)
POST /wd/hub/session/d64f078585cd4c3bc75af45e29fe23c4/element/f.13C036E34C4D2E2B6250A0E56C42F8B3.d.B5D4CADC7AE5F93E898441B9DC917BDA.e.78/value HTTP/1.1
User-Agent: selenium/4.1.3 (java windows)
traceparent: 00-bdd31841e6b034694f5d941947001b4c-0ce216760db48a7f-01
Content-Length: 179
Content-Type: application/json; charset=utf-8
host: localhost:4444
accept: */*

Response DefaultHttpResponse(decodeResult: success, version: HTTP/1.1)
HTTP/1.1 200 OK
content-type: application/json; charset=utf-8
cache-control: no-cache
content-length: 14

11:52:31.991 [AsyncHttpClient-1-2] DEBUG org.asynchttpclient.netty.channel.ChannelManager -- Adding key: http://localhost:4444 for channel [id: 0x96cd561f, L:/127.0.0.1:49586 - R:localhost/127.0.0.1:4444]
11:52:32.996 [AsyncHttpClient-1-1] DEBUG org.asynchttpclient.netty.channel.DefaultChannelPool -- Entry count for : http://localhost:4444 : 3
11:52:33.070 [Forwarding findElement on session d64f078585cd4c3bc75af45e29fe23c4 to remote] DEBUG org.asynchttpclient.netty.request.NettyRequestSender -- Using pooled Channel '[id: 0x96cd561f, L:/127.0.0.1:49586 - R:localhost/127.0.0.1:4444]' for 'POST' to 'http://localhost:4444/wd/hub/session/d64f078585cd4c3bc75af45e29fe23c4/element'
11:52:33.071 [Forwarding findElement on session d64f078585cd4c3bc75af45e29fe23c4 to remote] DEBUG org.asynchttpclient.netty.request.NettyRequestSender -- Using open Channel [id: 0x96cd561f, L:/127.0.0.1:49586 - R:localhost/127.0.0.1:4444] for POST '/wd/hub/session/d64f078585cd4c3bc75af45e29fe23c4/element'
11:52:33.243 [AsyncHttpClient-1-2] DEBUG org.asynchttpclient.netty.handler.HttpHandler -- 

Request DefaultHttpRequest(decodeResult: success, version: HTTP/1.1)
POST /wd/hub/session/d64f078585cd4c3bc75af45e29fe23c4/element HTTP/1.1
User-Agent: selenium/4.1.3 (java windows)
traceparent: 00-6b6cac2715af31185ce33b800a2c2a10-a796086fd7e944ae-01
Content-Length: 71
Content-Type: application/json; charset=utf-8
host: localhost:4444
accept: */*

Response DefaultHttpResponse(decodeResult: success, version: HTTP/1.1)
HTTP/1.1 200 OK
content-type: application/json; charset=utf-8
cache-control: no-cache
content-length: 126

11:52:33.244 [AsyncHttpClient-1-2] DEBUG org.asynchttpclient.netty.channel.ChannelManager -- Adding key: http://localhost:4444 for channel [id: 0x96cd561f, L:/127.0.0.1:49586 - R:localhost/127.0.0.1:4444]
11:52:33.251 [Forwarding clickElement on session d64f078585cd4c3bc75af45e29fe23c4 to remote] DEBUG org.asynchttpclient.netty.request.NettyRequestSender -- Using pooled Channel '[id: 0x96cd561f, L:/127.0.0.1:49586 - R:localhost/127.0.0.1:4444]' for 'POST' to 'http://localhost:4444/wd/hub/session/d64f078585cd4c3bc75af45e29fe23c4/element/f.13C036E34C4D2E2B6250A0E56C42F8B3.d.B5D4CADC7AE5F93E898441B9DC917BDA.e.85/click'
11:52:33.251 [Forwarding clickElement on session d64f078585cd4c3bc75af45e29fe23c4 to remote] DEBUG org.asynchttpclient.netty.request.NettyRequestSender -- Using open Channel [id: 0x96cd561f, L:/127.0.0.1:49586 - R:localhost/127.0.0.1:4444] for POST '/wd/hub/session/d64f078585cd4c3bc75af45e29fe23c4/element/f.13C036E34C4D2E2B6250A0E56C42F8B3.d.B5D4CADC7AE5F93E898441B9DC917BDA.e.85/click'
11:52:34.084 [AsyncHttpClient-1-1] DEBUG org.asynchttpclient.netty.channel.DefaultChannelPool -- Entry count for : http://localhost:4444 : 2
11:52:35.224 [AsyncHttpClient-1-1] DEBUG org.asynchttpclient.netty.channel.DefaultChannelPool -- Entry count for : http://localhost:4444 : 2
11:52:36.252 [AsyncHttpClient-1-1] DEBUG org.asynchttpclient.netty.channel.DefaultChannelPool -- Entry count for : http://localhost:4444 : 2
11:52:37.360 [AsyncHttpClient-1-1] DEBUG org.asynchttpclient.netty.channel.DefaultChannelPool -- Entry count for : http://localhost:4444 : 2
11:52:38.450 [AsyncHttpClient-1-1] DEBUG org.asynchttpclient.netty.channel.DefaultChannelPool -- Entry count for : http://localhost:4444 : 2
11:52:39.584 [AsyncHttpClient-1-1] DEBUG org.asynchttpclient.netty.channel.DefaultChannelPool -- Entry count for : http://localhost:4444 : 2
11:52:40.669 [AsyncHttpClient-1-1] DEBUG org.asynchttpclient.netty.channel.DefaultChannelPool -- Entry count for : http://localhost:4444 : 2
11:52:41.752 [AsyncHttpClient-1-1] DEBUG org.asynchttpclient.netty.channel.DefaultChannelPool -- Entry count for : http://localhost:4444 : 2
11:52:41.870 [AsyncHttpClient-1-2] DEBUG org.asynchttpclient.netty.handler.HttpHandler -- 

Request DefaultHttpRequest(decodeResult: success, version: HTTP/1.1)
POST /wd/hub/session/d64f078585cd4c3bc75af45e29fe23c4/element/f.13C036E34C4D2E2B6250A0E56C42F8B3.d.B5D4CADC7AE5F93E898441B9DC917BDA.e.85/click HTTP/1.1
User-Agent: selenium/4.1.3 (java windows)
traceparent: 00-42753c652f8a70c8416b9dc69ffc3b0e-7f5a89a7965e204f-01
Content-Length: 88
Content-Type: application/json; charset=utf-8
host: localhost:4444
accept: */*

Response DefaultHttpResponse(decodeResult: success, version: HTTP/1.1)
HTTP/1.1 200 OK
content-type: application/json; charset=utf-8
cache-control: no-cache
content-length: 14

11:52:41.873 [AsyncHttpClient-1-2] DEBUG org.asynchttpclient.netty.channel.ChannelManager -- Adding key: http://localhost:4444 for channel [id: 0x96cd561f, L:/127.0.0.1:49586 - R:localhost/127.0.0.1:4444]
]]></system-out>
  </testcase>
</testsuite>